2021-08-17 12:29:37 INFO     Welcome To Intelligent Library Managment System
2021-08-17 12:29:37 INFO     autosuggestion_all file calling here
2021-08-17 12:29:37 WARNING  check db connection
2021-08-17 12:29:37 WARNING  chck db available
2021-08-17 12:29:37 WARNING  check table available
2021-08-17 12:29:37 WARNING  check server is on
2021-08-17 12:29:37 WARNING  if error occured then remove try catch block
2021-08-17 12:29:37 DEBUG    drdo database establishing in autosuggestion_all file
2021-08-17 12:29:37 DEBUG    testing database connection establishing..in autosuggestion_all FILE
2021-08-17 12:29:37 DEBUG    new_auth_plugin: mysql_native_password
2021-08-17 12:29:37 INFO     getcols table in testing db is connnected successfully in autosuggestion_all file
2021-08-17 15:41:18 INFO     Welcome To Intelligent Library Managment System
2021-08-17 15:41:18 INFO     autosuggestion_all file calling here
2021-08-17 15:41:18 WARNING  check db connection
2021-08-17 15:41:18 WARNING  chck db available
2021-08-17 15:41:18 WARNING  check table available
2021-08-17 15:41:18 WARNING  check server is on
2021-08-17 15:41:18 WARNING  if error occured then remove try catch block
2021-08-17 15:41:18 DEBUG    drdo database establishing in autosuggestion_all file
2021-08-17 15:41:18 DEBUG    testing database connection establishing..in autosuggestion_all FILE
2021-08-17 15:41:18 DEBUG    new_auth_plugin: mysql_native_password
2021-08-17 15:41:18 INFO     getcols table in testing db is connnected successfully in autosuggestion_all file
2021-08-18 03:01:15 INFO     Welcome To Intelligent Library Managment System
2021-08-18 03:01:15 INFO     autosuggestion_all file calling here
2021-08-18 03:01:15 WARNING  check db connection
2021-08-18 03:01:15 WARNING  chck db available
2021-08-18 03:01:15 WARNING  check table available
2021-08-18 03:01:15 WARNING  check server is on
2021-08-18 03:01:15 WARNING  if error occured then remove try catch block
2021-08-18 03:01:15 DEBUG    drdo database establishing in autosuggestion_all file
2021-08-18 03:01:15 DEBUG    testing database connection establishing..in autosuggestion_all FILE
2021-08-18 03:01:15 DEBUG    new_auth_plugin: mysql_native_password
2021-08-18 03:01:15 INFO     getcols table in testing db is connnected successfully in autosuggestion_all file
2021-08-19 03:01:16 INFO     Welcome To Intelligent Library Managment System
2021-08-19 03:01:16 INFO     autosuggestion_all file calling here
2021-08-19 03:01:16 WARNING  check db connection
2021-08-19 03:01:16 WARNING  chck db available
2021-08-19 03:01:16 WARNING  check table available
2021-08-19 03:01:16 WARNING  check server is on
2021-08-19 03:01:16 WARNING  if error occured then remove try catch block
2021-08-19 03:01:16 DEBUG    drdo database establishing in autosuggestion_all file
2021-08-19 03:01:16 DEBUG    testing database connection establishing..in autosuggestion_all FILE
2021-08-19 03:01:16 DEBUG    new_auth_plugin: mysql_native_password
2021-08-19 03:01:16 INFO     getcols table in testing db is connnected successfully in autosuggestion_all file
2021-08-20 03:01:16 INFO     Welcome To Intelligent Library Managment System
2021-08-20 03:01:16 INFO     autosuggestion_all file calling here
2021-08-20 03:01:16 WARNING  check db connection
2021-08-20 03:01:16 WARNING  chck db available
2021-08-20 03:01:16 WARNING  check table available
2021-08-20 03:01:16 WARNING  check server is on
2021-08-20 03:01:16 WARNING  if error occured then remove try catch block
2021-08-20 03:01:16 DEBUG    drdo database establishing in autosuggestion_all file
2021-08-20 03:01:16 DEBUG    testing database connection establishing..in autosuggestion_all FILE
2021-08-20 03:01:16 DEBUG    new_auth_plugin: mysql_native_password
2021-08-20 03:01:16 INFO     getcols table in testing db is connnected successfully in autosuggestion_all file
2021-08-27 16:36:12 INFO     Welcome To Intelligent Library Managment System
2021-08-27 16:36:12 INFO     autosuggestion_all file calling here
2021-08-27 16:36:12 WARNING  check db connection
2021-08-27 16:36:12 WARNING  chck db available
2021-08-27 16:36:12 WARNING  check table available
2021-08-27 16:36:12 WARNING  check server is on
2021-08-27 16:36:12 WARNING  if error occured then remove try catch block
2021-08-27 16:36:12 DEBUG    drdo database establishing in autosuggestion_all file
2021-08-27 16:36:12 DEBUG    testing database connection establishing..in autosuggestion_all FILE
2021-08-27 16:36:12 DEBUG    new_auth_plugin: mysql_native_password
2021-08-27 16:36:12 INFO     getcols table in testing db is connnected successfully in autosuggestion_all file
2021-08-31 09:04:27 INFO     Welcome To Intelligent Library Managment System
2021-08-31 09:04:27 INFO     autosuggestion_all file calling here
2021-08-31 09:04:27 WARNING  check db connection
2021-08-31 09:04:27 WARNING  chck db available
2021-08-31 09:04:27 WARNING  check table available
2021-08-31 09:04:27 WARNING  check server is on
2021-08-31 09:04:27 WARNING  if error occured then remove try catch block
2021-08-31 09:04:27 DEBUG    drdo database establishing in autosuggestion_all file
2021-08-31 09:04:27 DEBUG    testing database connection establishing..in autosuggestion_all FILE
2021-08-31 09:37:48 INFO     getcols table in testing db is not connnected successfully in autosuggestion_all file
2021-08-31 12:00:47 INFO     Welcome To Intelligent Library Managment System
2021-08-31 12:00:47 INFO     autosuggestion_all file calling here
2021-08-31 12:00:47 WARNING  check db connection
2021-08-31 12:00:47 WARNING  chck db available
2021-08-31 12:00:47 WARNING  check table available
2021-08-31 12:00:47 WARNING  check server is on
2021-08-31 12:00:47 WARNING  if error occured then remove try catch block
2021-08-31 12:00:47 DEBUG    drdo database establishing in autosuggestion_all file
2021-08-31 12:00:47 DEBUG    testing database connection establishing..in autosuggestion_all FILE
2021-08-31 12:00:47 DEBUG    new_auth_plugin: mysql_native_password
2021-08-31 12:00:47 INFO     getcols table in testing db is connnected successfully in autosuggestion_all file
2021-09-01 09:20:29 INFO     Welcome To Intelligent Library Managment System
2021-09-01 09:20:29 INFO     autosuggestion_all file calling here
2021-09-01 09:20:29 WARNING  check db connection
2021-09-01 09:20:29 WARNING  chck db available
2021-09-01 09:20:29 WARNING  check table available
2021-09-01 09:20:29 WARNING  check server is on
2021-09-01 09:20:29 WARNING  if error occured then remove try catch block
2021-09-01 09:20:29 DEBUG    drdo database establishing in autosuggestion_all file
2021-09-01 09:20:29 DEBUG    testing database connection establishing..in autosuggestion_all FILE
2021-09-01 09:53:50 INFO     getcols table in testing db is not connnected successfully in autosuggestion_all file
2021-09-01 10:25:52 INFO     Welcome To Intelligent Library Managment System
2021-09-01 10:25:52 INFO     autosuggestion_all file calling here
2021-09-01 10:25:52 WARNING  check db connection
2021-09-01 10:25:52 WARNING  chck db available
2021-09-01 10:25:52 WARNING  check table available
2021-09-01 10:25:52 WARNING  check server is on
2021-09-01 10:25:52 WARNING  if error occured then remove try catch block
2021-09-01 10:25:52 DEBUG    drdo database establishing in autosuggestion_all file
2021-09-01 10:25:52 DEBUG    testing database connection establishing..in autosuggestion_all FILE
2021-09-01 10:25:52 DEBUG    new_auth_plugin: mysql_native_password
2021-09-01 10:25:52 INFO     getcols table in testing db is connnected successfully in autosuggestion_all file
2021-09-01 12:41:02 INFO     Welcome To Intelligent Library Managment System
2021-09-01 12:41:02 INFO     autosuggestion_all file calling here
2021-09-01 12:41:02 WARNING  check db connection
2021-09-01 12:41:02 WARNING  chck db available
2021-09-01 12:41:02 WARNING  check table available
2021-09-01 12:41:02 WARNING  check server is on
2021-09-01 12:41:02 WARNING  if error occured then remove try catch block
2021-09-01 12:41:02 DEBUG    drdo database establishing in autosuggestion_all file
2021-09-01 12:41:02 DEBUG    testing database connection establishing..in autosuggestion_all FILE
2021-09-01 12:41:02 DEBUG    new_auth_plugin: mysql_native_password
2021-09-01 12:41:02 INFO     getcols table in testing db is connnected successfully in autosuggestion_all file
2021-09-01 13:07:58 INFO     Welcome To Intelligent Library Managment System
2021-09-01 13:07:58 INFO     autosuggestion_all file calling here
2021-09-01 13:07:58 WARNING  check db connection
2021-09-01 13:07:58 WARNING  chck db available
2021-09-01 13:07:58 WARNING  check table available
2021-09-01 13:07:58 WARNING  check server is on
2021-09-01 13:07:58 WARNING  if error occured then remove try catch block
2021-09-01 13:07:58 DEBUG    drdo database establishing in autosuggestion_all file
2021-09-01 13:07:58 DEBUG    testing database connection establishing..in autosuggestion_all FILE
2021-09-01 13:07:58 DEBUG    new_auth_plugin: mysql_native_password
2021-09-01 13:07:58 INFO     getcols table in testing db is connnected successfully in autosuggestion_all file
2021-09-02 11:17:29 INFO     Welcome To Intelligent Library Managment System
2021-09-02 11:17:29 INFO     autosuggestion_all file calling here
2021-09-02 11:17:29 WARNING  check db connection
2021-09-02 11:17:29 WARNING  chck db available
2021-09-02 11:17:29 WARNING  check table available
2021-09-02 11:17:29 WARNING  check server is on
2021-09-02 11:17:29 WARNING  if error occured then remove try catch block
2021-09-02 11:17:29 DEBUG    drdo database establishing in autosuggestion_all file
2021-09-02 11:17:29 DEBUG    testing database connection establishing..in autosuggestion_all FILE
2021-09-02 11:50:07 INFO     Welcome To Intelligent Library Managment System
2021-09-02 11:50:07 INFO     autosuggestion_all file calling here
2021-09-02 11:50:07 WARNING  check db connection
2021-09-02 11:50:07 WARNING  chck db available
2021-09-02 11:50:07 WARNING  check table available
2021-09-02 11:50:07 WARNING  check server is on
2021-09-02 11:50:07 WARNING  if error occured then remove try catch block
2021-09-02 11:50:07 DEBUG    drdo database establishing in autosuggestion_all file
2021-09-02 11:50:07 DEBUG    testing database connection establishing..in autosuggestion_all FILE
2021-09-02 12:23:28 INFO     getcols table in testing db is not connnected successfully in autosuggestion_all file
2021-09-02 15:38:47 INFO     Welcome To Intelligent Library Managment System
2021-09-02 15:38:47 INFO     autosuggestion_all file calling here
2021-09-02 15:38:47 WARNING  check db connection
2021-09-02 15:38:47 WARNING  chck db available
2021-09-02 15:38:47 WARNING  check table available
2021-09-02 15:38:47 WARNING  check server is on
2021-09-02 15:38:47 WARNING  if error occured then remove try catch block
2021-09-02 15:38:47 DEBUG    drdo database establishing in autosuggestion_all file
2021-09-02 15:38:47 DEBUG    testing database connection establishing..in autosuggestion_all FILE
2021-09-02 16:12:08 INFO     getcols table in testing db is not connnected successfully in autosuggestion_all file
2021-09-03 09:39:46 INFO     Welcome To Intelligent Library Managment System
2021-09-03 09:39:46 INFO     autosuggestion_all file calling here
2021-09-03 09:39:46 WARNING  check db connection
2021-09-03 09:39:46 WARNING  chck db available
2021-09-03 09:39:46 WARNING  check table available
2021-09-03 09:39:46 WARNING  check server is on
2021-09-03 09:39:46 WARNING  if error occured then remove try catch block
2021-09-03 09:39:46 DEBUG    drdo database establishing in autosuggestion_all file
2021-09-03 09:39:46 DEBUG    testing database connection establishing..in autosuggestion_all FILE
2021-09-03 09:39:46 DEBUG    new_auth_plugin: mysql_native_password
2021-09-03 09:39:46 INFO     getcols table in testing db is connnected successfully in autosuggestion_all file
2021-09-03 15:19:44 INFO     Welcome To Intelligent Library Managment System
2021-09-03 15:19:44 INFO     autosuggestion_all file calling here
2021-09-03 15:19:44 WARNING  check db connection
2021-09-03 15:19:44 WARNING  chck db available
2021-09-03 15:19:44 WARNING  check table available
2021-09-03 15:19:44 WARNING  check server is on
2021-09-03 15:19:44 WARNING  if error occured then remove try catch block
2021-09-03 15:19:44 DEBUG    drdo database establishing in autosuggestion_all file
2021-09-03 15:19:44 DEBUG    testing database connection establishing..in autosuggestion_all FILE
2021-09-03 15:19:44 DEBUG    new_auth_plugin: mysql_native_password
2021-09-03 15:19:44 INFO     getcols table in testing db is connnected successfully in autosuggestion_all file
2021-09-07 09:58:44 INFO     Welcome To Intelligent Library Managment System
2021-09-07 09:58:44 INFO     autosuggestion_all file calling here
2021-09-07 09:58:44 WARNING  check db connection
2021-09-07 09:58:44 WARNING  chck db available
2021-09-07 09:58:44 WARNING  check table available
2021-09-07 09:58:44 WARNING  check server is on
2021-09-07 09:58:44 WARNING  if error occured then remove try catch block
2021-09-07 09:58:44 DEBUG    drdo database establishing in autosuggestion_all file
2021-09-07 09:58:44 DEBUG    testing database connection establishing..in autosuggestion_all FILE
2021-09-07 09:58:44 DEBUG    new_auth_plugin: mysql_native_password
2021-09-07 09:58:44 INFO     getcols table in testing db is connnected successfully in autosuggestion_all file
2021-09-07 11:36:07 INFO     Welcome To Intelligent Library Managment System
2021-09-07 11:36:07 INFO     autosuggestion_all file calling here
2021-09-07 11:36:07 WARNING  check db connection
2021-09-07 11:36:07 WARNING  chck db available
2021-09-07 11:36:07 WARNING  check table available
2021-09-07 11:36:07 WARNING  check server is on
2021-09-07 11:36:07 WARNING  if error occured then remove try catch block
2021-09-07 11:36:07 DEBUG    drdo database establishing in autosuggestion_all file
2021-09-07 11:36:07 DEBUG    testing database connection establishing..in autosuggestion_all FILE
2021-09-08 03:01:24 INFO     Welcome To Intelligent Library Managment System
2021-09-08 03:01:24 INFO     autosuggestion_all file calling here
2021-09-08 03:01:24 WARNING  check db connection
2021-09-08 03:01:24 WARNING  chck db available
2021-09-08 03:01:24 WARNING  check table available
2021-09-08 03:01:24 WARNING  check server is on
2021-09-08 03:01:24 WARNING  if error occured then remove try catch block
2021-09-08 03:01:24 DEBUG    drdo database establishing in autosuggestion_all file
2021-09-08 03:01:24 DEBUG    testing database connection establishing..in autosuggestion_all FILE
2021-09-08 03:34:45 INFO     getcols table in testing db is not connnected successfully in autosuggestion_all file
2021-09-08 12:45:18 INFO     Welcome To Intelligent Library Managment System
2021-09-08 12:45:18 INFO     autosuggestion_all file calling here
2021-09-08 12:45:18 WARNING  check db connection
2021-09-08 12:45:18 WARNING  chck db available
2021-09-08 12:45:18 WARNING  check table available
2021-09-08 12:45:18 WARNING  check server is on
2021-09-08 12:45:18 WARNING  if error occured then remove try catch block
2021-09-08 12:45:18 DEBUG    drdo database establishing in autosuggestion_all file
2021-09-08 12:45:18 DEBUG    testing database connection establishing..in autosuggestion_all FILE
2021-09-08 12:45:18 DEBUG    new_auth_plugin: mysql_native_password
2021-09-08 12:45:18 INFO     getcols table in testing db is connnected successfully in autosuggestion_all file
2021-09-09 03:01:16 INFO     Welcome To Intelligent Library Managment System
2021-09-09 03:01:16 INFO     autosuggestion_all file calling here
2021-09-09 03:01:16 WARNING  check db connection
2021-09-09 03:01:16 WARNING  chck db available
2021-09-09 03:01:16 WARNING  check table available
2021-09-09 03:01:16 WARNING  check server is on
2021-09-09 03:01:16 WARNING  if error occured then remove try catch block
2021-09-09 03:01:16 DEBUG    drdo database establishing in autosuggestion_all file
2021-09-09 03:01:16 DEBUG    testing database connection establishing..in autosuggestion_all FILE
2021-09-09 03:01:16 DEBUG    new_auth_plugin: mysql_native_password
2021-09-09 03:01:16 INFO     getcols table in testing db is connnected successfully in autosuggestion_all file
2021-09-13 03:01:19 INFO     Welcome To Intelligent Library Managment System
2021-09-13 03:01:19 INFO     autosuggestion_all file calling here
2021-09-13 03:01:19 WARNING  check db connection
2021-09-13 03:01:19 WARNING  chck db available
2021-09-13 03:01:19 WARNING  check table available
2021-09-13 03:01:19 WARNING  check server is on
2021-09-13 03:01:19 WARNING  if error occured then remove try catch block
2021-09-13 03:01:19 DEBUG    drdo database establishing in autosuggestion_all file
2021-09-13 03:01:19 DEBUG    testing database connection establishing..in autosuggestion_all FILE
2021-09-13 03:01:19 DEBUG    new_auth_plugin: mysql_native_password
2021-09-13 03:01:19 INFO     getcols table in testing db is connnected successfully in autosuggestion_all file
2021-09-13 10:28:02 INFO     Welcome To Intelligent Library Managment System
2021-09-13 10:28:02 INFO     autosuggestion_all file calling here
2021-09-13 10:28:02 WARNING  check db connection
2021-09-13 10:28:02 WARNING  chck db available
2021-09-13 10:28:02 WARNING  check table available
2021-09-13 10:28:02 WARNING  check server is on
2021-09-13 10:28:02 WARNING  if error occured then remove try catch block
2021-09-13 10:28:02 DEBUG    drdo database establishing in autosuggestion_all file
2021-09-13 10:28:02 DEBUG    testing database connection establishing..in autosuggestion_all FILE
2021-09-13 10:28:02 DEBUG    new_auth_plugin: mysql_native_password
2021-09-13 10:28:02 INFO     getcols table in testing db is connnected successfully in autosuggestion_all file
2021-09-14 03:01:17 INFO     Welcome To Intelligent Library Managment System
2021-09-14 03:01:17 INFO     autosuggestion_all file calling here
2021-09-14 03:01:17 WARNING  check db connection
2021-09-14 03:01:17 WARNING  chck db available
2021-09-14 03:01:17 WARNING  check table available
2021-09-14 03:01:17 WARNING  check server is on
2021-09-14 03:01:17 WARNING  if error occured then remove try catch block
2021-09-14 03:01:17 DEBUG    drdo database establishing in autosuggestion_all file
2021-09-14 03:01:17 DEBUG    testing database connection establishing..in autosuggestion_all FILE
2021-09-14 03:01:17 DEBUG    new_auth_plugin: mysql_native_password
2021-09-14 03:01:17 INFO     getcols table in testing db is connnected successfully in autosuggestion_all file
2021-09-14 12:45:46 INFO     Welcome To Intelligent Library Managment System
2021-09-14 12:45:46 INFO     autosuggestion_all file calling here
2021-09-14 12:45:46 WARNING  check db connection
2021-09-14 12:45:46 WARNING  chck db available
2021-09-14 12:45:46 WARNING  check table available
2021-09-14 12:45:46 WARNING  check server is on
2021-09-14 12:45:46 WARNING  if error occured then remove try catch block
2021-09-14 12:45:46 DEBUG    drdo database establishing in autosuggestion_all file
2021-09-14 12:45:46 DEBUG    testing database connection establishing..in autosuggestion_all FILE
2021-09-14 12:45:46 DEBUG    new_auth_plugin: mysql_native_password
2021-09-14 12:45:46 INFO     getcols table in testing db is connnected successfully in autosuggestion_all file
2021-09-15 03:01:16 INFO     Welcome To Intelligent Library Managment System
2021-09-15 03:01:16 INFO     autosuggestion_all file calling here
2021-09-15 03:01:16 WARNING  check db connection
2021-09-15 03:01:16 WARNING  chck db available
2021-09-15 03:01:16 WARNING  check table available
2021-09-15 03:01:16 WARNING  check server is on
2021-09-15 03:01:16 WARNING  if error occured then remove try catch block
2021-09-15 03:01:16 DEBUG    drdo database establishing in autosuggestion_all file
2021-09-15 03:01:16 DEBUG    testing database connection establishing..in autosuggestion_all FILE
2021-09-15 03:01:16 DEBUG    new_auth_plugin: mysql_native_password
2021-09-15 03:01:16 INFO     getcols table in testing db is connnected successfully in autosuggestion_all file
2021-09-16 03:01:16 INFO     Welcome To Intelligent Library Managment System
2021-09-16 03:01:16 INFO     autosuggestion_all file calling here
2021-09-16 03:01:16 WARNING  check db connection
2021-09-16 03:01:16 WARNING  chck db available
2021-09-16 03:01:16 WARNING  check table available
2021-09-16 03:01:16 WARNING  check server is on
2021-09-16 03:01:16 WARNING  if error occured then remove try catch block
2021-09-16 03:01:16 DEBUG    drdo database establishing in autosuggestion_all file
2021-09-16 03:01:16 DEBUG    testing database connection establishing..in autosuggestion_all FILE
2021-09-16 03:01:16 DEBUG    new_auth_plugin: mysql_native_password
2021-09-16 03:01:16 INFO     getcols table in testing db is connnected successfully in autosuggestion_all file
2021-09-17 03:01:16 INFO     Welcome To Intelligent Library Managment System
2021-09-17 03:01:16 INFO     autosuggestion_all file calling here
2021-09-17 03:01:16 WARNING  check db connection
2021-09-17 03:01:16 WARNING  chck db available
2021-09-17 03:01:16 WARNING  check table available
2021-09-17 03:01:16 WARNING  check server is on
2021-09-17 03:01:16 WARNING  if error occured then remove try catch block
2021-09-17 03:01:16 DEBUG    drdo database establishing in autosuggestion_all file
2021-09-17 03:01:16 DEBUG    testing database connection establishing..in autosuggestion_all FILE
2021-09-17 03:01:16 DEBUG    new_auth_plugin: mysql_native_password
2021-09-17 03:01:16 INFO     getcols table in testing db is connnected successfully in autosuggestion_all file
2021-09-17 16:28:00 INFO     Welcome To Intelligent Library Managment System
2021-09-17 16:28:00 INFO     autosuggestion_all file calling here
2021-09-17 16:28:00 WARNING  check db connection
2021-09-17 16:28:00 WARNING  chck db available
2021-09-17 16:28:00 WARNING  check table available
2021-09-17 16:28:00 WARNING  check server is on
2021-09-17 16:28:00 WARNING  if error occured then remove try catch block
2021-09-17 16:28:00 DEBUG    drdo database establishing in autosuggestion_all file
2021-09-17 16:28:00 DEBUG    testing database connection establishing..in autosuggestion_all FILE
2021-09-17 16:28:00 DEBUG    new_auth_plugin: mysql_native_password
2021-09-17 16:28:00 INFO     getcols table in testing db is connnected successfully in autosuggestion_all file
2021-09-18 03:01:16 INFO     Welcome To Intelligent Library Managment System
2021-09-18 03:01:16 INFO     autosuggestion_all file calling here
2021-09-18 03:01:16 WARNING  check db connection
2021-09-18 03:01:16 WARNING  chck db available
2021-09-18 03:01:16 WARNING  check table available
2021-09-18 03:01:16 WARNING  check server is on
2021-09-18 03:01:16 WARNING  if error occured then remove try catch block
2021-09-18 03:01:16 DEBUG    drdo database establishing in autosuggestion_all file
2021-09-18 03:01:16 DEBUG    testing database connection establishing..in autosuggestion_all FILE
2021-09-18 03:01:16 DEBUG    new_auth_plugin: mysql_native_password
2021-09-18 03:01:16 INFO     getcols table in testing db is connnected successfully in autosuggestion_all file
2021-09-24 10:13:22 INFO     Welcome To Intelligent Library Managment System
2021-09-24 10:13:22 INFO     autosuggestion_all file calling here
2021-09-24 10:13:22 WARNING  check db connection
2021-09-24 10:13:22 WARNING  chck db available
2021-09-24 10:13:22 WARNING  check table available
2021-09-24 10:13:22 WARNING  check server is on
2021-09-24 10:13:22 WARNING  if error occured then remove try catch block
2021-09-24 10:13:22 DEBUG    drdo database establishing in autosuggestion_all file
2021-09-24 10:13:22 DEBUG    testing database connection establishing..in autosuggestion_all FILE
2021-09-24 10:46:43 INFO     getcols table in testing db is not connnected successfully in autosuggestion_all file
2021-09-24 12:35:07 INFO     Welcome To Intelligent Library Managment System
2021-09-24 12:35:07 INFO     autosuggestion_all file calling here
2021-09-24 12:35:07 WARNING  check db connection
2021-09-24 12:35:07 WARNING  chck db available
2021-09-24 12:35:07 WARNING  check table available
2021-09-24 12:35:07 WARNING  check server is on
2021-09-24 12:35:07 WARNING  if error occured then remove try catch block
2021-09-24 12:35:07 DEBUG    drdo database establishing in autosuggestion_all file
2021-09-24 12:35:07 DEBUG    testing database connection establishing..in autosuggestion_all FILE
2021-09-24 13:08:28 INFO     getcols table in testing db is not connnected successfully in autosuggestion_all file
2021-09-24 16:22:54 INFO     Welcome To Intelligent Library Managment System
2021-09-24 16:22:54 INFO     autosuggestion_all file calling here
2021-09-24 16:22:54 WARNING  check db connection
2021-09-24 16:22:54 WARNING  chck db available
2021-09-24 16:22:54 WARNING  check table available
2021-09-24 16:22:54 WARNING  check server is on
2021-09-24 16:22:54 WARNING  if error occured then remove try catch block
2021-09-24 16:22:54 DEBUG    drdo database establishing in autosuggestion_all file
2021-09-24 16:22:54 DEBUG    testing database connection establishing..in autosuggestion_all FILE
2021-09-24 16:56:15 INFO     getcols table in testing db is not connnected successfully in autosuggestion_all file
2021-09-27 12:29:54 INFO     Welcome To Intelligent Library Managment System
2021-09-27 12:29:54 INFO     autosuggestion_all file calling here
2021-09-27 12:29:54 WARNING  check db connection
2021-09-27 12:29:54 WARNING  chck db available
2021-09-27 12:29:54 WARNING  check table available
2021-09-27 12:29:54 WARNING  check server is on
2021-09-27 12:29:54 WARNING  if error occured then remove try catch block
2021-09-27 12:29:54 DEBUG    drdo database establishing in autosuggestion_all file
2021-09-27 12:29:54 DEBUG    testing database connection establishing..in autosuggestion_all FILE
2021-09-27 13:03:15 INFO     getcols table in testing db is not connnected successfully in autosuggestion_all file
2021-10-05 13:52:35 INFO     Welcome To Intelligent Library Managment System
2021-10-05 13:52:35 INFO     autosuggestion_all file calling here
2021-10-05 13:52:35 WARNING  check db connection
2021-10-05 13:52:35 WARNING  chck db available
2021-10-05 13:52:35 WARNING  check table available
2021-10-05 13:52:35 WARNING  check server is on
2021-10-05 13:52:35 WARNING  if error occured then remove try catch block
2021-10-05 13:52:35 DEBUG    drdo database establishing in autosuggestion_all file
2021-10-05 13:52:35 DEBUG    testing database connection establishing..in autosuggestion_all FILE
2021-10-05 14:16:40 INFO     Welcome To Intelligent Library Managment System
2021-10-05 14:16:40 INFO     autosuggestion_all file calling here
2021-10-05 14:16:40 WARNING  check db connection
2021-10-05 14:16:40 WARNING  chck db available
2021-10-05 14:16:40 WARNING  check table available
2021-10-05 14:16:40 WARNING  check server is on
2021-10-05 14:16:40 WARNING  if error occured then remove try catch block
2021-10-05 14:16:40 DEBUG    drdo database establishing in autosuggestion_all file
2021-10-05 14:16:40 DEBUG    testing database connection establishing..in autosuggestion_all FILE
2021-10-05 14:50:01 INFO     getcols table in testing db is not connnected successfully in autosuggestion_all file
2021-10-06 12:33:39 INFO     Welcome To Intelligent Library Managment System
2021-10-06 12:33:39 INFO     autosuggestion_all file calling here
2021-10-06 12:33:39 WARNING  check db connection
2021-10-06 12:33:39 WARNING  chck db available
2021-10-06 12:33:39 WARNING  check table available
2021-10-06 12:33:39 WARNING  check server is on
2021-10-06 12:33:39 WARNING  if error occured then remove try catch block
2021-10-06 12:33:39 DEBUG    drdo database establishing in autosuggestion_all file
2021-10-06 12:33:39 DEBUG    testing database connection establishing..in autosuggestion_all FILE
2021-10-06 12:33:39 DEBUG    new_auth_plugin: mysql_native_password
2021-10-06 12:33:39 INFO     getcols table in testing db is connnected successfully in autosuggestion_all file
2021-10-08 03:01:25 INFO     Welcome To Intelligent Library Managment System
2021-10-08 03:01:25 INFO     autosuggestion_all file calling here
2021-10-08 03:01:25 WARNING  check db connection
2021-10-08 03:01:25 WARNING  chck db available
2021-10-08 03:01:25 WARNING  check table available
2021-10-08 03:01:25 WARNING  check server is on
2021-10-08 03:01:25 WARNING  if error occured then remove try catch block
2021-10-08 03:01:25 DEBUG    drdo database establishing in autosuggestion_all file
2021-10-08 03:01:25 DEBUG    testing database connection establishing..in autosuggestion_all FILE
2021-10-08 03:01:25 DEBUG    new_auth_plugin: mysql_native_password
2021-10-08 03:01:25 INFO     getcols table in testing db is connnected successfully in autosuggestion_all file
2021-10-11 09:56:49 INFO     Welcome To Intelligent Library Managment System
2021-10-11 09:56:49 INFO     autosuggestion_all file calling here
2021-10-11 09:56:49 WARNING  check db connection
2021-10-11 09:56:49 WARNING  chck db available
2021-10-11 09:56:49 WARNING  check table available
2021-10-11 09:56:49 WARNING  check server is on
2021-10-11 09:56:49 WARNING  if error occured then remove try catch block
2021-10-11 09:56:49 DEBUG    drdo database establishing in autosuggestion_all file
2021-10-11 09:56:49 DEBUG    testing database connection establishing..in autosuggestion_all FILE
2021-10-11 09:56:49 DEBUG    new_auth_plugin: mysql_native_password
2021-10-11 09:56:49 INFO     getcols table in testing db is connnected successfully in autosuggestion_all file
2021-10-13 03:01:20 INFO     Welcome To Intelligent Library Managment System
2021-10-13 03:01:20 INFO     autosuggestion_all file calling here
2021-10-13 03:01:20 WARNING  check db connection
2021-10-13 03:01:20 WARNING  chck db available
2021-10-13 03:01:20 WARNING  check table available
2021-10-13 03:01:20 WARNING  check server is on
2021-10-13 03:01:20 WARNING  if error occured then remove try catch block
2021-10-13 03:01:20 DEBUG    drdo database establishing in autosuggestion_all file
2021-10-13 03:01:20 DEBUG    testing database connection establishing..in autosuggestion_all FILE
2021-10-13 03:01:20 DEBUG    new_auth_plugin: mysql_native_password
2021-10-13 03:01:20 INFO     getcols table in testing db is connnected successfully in autosuggestion_all file
2021-10-18 15:16:10 INFO     Welcome To Intelligent Library Managment System
2021-10-18 15:16:10 INFO     autosuggestion_all file calling here
2021-10-18 15:16:10 WARNING  check db connection
2021-10-18 15:16:10 WARNING  chck db available
2021-10-18 15:16:10 WARNING  check table available
2021-10-18 15:16:10 WARNING  check server is on
2021-10-18 15:16:10 WARNING  if error occured then remove try catch block
2021-10-18 15:16:10 DEBUG    drdo database establishing in autosuggestion_all file
2021-10-18 15:16:10 DEBUG    testing database connection establishing..in autosuggestion_all FILE
2021-10-18 15:16:10 DEBUG    new_auth_plugin: mysql_native_password
2021-10-18 15:16:10 INFO     getcols table in testing db is connnected successfully in autosuggestion_all file
2021-10-19 12:42:59 INFO     Welcome To Intelligent Library Managment System
2021-10-19 12:42:59 INFO     autosuggestion_all file calling here
2021-10-19 12:42:59 WARNING  check db connection
2021-10-19 12:42:59 WARNING  chck db available
2021-10-19 12:42:59 WARNING  check table available
2021-10-19 12:42:59 WARNING  check server is on
2021-10-19 12:42:59 WARNING  if error occured then remove try catch block
2021-10-19 12:42:59 DEBUG    drdo database establishing in autosuggestion_all file
2021-10-19 12:42:59 DEBUG    testing database connection establishing..in autosuggestion_all FILE
2021-10-19 12:42:59 DEBUG    new_auth_plugin: mysql_native_password
2021-10-19 12:42:59 INFO     getcols table in testing db is connnected successfully in autosuggestion_all file
2021-10-20 12:18:51 INFO     Welcome To Intelligent Library Managment System
2021-10-20 12:18:51 INFO     autosuggestion_all file calling here
2021-10-20 12:18:51 WARNING  check db connection
2021-10-20 12:18:51 WARNING  chck db available
2021-10-20 12:18:51 WARNING  check table available
2021-10-20 12:18:51 WARNING  check server is on
2021-10-20 12:18:51 WARNING  if error occured then remove try catch block
2021-10-20 12:18:51 DEBUG    drdo database establishing in autosuggestion_all file
2021-10-20 12:18:51 DEBUG    testing database connection establishing..in autosuggestion_all FILE
2021-10-20 12:52:12 INFO     getcols table in testing db is not connnected successfully in autosuggestion_all file
2021-10-21 03:01:17 INFO     Welcome To Intelligent Library Managment System
2021-10-21 03:01:17 INFO     autosuggestion_all file calling here
2021-10-21 03:01:17 WARNING  check db connection
2021-10-21 03:01:17 WARNING  chck db available
2021-10-21 03:01:17 WARNING  check table available
2021-10-21 03:01:17 WARNING  check server is on
2021-10-21 03:01:17 WARNING  if error occured then remove try catch block
2021-10-21 03:01:17 DEBUG    drdo database establishing in autosuggestion_all file
2021-10-21 03:01:17 DEBUG    testing database connection establishing..in autosuggestion_all FILE
2021-10-21 03:01:17 DEBUG    new_auth_plugin: mysql_native_password
2021-10-21 03:01:17 INFO     getcols table in testing db is connnected successfully in autosuggestion_all file
2021-10-25 09:20:20 INFO     Welcome To Intelligent Library Managment System
2021-10-25 09:20:20 INFO     autosuggestion_all file calling here
2021-10-25 09:20:20 WARNING  check db connection
2021-10-25 09:20:20 WARNING  chck db available
2021-10-25 09:20:20 WARNING  check table available
2021-10-25 09:20:20 WARNING  check server is on
2021-10-25 09:20:20 WARNING  if error occured then remove try catch block
2021-10-25 09:20:20 DEBUG    drdo database establishing in autosuggestion_all file
2021-10-25 09:20:20 DEBUG    testing database connection establishing..in autosuggestion_all FILE
2021-10-25 09:20:21 DEBUG    new_auth_plugin: mysql_native_password
2021-10-25 09:20:21 INFO     getcols table in testing db is connnected successfully in autosuggestion_all file
2021-11-01 10:24:07 INFO     Welcome To Intelligent Library Managment System
2021-11-01 10:24:07 INFO     autosuggestion_all file calling here
2021-11-01 10:24:07 WARNING  check db connection
2021-11-01 10:24:07 WARNING  chck db available
2021-11-01 10:24:07 WARNING  check table available
2021-11-01 10:24:07 WARNING  check server is on
2021-11-01 10:24:07 WARNING  if error occured then remove try catch block
2021-11-01 10:24:07 DEBUG    drdo database establishing in autosuggestion_all file
2021-11-01 10:24:07 DEBUG    testing database connection establishing..in autosuggestion_all FILE
2021-11-01 10:24:07 DEBUG    new_auth_plugin: mysql_native_password
2021-11-01 10:24:07 INFO     getcols table in testing db is connnected successfully in autosuggestion_all file
2021-11-03 03:01:17 INFO     Welcome To Intelligent Library Managment System
2021-11-03 03:01:17 INFO     autosuggestion_all file calling here
2021-11-03 03:01:17 WARNING  check db connection
2021-11-03 03:01:17 WARNING  chck db available
2021-11-03 03:01:17 WARNING  check table available
2021-11-03 03:01:17 WARNING  check server is on
2021-11-03 03:01:17 WARNING  if error occured then remove try catch block
2021-11-03 03:01:17 DEBUG    drdo database establishing in autosuggestion_all file
2021-11-03 03:01:17 DEBUG    testing database connection establishing..in autosuggestion_all FILE
2021-11-03 03:01:17 DEBUG    new_auth_plugin: mysql_native_password
2021-11-03 03:01:17 INFO     getcols table in testing db is connnected successfully in autosuggestion_all file
2021-11-09 03:01:23 INFO     Welcome To Intelligent Library Managment System
2021-11-09 03:01:23 INFO     autosuggestion_all file calling here
2021-11-09 03:01:23 WARNING  check db connection
2021-11-09 03:01:23 WARNING  chck db available
2021-11-09 03:01:23 WARNING  check table available
2021-11-09 03:01:23 WARNING  check server is on
2021-11-09 03:01:23 WARNING  if error occured then remove try catch block
2021-11-09 03:01:23 DEBUG    drdo database establishing in autosuggestion_all file
2021-11-09 03:01:23 DEBUG    testing database connection establishing..in autosuggestion_all FILE
2021-11-09 03:34:44 INFO     getcols table in testing db is not connnected successfully in autosuggestion_all file
2021-11-09 09:46:45 INFO     Welcome To Intelligent Library Managment System
2021-11-09 09:46:45 INFO     autosuggestion_all file calling here
2021-11-09 09:46:45 WARNING  check db connection
2021-11-09 09:46:45 WARNING  chck db available
2021-11-09 09:46:45 WARNING  check table available
2021-11-09 09:46:45 WARNING  check server is on
2021-11-09 09:46:45 WARNING  if error occured then remove try catch block
2021-11-09 09:46:45 DEBUG    drdo database establishing in autosuggestion_all file
2021-11-09 09:46:45 DEBUG    testing database connection establishing..in autosuggestion_all FILE
2021-11-09 09:46:45 DEBUG    new_auth_plugin: mysql_native_password
2021-11-09 09:46:45 INFO     getcols table in testing db is connnected successfully in autosuggestion_all file
2021-11-15 10:32:24 INFO     Welcome To Intelligent Library Managment System
2021-11-15 10:32:24 INFO     autosuggestion_all file calling here
2021-11-15 10:32:24 WARNING  check db connection
2021-11-15 10:32:24 WARNING  chck db available
2021-11-15 10:32:24 WARNING  check table available
2021-11-15 10:32:24 WARNING  check server is on
2021-11-15 10:32:24 WARNING  if error occured then remove try catch block
2021-11-15 10:32:24 DEBUG    drdo database establishing in autosuggestion_all file
2021-11-15 10:32:24 DEBUG    testing database connection establishing..in autosuggestion_all FILE
2021-11-15 10:32:24 DEBUG    new_auth_plugin: mysql_native_password
2021-11-15 10:32:24 INFO     getcols table in testing db is connnected successfully in autosuggestion_all file
2021-11-22 12:10:14 INFO     Welcome To Intelligent Library Managment System
2021-11-22 12:10:14 INFO     autosuggestion_all file calling here
2021-11-22 12:10:14 WARNING  check db connection
2021-11-22 12:10:14 WARNING  chck db available
2021-11-22 12:10:14 WARNING  check table available
2021-11-22 12:10:14 WARNING  check server is on
2021-11-22 12:10:14 WARNING  if error occured then remove try catch block
2021-11-22 12:10:14 DEBUG    drdo database establishing in autosuggestion_all file
2021-11-22 12:10:14 DEBUG    testing database connection establishing..in autosuggestion_all FILE
2021-11-22 12:10:14 DEBUG    new_auth_plugin: mysql_native_password
2021-11-22 12:10:14 INFO     getcols table in testing db is connnected successfully in autosuggestion_all file
2021-11-24 11:53:17 INFO     Welcome To Intelligent Library Managment System
2021-11-24 11:53:17 INFO     autosuggestion_all file calling here
2021-11-24 11:53:17 WARNING  check db connection
2021-11-24 11:53:17 WARNING  chck db available
2021-11-24 11:53:17 WARNING  check table available
2021-11-24 11:53:17 WARNING  check server is on
2021-11-24 11:53:17 WARNING  if error occured then remove try catch block
2021-11-24 11:53:17 DEBUG    drdo database establishing in autosuggestion_all file
2021-11-24 11:53:17 DEBUG    testing database connection establishing..in autosuggestion_all FILE
2021-11-24 11:53:17 DEBUG    new_auth_plugin: mysql_native_password
2021-11-24 11:53:17 INFO     getcols table in testing db is connnected successfully in autosuggestion_all file
