2021-09-02 11:27:10 INFO     Welcome To Intelligent Library Managment System
2021-09-02 11:27:10 INFO     getcols_dspace file calling here
2021-09-02 11:27:10 WARNING  check db connection
2021-09-02 11:27:10 WARNING  chck db available
2021-09-02 11:27:10 WARNING  check table available
2021-09-02 11:27:10 WARNING  check server is on
2021-09-02 11:27:10 WARNING  if error occured then remove try catch block
2021-09-02 11:27:10 DEBUG    drdo database establishing in getcols_dspace file
2021-09-02 11:27:10 DEBUG    getcols_janes database connection establishing..in getcols_dspace FILE
2021-09-02 11:27:10 DEBUG    new_auth_plugin: mysql_native_password
2021-09-02 11:27:10 DEBUG    new_auth_plugin: mysql_native_password
2021-09-02 11:27:16 DEBUG    new_auth_plugin: mysql_native_password
2021-09-02 12:02:36 INFO     Welcome To Intelligent Library Managment System
2021-09-02 12:02:36 INFO     getcols_dspace file calling here
2021-09-02 12:02:36 WARNING  check db connection
2021-09-02 12:02:36 WARNING  chck db available
2021-09-02 12:02:36 WARNING  check table available
2021-09-02 12:02:36 WARNING  check server is on
2021-09-02 12:02:36 WARNING  if error occured then remove try catch block
2021-09-02 12:02:36 DEBUG    drdo database establishing in getcols_dspace file
2021-09-02 12:02:36 DEBUG    getcols_janes database connection establishing..in getcols_dspace FILE
2021-09-02 12:02:36 DEBUG    new_auth_plugin: mysql_native_password
2021-09-02 12:02:36 DEBUG    new_auth_plugin: mysql_native_password
2021-09-02 12:02:42 DEBUG    new_auth_plugin: mysql_native_password
2021-09-02 15:49:47 INFO     Welcome To Intelligent Library Managment System
2021-09-02 15:49:47 INFO     getcols_dspace file calling here
2021-09-02 15:49:47 WARNING  check db connection
2021-09-02 15:49:47 WARNING  chck db available
2021-09-02 15:49:47 WARNING  check table available
2021-09-02 15:49:47 WARNING  check server is on
2021-09-02 15:49:47 WARNING  if error occured then remove try catch block
2021-09-02 15:49:47 DEBUG    drdo database establishing in getcols_dspace file
2021-09-02 15:49:47 DEBUG    getcols_janes database connection establishing..in getcols_dspace FILE
2021-09-02 15:49:47 DEBUG    new_auth_plugin: mysql_native_password
2021-09-02 15:49:47 DEBUG    new_auth_plugin: mysql_native_password
2021-09-02 15:49:53 DEBUG    new_auth_plugin: mysql_native_password
