2021-09-07 10:08:18 INFO     Welcome To Intelligent Library Managment System
2021-09-07 10:08:18 INFO     getcols_dspace file calling here
2021-09-07 10:08:18 WARNING  check db connection
2021-09-07 10:08:18 WARNING  chck db available
2021-09-07 10:08:18 WARNING  check table available
2021-09-07 10:08:18 WARNING  check server is on
2021-09-07 10:08:18 WARNING  if error occured then remove try catch block
2021-09-07 10:08:18 DEBUG    drdo database establishing in getcols_dspace file
2021-09-07 10:08:18 DEBUG    getcols_janes database connection establishing..in getcols_dspace FILE
2021-09-07 10:08:18 DEBUG    new_auth_plugin: mysql_native_password
2021-09-07 10:08:18 DEBUG    new_auth_plugin: mysql_native_password
2021-09-07 10:08:24 DEBUG    new_auth_plugin: mysql_native_password
2021-09-07 11:46:07 INFO     Welcome To Intelligent Library Managment System
2021-09-07 11:46:07 INFO     getcols_dspace file calling here
2021-09-07 11:46:07 WARNING  check db connection
2021-09-07 11:46:07 WARNING  chck db available
2021-09-07 11:46:07 WARNING  check table available
2021-09-07 11:46:07 WARNING  check server is on
2021-09-07 11:46:07 WARNING  if error occured then remove try catch block
2021-09-07 11:46:07 DEBUG    drdo database establishing in getcols_dspace file
2021-09-07 11:46:07 DEBUG    getcols_janes database connection establishing..in getcols_dspace FILE
2021-09-07 11:46:07 DEBUG    new_auth_plugin: mysql_native_password
2021-09-07 11:46:07 DEBUG    new_auth_plugin: mysql_native_password
2021-09-07 11:46:13 DEBUG    new_auth_plugin: mysql_native_password
