2021-09-13 01:29:23 INFO     Welcome To Intelligent Library Managment System
2021-09-13 01:29:23 INFO     getcols_dspace file calling here
2021-09-13 01:29:23 WARNING  check db connection
2021-09-13 01:29:23 WARNING  chck db available
2021-09-13 01:29:23 WARNING  check table available
2021-09-13 01:29:23 WARNING  check server is on
2021-09-13 01:29:23 WARNING  if error occured then remove try catch block
2021-09-13 01:29:23 DEBUG    drdo database establishing in getcols_dspace file
2021-09-13 01:29:23 DEBUG    getcols_janes database connection establishing..in getcols_dspace FILE
2021-09-13 01:29:23 DEBUG    new_auth_plugin: mysql_native_password
2021-09-13 01:29:23 DEBUG    new_auth_plugin: mysql_native_password
2021-09-13 01:29:32 DEBUG    new_auth_plugin: mysql_native_password
2021-09-13 10:35:13 INFO     Welcome To Intelligent Library Managment System
2021-09-13 10:35:13 INFO     getcols_dspace file calling here
2021-09-13 10:35:13 WARNING  check db connection
2021-09-13 10:35:13 WARNING  chck db available
2021-09-13 10:35:13 WARNING  check table available
2021-09-13 10:35:13 WARNING  check server is on
2021-09-13 10:35:13 WARNING  if error occured then remove try catch block
2021-09-13 10:35:13 DEBUG    drdo database establishing in getcols_dspace file
2021-09-13 10:35:13 DEBUG    getcols_janes database connection establishing..in getcols_dspace FILE
2021-09-13 10:35:13 DEBUG    new_auth_plugin: mysql_native_password
2021-09-13 10:35:13 DEBUG    new_auth_plugin: mysql_native_password
2021-09-13 10:35:23 DEBUG    new_auth_plugin: mysql_native_password
