2021-10-19 01:29:33 INFO     Welcome To Intelligent Library Managment System
2021-10-19 01:29:33 INFO     getcols_dspace file calling here
2021-10-19 01:29:33 WARNING  check db connection
2021-10-19 01:29:33 WARNING  chck db available
2021-10-19 01:29:33 WARNING  check table available
2021-10-19 01:29:33 WARNING  check server is on
2021-10-19 01:29:33 WARNING  if error occured then remove try catch block
2021-10-19 01:29:33 DEBUG    drdo database establishing in getcols_dspace file
2021-10-19 01:29:33 DEBUG    getcols_janes database connection establishing..in getcols_dspace FILE
2021-10-19 01:29:33 DEBUG    new_auth_plugin: mysql_native_password
2021-10-19 01:29:33 DEBUG    new_auth_plugin: mysql_native_password
2021-10-19 01:29:40 DEBUG    new_auth_plugin: mysql_native_password
2021-10-19 12:57:47 INFO     Welcome To Intelligent Library Managment System
2021-10-19 12:57:47 INFO     getcols_dspace file calling here
2021-10-19 12:57:47 WARNING  check db connection
2021-10-19 12:57:47 WARNING  chck db available
2021-10-19 12:57:47 WARNING  check table available
2021-10-19 12:57:47 WARNING  check server is on
2021-10-19 12:57:47 WARNING  if error occured then remove try catch block
2021-10-19 12:57:47 DEBUG    drdo database establishing in getcols_dspace file
2021-10-19 12:57:47 DEBUG    getcols_janes database connection establishing..in getcols_dspace FILE
2021-10-19 12:57:47 DEBUG    new_auth_plugin: mysql_native_password
2021-10-19 12:57:47 DEBUG    new_auth_plugin: mysql_native_password
2021-10-19 12:57:54 DEBUG    new_auth_plugin: mysql_native_password
