2021-08-31 09:19:23 INFO     Welcome To Intelligent Library Managment System
2021-08-31 09:19:23 INFO     getcols_dspace file calling here
2021-08-31 09:19:23 WARNING  check db connection
2021-08-31 09:19:23 WARNING  chck db available
2021-08-31 09:19:23 WARNING  check table available
2021-08-31 09:19:23 WARNING  check server is on
2021-08-31 09:19:23 WARNING  if error occured then remove try catch block
2021-08-31 09:19:23 DEBUG    drdo database establishing in getcols_dspace file
2021-08-31 09:19:23 DEBUG    getcols_janes database connection establishing..in getcols_dspace FILE
2021-08-31 09:19:23 DEBUG    new_auth_plugin: mysql_native_password
2021-08-31 09:19:23 DEBUG    new_auth_plugin: mysql_native_password
2021-08-31 09:19:29 DEBUG    new_auth_plugin: mysql_native_password
2021-08-31 12:10:10 INFO     Welcome To Intelligent Library Managment System
2021-08-31 12:10:10 INFO     getcols_dspace file calling here
2021-08-31 12:10:10 WARNING  check db connection
2021-08-31 12:10:10 WARNING  chck db available
2021-08-31 12:10:10 WARNING  check table available
2021-08-31 12:10:10 WARNING  check server is on
2021-08-31 12:10:10 WARNING  if error occured then remove try catch block
2021-08-31 12:10:10 DEBUG    drdo database establishing in getcols_dspace file
2021-08-31 12:10:10 DEBUG    getcols_janes database connection establishing..in getcols_dspace FILE
2021-08-31 12:10:10 DEBUG    new_auth_plugin: mysql_native_password
2021-08-31 12:10:11 DEBUG    new_auth_plugin: mysql_native_password
2021-08-31 12:10:17 DEBUG    new_auth_plugin: mysql_native_password
