2021-08-09 01:29:14 INFO     Welcome To Intelligent Library Managment System
2021-08-09 01:29:14 INFO     getcols_dspace file calling here
2021-08-09 01:29:14 WARNING  check db connection
2021-08-09 01:29:14 WARNING  chck db available
2021-08-09 01:29:14 WARNING  check table available
2021-08-09 01:29:14 WARNING  check server is on
2021-08-09 01:29:14 WARNING  if error occured then remove try catch block
2021-08-09 01:29:14 DEBUG    drdo database establishing in getcols_dspace file
2021-08-09 01:29:14 DEBUG    getcols_janes database connection establishing..in getcols_dspace FILE
2021-08-09 01:29:14 DEBUG    new_auth_plugin: mysql_native_password
2021-08-09 09:40:06 INFO     Welcome To Intelligent Library Managment System
2021-08-09 09:40:06 INFO     getcols_dspace file calling here
2021-08-09 09:40:06 WARNING  check db connection
2021-08-09 09:40:06 WARNING  chck db available
2021-08-09 09:40:06 WARNING  check table available
2021-08-09 09:40:06 WARNING  check server is on
2021-08-09 09:40:06 WARNING  if error occured then remove try catch block
2021-08-09 09:40:06 DEBUG    drdo database establishing in getcols_dspace file
2021-08-09 09:40:06 DEBUG    getcols_janes database connection establishing..in getcols_dspace FILE
2021-08-09 09:40:06 DEBUG    new_auth_plugin: mysql_native_password
2021-08-09 09:56:44 INFO     Welcome To Intelligent Library Managment System
2021-08-09 09:56:44 INFO     getcols_dspace file calling here
2021-08-09 09:56:44 WARNING  check db connection
2021-08-09 09:56:44 WARNING  chck db available
2021-08-09 09:56:44 WARNING  check table available
2021-08-09 09:56:44 WARNING  check server is on
2021-08-09 09:56:44 WARNING  if error occured then remove try catch block
2021-08-09 09:56:44 DEBUG    drdo database establishing in getcols_dspace file
2021-08-09 09:56:44 DEBUG    getcols_janes database connection establishing..in getcols_dspace FILE
2021-08-09 09:56:44 DEBUG    new_auth_plugin: mysql_native_password
