2021-08-11 09:33:46 INFO     Welcome To Intelligent Library Managment System
2021-08-11 09:33:46 INFO     getcols_dspace file calling here
2021-08-11 09:33:46 WARNING  check db connection
2021-08-11 09:33:46 WARNING  chck db available
2021-08-11 09:33:46 WARNING  check table available
2021-08-11 09:33:46 WARNING  check server is on
2021-08-11 09:33:46 WARNING  if error occured then remove try catch block
2021-08-11 09:33:46 DEBUG    drdo database establishing in getcols_dspace file
2021-08-11 09:33:46 DEBUG    getcols_janes database connection establishing..in getcols_dspace FILE
2021-08-11 09:33:46 DEBUG    new_auth_plugin: mysql_native_password
2021-08-11 14:12:45 INFO     Welcome To Intelligent Library Managment System
2021-08-11 14:12:45 INFO     getcols_dspace file calling here
2021-08-11 14:12:45 WARNING  check db connection
2021-08-11 14:12:45 WARNING  chck db available
2021-08-11 14:12:45 WARNING  check table available
2021-08-11 14:12:45 WARNING  check server is on
2021-08-11 14:12:45 WARNING  if error occured then remove try catch block
2021-08-11 14:12:45 DEBUG    drdo database establishing in getcols_dspace file
2021-08-11 14:12:45 DEBUG    getcols_janes database connection establishing..in getcols_dspace FILE
2021-08-11 14:12:45 DEBUG    new_auth_plugin: mysql_native_password
