2021-09-02 11:27:01 INFO     Welcome To Intelligent Library Managment System
2021-09-02 11:27:01 INFO     getcols_dspace file calling here
2021-09-02 11:27:01 WARNING  check db connection
2021-09-02 11:27:01 WARNING  chck db available
2021-09-02 11:27:01 WARNING  check table available
2021-09-02 11:27:01 WARNING  check server is on
2021-09-02 11:27:01 WARNING  if error occured then remove try catch block
2021-09-02 11:27:01 DEBUG    drdo database establishing in getcols_dspace file
2021-09-02 11:27:01 DEBUG    getcols_janes database connection establishing..in getcols_dspace FILE
2021-09-02 11:27:05 INFO     Welcome To Intelligent Library Managment System
2021-09-02 11:27:05 INFO     getcols_dspace file calling here
2021-09-02 11:27:05 WARNING  check db connection
2021-09-02 11:27:05 WARNING  chck db available
2021-09-02 11:27:05 WARNING  check table available
2021-09-02 11:27:05 WARNING  check server is on
2021-09-02 11:27:05 WARNING  if error occured then remove try catch block
2021-09-02 11:27:05 DEBUG    drdo database establishing in getcols_dspace file
2021-09-02 11:27:05 DEBUG    getcols_janes database connection establishing..in getcols_dspace FILE
2021-09-02 12:02:27 INFO     Welcome To Intelligent Library Managment System
2021-09-02 12:02:27 INFO     getcols_dspace file calling here
2021-09-02 12:02:27 WARNING  check db connection
2021-09-02 12:02:27 WARNING  chck db available
2021-09-02 12:02:27 WARNING  check table available
2021-09-02 12:02:27 WARNING  check server is on
2021-09-02 12:02:27 WARNING  if error occured then remove try catch block
2021-09-02 12:02:27 DEBUG    drdo database establishing in getcols_dspace file
2021-09-02 12:02:27 DEBUG    getcols_janes database connection establishing..in getcols_dspace FILE
2021-09-02 12:02:31 INFO     Welcome To Intelligent Library Managment System
2021-09-02 12:02:31 INFO     getcols_dspace file calling here
2021-09-02 12:02:31 WARNING  check db connection
2021-09-02 12:02:31 WARNING  chck db available
2021-09-02 12:02:31 WARNING  check table available
2021-09-02 12:02:31 WARNING  check server is on
2021-09-02 12:02:31 WARNING  if error occured then remove try catch block
2021-09-02 12:02:31 DEBUG    drdo database establishing in getcols_dspace file
2021-09-02 12:02:31 DEBUG    getcols_janes database connection establishing..in getcols_dspace FILE
2021-09-02 15:49:38 INFO     Welcome To Intelligent Library Managment System
2021-09-02 15:49:38 INFO     getcols_dspace file calling here
2021-09-02 15:49:38 WARNING  check db connection
2021-09-02 15:49:38 WARNING  chck db available
2021-09-02 15:49:38 WARNING  check table available
2021-09-02 15:49:38 WARNING  check server is on
2021-09-02 15:49:38 WARNING  if error occured then remove try catch block
2021-09-02 15:49:38 DEBUG    drdo database establishing in getcols_dspace file
2021-09-02 15:49:38 DEBUG    getcols_janes database connection establishing..in getcols_dspace FILE
2021-09-02 15:49:42 INFO     Welcome To Intelligent Library Managment System
2021-09-02 15:49:42 INFO     getcols_dspace file calling here
2021-09-02 15:49:42 WARNING  check db connection
2021-09-02 15:49:42 WARNING  chck db available
2021-09-02 15:49:42 WARNING  check table available
2021-09-02 15:49:42 WARNING  check server is on
2021-09-02 15:49:42 WARNING  if error occured then remove try catch block
2021-09-02 15:49:42 DEBUG    drdo database establishing in getcols_dspace file
2021-09-02 15:49:42 DEBUG    getcols_janes database connection establishing..in getcols_dspace FILE
