2021-09-17 01:29:31 INFO     Welcome To Intelligent Library Managment System
2021-09-17 01:29:31 INFO     getcols_dspace file calling here
2021-09-17 01:29:31 WARNING  check db connection
2021-09-17 01:29:31 WARNING  chck db available
2021-09-17 01:29:31 WARNING  check table available
2021-09-17 01:29:31 WARNING  check server is on
2021-09-17 01:29:31 WARNING  if error occured then remove try catch block
2021-09-17 01:29:31 DEBUG    drdo database establishing in getcols_dspace file
2021-09-17 01:29:31 DEBUG    getcols_janes database connection establishing..in getcols_dspace FILE
2021-09-17 01:29:35 INFO     Welcome To Intelligent Library Managment System
2021-09-17 01:29:35 INFO     getcols_dspace file calling here
2021-09-17 01:29:35 WARNING  check db connection
2021-09-17 01:29:35 WARNING  chck db available
2021-09-17 01:29:35 WARNING  check table available
2021-09-17 01:29:35 WARNING  check server is on
2021-09-17 01:29:35 WARNING  if error occured then remove try catch block
2021-09-17 01:29:35 DEBUG    drdo database establishing in getcols_dspace file
2021-09-17 01:29:35 DEBUG    getcols_janes database connection establishing..in getcols_dspace FILE
2021-09-17 16:34:45 INFO     Welcome To Intelligent Library Managment System
2021-09-17 16:34:45 INFO     getcols_dspace file calling here
2021-09-17 16:34:45 WARNING  check db connection
2021-09-17 16:34:45 WARNING  chck db available
2021-09-17 16:34:45 WARNING  check table available
2021-09-17 16:34:45 WARNING  check server is on
2021-09-17 16:34:45 WARNING  if error occured then remove try catch block
2021-09-17 16:34:45 DEBUG    drdo database establishing in getcols_dspace file
2021-09-17 16:34:45 DEBUG    getcols_janes database connection establishing..in getcols_dspace FILE
2021-09-17 16:34:49 INFO     Welcome To Intelligent Library Managment System
2021-09-17 16:34:49 INFO     getcols_dspace file calling here
2021-09-17 16:34:49 WARNING  check db connection
2021-09-17 16:34:49 WARNING  chck db available
2021-09-17 16:34:49 WARNING  check table available
2021-09-17 16:34:49 WARNING  check server is on
2021-09-17 16:34:49 WARNING  if error occured then remove try catch block
2021-09-17 16:34:49 DEBUG    drdo database establishing in getcols_dspace file
2021-09-17 16:34:49 DEBUG    getcols_janes database connection establishing..in getcols_dspace FILE
