2021-08-11 09:33:36 INFO     Welcome To Intelligent Library Managment System
2021-08-11 09:33:36 INFO     getcols_dspace file calling here
2021-08-11 09:33:36 WARNING  check db connection
2021-08-11 09:33:36 WARNING  chck db available
2021-08-11 09:33:36 WARNING  check table available
2021-08-11 09:33:36 WARNING  check server is on
2021-08-11 09:33:36 WARNING  if error occured then remove try catch block
2021-08-11 09:33:36 DEBUG    drdo database establishing in getcols_dspace file
2021-08-11 09:33:36 DEBUG    getcols_janes database connection establishing..in getcols_dspace FILE
2021-08-11 09:33:41 INFO     Welcome To Intelligent Library Managment System
2021-08-11 09:33:41 INFO     getcols_dspace file calling here
2021-08-11 09:33:41 WARNING  check db connection
2021-08-11 09:33:41 WARNING  chck db available
2021-08-11 09:33:41 WARNING  check table available
2021-08-11 09:33:41 WARNING  check server is on
2021-08-11 09:33:41 WARNING  if error occured then remove try catch block
2021-08-11 09:33:41 DEBUG    drdo database establishing in getcols_dspace file
2021-08-11 09:33:41 DEBUG    getcols_janes database connection establishing..in getcols_dspace FILE
2021-08-11 14:12:35 INFO     Welcome To Intelligent Library Managment System
2021-08-11 14:12:35 INFO     getcols_dspace file calling here
2021-08-11 14:12:35 WARNING  check db connection
2021-08-11 14:12:35 WARNING  chck db available
2021-08-11 14:12:35 WARNING  check table available
2021-08-11 14:12:35 WARNING  check server is on
2021-08-11 14:12:35 WARNING  if error occured then remove try catch block
2021-08-11 14:12:35 DEBUG    drdo database establishing in getcols_dspace file
2021-08-11 14:12:35 DEBUG    getcols_janes database connection establishing..in getcols_dspace FILE
2021-08-11 14:12:40 INFO     Welcome To Intelligent Library Managment System
2021-08-11 14:12:40 INFO     getcols_dspace file calling here
2021-08-11 14:12:40 WARNING  check db connection
2021-08-11 14:12:40 WARNING  chck db available
2021-08-11 14:12:40 WARNING  check table available
2021-08-11 14:12:40 WARNING  check server is on
2021-08-11 14:12:40 WARNING  if error occured then remove try catch block
2021-08-11 14:12:40 DEBUG    drdo database establishing in getcols_dspace file
2021-08-11 14:12:40 DEBUG    getcols_janes database connection establishing..in getcols_dspace FILE
