2021-11-09 01:32:34 INFO     Welcome To Intelligent Library Managment System
2021-11-09 01:32:34 INFO     getcols_dspace file calling here
2021-11-09 01:32:34 WARNING  check db connection
2021-11-09 01:32:34 WARNING  chck db available
2021-11-09 01:32:34 WARNING  check table available
2021-11-09 01:32:34 WARNING  check server is on
2021-11-09 01:32:34 WARNING  if error occured then remove try catch block
2021-11-09 01:32:34 DEBUG    drdo database establishing in getcols_dspace file
2021-11-09 01:32:34 DEBUG    getcols_janes database connection establishing..in getcols_dspace FILE
2021-11-09 01:32:38 INFO     Welcome To Intelligent Library Managment System
2021-11-09 01:32:38 INFO     getcols_dspace file calling here
2021-11-09 01:32:38 WARNING  check db connection
2021-11-09 01:32:38 WARNING  chck db available
2021-11-09 01:32:38 WARNING  check table available
2021-11-09 01:32:38 WARNING  check server is on
2021-11-09 01:32:38 WARNING  if error occured then remove try catch block
2021-11-09 01:32:38 DEBUG    drdo database establishing in getcols_dspace file
2021-11-09 01:32:38 DEBUG    getcols_janes database connection establishing..in getcols_dspace FILE
2021-11-09 09:59:33 INFO     Welcome To Intelligent Library Managment System
2021-11-09 09:59:33 INFO     getcols_dspace file calling here
2021-11-09 09:59:33 WARNING  check db connection
2021-11-09 09:59:33 WARNING  chck db available
2021-11-09 09:59:33 WARNING  check table available
2021-11-09 09:59:33 WARNING  check server is on
2021-11-09 09:59:33 WARNING  if error occured then remove try catch block
2021-11-09 09:59:33 DEBUG    drdo database establishing in getcols_dspace file
2021-11-09 09:59:33 DEBUG    getcols_janes database connection establishing..in getcols_dspace FILE
2021-11-09 09:59:38 INFO     Welcome To Intelligent Library Managment System
2021-11-09 09:59:38 INFO     getcols_dspace file calling here
2021-11-09 09:59:38 WARNING  check db connection
2021-11-09 09:59:38 WARNING  chck db available
2021-11-09 09:59:38 WARNING  check table available
2021-11-09 09:59:38 WARNING  check server is on
2021-11-09 09:59:38 WARNING  if error occured then remove try catch block
2021-11-09 09:59:38 DEBUG    drdo database establishing in getcols_dspace file
2021-11-09 09:59:38 DEBUG    getcols_janes database connection establishing..in getcols_dspace FILE
