2021-09-01 09:29:56 INFO     Welcome To Intelligent Library Managment System
2021-09-01 09:29:56 INFO     getcols_dspace file calling here
2021-09-01 09:29:56 WARNING  check db connection
2021-09-01 09:29:56 WARNING  chck db available
2021-09-01 09:29:56 WARNING  check table available
2021-09-01 09:29:56 WARNING  check server is on
2021-09-01 09:29:56 WARNING  if error occured then remove try catch block
2021-09-01 09:29:56 DEBUG    drdo database establishing in getcols_dspace file
2021-09-01 09:29:56 DEBUG    getcols_janes database connection establishing..in getcols_dspace FILE
2021-09-01 09:30:01 INFO     Welcome To Intelligent Library Managment System
2021-09-01 09:30:01 INFO     getcols_dspace file calling here
2021-09-01 09:30:01 WARNING  check db connection
2021-09-01 09:30:01 WARNING  chck db available
2021-09-01 09:30:01 WARNING  check table available
2021-09-01 09:30:01 WARNING  check server is on
2021-09-01 09:30:01 WARNING  if error occured then remove try catch block
2021-09-01 09:30:01 DEBUG    drdo database establishing in getcols_dspace file
2021-09-01 09:30:01 DEBUG    getcols_janes database connection establishing..in getcols_dspace FILE
2021-09-01 10:34:41 INFO     Welcome To Intelligent Library Managment System
2021-09-01 10:34:41 INFO     getcols_dspace file calling here
2021-09-01 10:34:41 WARNING  check db connection
2021-09-01 10:34:41 WARNING  chck db available
2021-09-01 10:34:41 WARNING  check table available
2021-09-01 10:34:41 WARNING  check server is on
2021-09-01 10:34:41 WARNING  if error occured then remove try catch block
2021-09-01 10:34:41 DEBUG    drdo database establishing in getcols_dspace file
2021-09-01 10:34:41 DEBUG    getcols_janes database connection establishing..in getcols_dspace FILE
2021-09-01 10:34:45 INFO     Welcome To Intelligent Library Managment System
2021-09-01 10:34:45 INFO     getcols_dspace file calling here
2021-09-01 10:34:45 WARNING  check db connection
2021-09-01 10:34:45 WARNING  chck db available
2021-09-01 10:34:45 WARNING  check table available
2021-09-01 10:34:45 WARNING  check server is on
2021-09-01 10:34:45 WARNING  if error occured then remove try catch block
2021-09-01 10:34:45 DEBUG    drdo database establishing in getcols_dspace file
2021-09-01 10:34:45 DEBUG    getcols_janes database connection establishing..in getcols_dspace FILE
2021-09-01 12:50:16 INFO     Welcome To Intelligent Library Managment System
2021-09-01 12:50:16 INFO     getcols_dspace file calling here
2021-09-01 12:50:16 WARNING  check db connection
2021-09-01 12:50:16 WARNING  chck db available
2021-09-01 12:50:16 WARNING  check table available
2021-09-01 12:50:16 WARNING  check server is on
2021-09-01 12:50:16 WARNING  if error occured then remove try catch block
2021-09-01 12:50:16 DEBUG    drdo database establishing in getcols_dspace file
2021-09-01 12:50:16 DEBUG    getcols_janes database connection establishing..in getcols_dspace FILE
2021-09-01 12:50:21 INFO     Welcome To Intelligent Library Managment System
2021-09-01 12:50:21 INFO     getcols_dspace file calling here
2021-09-01 12:50:21 WARNING  check db connection
2021-09-01 12:50:21 WARNING  chck db available
2021-09-01 12:50:21 WARNING  check table available
2021-09-01 12:50:21 WARNING  check server is on
2021-09-01 12:50:21 WARNING  if error occured then remove try catch block
2021-09-01 12:50:21 DEBUG    drdo database establishing in getcols_dspace file
2021-09-01 12:50:21 DEBUG    getcols_janes database connection establishing..in getcols_dspace FILE
2021-09-01 13:17:12 INFO     Welcome To Intelligent Library Managment System
2021-09-01 13:17:12 INFO     getcols_dspace file calling here
2021-09-01 13:17:12 WARNING  check db connection
2021-09-01 13:17:12 WARNING  chck db available
2021-09-01 13:17:12 WARNING  check table available
2021-09-01 13:17:12 WARNING  check server is on
2021-09-01 13:17:12 WARNING  if error occured then remove try catch block
2021-09-01 13:17:12 DEBUG    drdo database establishing in getcols_dspace file
2021-09-01 13:17:12 DEBUG    getcols_janes database connection establishing..in getcols_dspace FILE
2021-09-01 13:17:16 INFO     Welcome To Intelligent Library Managment System
2021-09-01 13:17:16 INFO     getcols_dspace file calling here
2021-09-01 13:17:16 WARNING  check db connection
2021-09-01 13:17:16 WARNING  chck db available
2021-09-01 13:17:16 WARNING  check table available
2021-09-01 13:17:16 WARNING  check server is on
2021-09-01 13:17:16 WARNING  if error occured then remove try catch block
2021-09-01 13:17:16 DEBUG    drdo database establishing in getcols_dspace file
2021-09-01 13:17:16 DEBUG    getcols_janes database connection establishing..in getcols_dspace FILE
