2021-09-03 09:48:58 INFO     Welcome To Intelligent Library Managment System
2021-09-03 09:48:58 INFO     getcols_dspace file calling here
2021-09-03 09:48:58 WARNING  check db connection
2021-09-03 09:48:58 WARNING  chck db available
2021-09-03 09:48:58 WARNING  check table available
2021-09-03 09:48:58 WARNING  check server is on
2021-09-03 09:48:58 WARNING  if error occured then remove try catch block
2021-09-03 09:48:58 DEBUG    drdo database establishing in getcols_dspace file
2021-09-03 09:48:58 DEBUG    getcols_janes database connection establishing..in getcols_dspace FILE
2021-09-03 09:49:02 INFO     Welcome To Intelligent Library Managment System
2021-09-03 09:49:02 INFO     getcols_dspace file calling here
2021-09-03 09:49:02 WARNING  check db connection
2021-09-03 09:49:02 WARNING  chck db available
2021-09-03 09:49:02 WARNING  check table available
2021-09-03 09:49:02 WARNING  check server is on
2021-09-03 09:49:02 WARNING  if error occured then remove try catch block
2021-09-03 09:49:02 DEBUG    drdo database establishing in getcols_dspace file
2021-09-03 09:49:02 DEBUG    getcols_janes database connection establishing..in getcols_dspace FILE
2021-09-03 15:29:12 INFO     Welcome To Intelligent Library Managment System
2021-09-03 15:29:12 INFO     getcols_dspace file calling here
2021-09-03 15:29:12 WARNING  check db connection
2021-09-03 15:29:12 WARNING  chck db available
2021-09-03 15:29:12 WARNING  check table available
2021-09-03 15:29:12 WARNING  check server is on
2021-09-03 15:29:12 WARNING  if error occured then remove try catch block
2021-09-03 15:29:12 DEBUG    drdo database establishing in getcols_dspace file
2021-09-03 15:29:12 DEBUG    getcols_janes database connection establishing..in getcols_dspace FILE
2021-09-03 15:29:16 INFO     Welcome To Intelligent Library Managment System
2021-09-03 15:29:16 INFO     getcols_dspace file calling here
2021-09-03 15:29:16 WARNING  check db connection
2021-09-03 15:29:16 WARNING  chck db available
2021-09-03 15:29:16 WARNING  check table available
2021-09-03 15:29:16 WARNING  check server is on
2021-09-03 15:29:16 WARNING  if error occured then remove try catch block
2021-09-03 15:29:16 DEBUG    drdo database establishing in getcols_dspace file
2021-09-03 15:29:16 DEBUG    getcols_janes database connection establishing..in getcols_dspace FILE
