2021-11-24 01:38:57 INFO     Welcome To Intelligent Library Managment System
2021-11-24 01:38:57 INFO     getcols_dspace file calling here
2021-11-24 01:38:57 WARNING  check db connection
2021-11-24 01:38:57 WARNING  chck db available
2021-11-24 01:38:57 WARNING  check table available
2021-11-24 01:38:57 WARNING  check server is on
2021-11-24 01:38:57 WARNING  if error occured then remove try catch block
2021-11-24 01:38:57 DEBUG    drdo database establishing in getcols_dspace file
2021-11-24 01:38:57 DEBUG    getcols_janes database connection establishing..in getcols_dspace FILE
2021-11-24 01:39:04 INFO     Welcome To Intelligent Library Managment System
2021-11-24 01:39:04 INFO     getcols_dspace file calling here
2021-11-24 01:39:04 WARNING  check db connection
2021-11-24 01:39:04 WARNING  chck db available
2021-11-24 01:39:04 WARNING  check table available
2021-11-24 01:39:04 WARNING  check server is on
2021-11-24 01:39:04 WARNING  if error occured then remove try catch block
2021-11-24 01:39:04 DEBUG    drdo database establishing in getcols_dspace file
2021-11-24 01:39:04 DEBUG    getcols_janes database connection establishing..in getcols_dspace FILE
2021-11-24 12:08:22 INFO     Welcome To Intelligent Library Managment System
2021-11-24 12:08:22 INFO     getcols_dspace file calling here
2021-11-24 12:08:22 WARNING  check db connection
2021-11-24 12:08:22 WARNING  chck db available
2021-11-24 12:08:22 WARNING  check table available
2021-11-24 12:08:22 WARNING  check server is on
2021-11-24 12:08:22 WARNING  if error occured then remove try catch block
2021-11-24 12:08:22 DEBUG    drdo database establishing in getcols_dspace file
2021-11-24 12:08:22 DEBUG    getcols_janes database connection establishing..in getcols_dspace FILE
2021-11-24 12:08:27 INFO     Welcome To Intelligent Library Managment System
2021-11-24 12:08:27 INFO     getcols_dspace file calling here
2021-11-24 12:08:27 WARNING  check db connection
2021-11-24 12:08:27 WARNING  chck db available
2021-11-24 12:08:27 WARNING  check table available
2021-11-24 12:08:27 WARNING  check server is on
2021-11-24 12:08:27 WARNING  if error occured then remove try catch block
2021-11-24 12:08:27 DEBUG    drdo database establishing in getcols_dspace file
2021-11-24 12:08:27 DEBUG    getcols_janes database connection establishing..in getcols_dspace FILE
