2021-08-20 01:29:25 INFO     Welcome To Intelligent Library Managment System
2021-08-20 01:29:25 INFO     getcols_dspace file calling here
2021-08-20 01:29:25 WARNING  check db connection
2021-08-20 01:29:25 WARNING  chck db available
2021-08-20 01:29:25 WARNING  check table available
2021-08-20 01:29:25 WARNING  check server is on
2021-08-20 01:29:25 WARNING  if error occured then remove try catch block
2021-08-20 01:29:25 DEBUG    drdo database establishing in getcols_dspace file
2021-08-20 01:29:25 DEBUG    getcols_janes database connection establishing..in getcols_dspace FILE
2021-08-20 01:29:32 INFO     Welcome To Intelligent Library Managment System
2021-08-20 01:29:32 INFO     getcols_dspace file calling here
2021-08-20 01:29:32 WARNING  check db connection
2021-08-20 01:29:32 WARNING  chck db available
2021-08-20 01:29:32 WARNING  check table available
2021-08-20 01:29:32 WARNING  check server is on
2021-08-20 01:29:32 WARNING  if error occured then remove try catch block
2021-08-20 01:29:32 DEBUG    drdo database establishing in getcols_dspace file
2021-08-20 01:29:32 DEBUG    getcols_janes database connection establishing..in getcols_dspace FILE
2021-08-20 11:19:48 INFO     Welcome To Intelligent Library Managment System
2021-08-20 11:19:48 INFO     getcols_dspace file calling here
2021-08-20 11:19:48 WARNING  check db connection
2021-08-20 11:19:48 WARNING  chck db available
2021-08-20 11:19:48 WARNING  check table available
2021-08-20 11:19:48 WARNING  check server is on
2021-08-20 11:19:48 WARNING  if error occured then remove try catch block
2021-08-20 11:19:48 DEBUG    drdo database establishing in getcols_dspace file
2021-08-20 11:19:48 DEBUG    getcols_janes database connection establishing..in getcols_dspace FILE
2021-08-20 11:19:52 INFO     Welcome To Intelligent Library Managment System
2021-08-20 11:19:52 INFO     getcols_dspace file calling here
2021-08-20 11:19:52 WARNING  check db connection
2021-08-20 11:19:52 WARNING  chck db available
2021-08-20 11:19:52 WARNING  check table available
2021-08-20 11:19:52 WARNING  check server is on
2021-08-20 11:19:52 WARNING  if error occured then remove try catch block
2021-08-20 11:19:52 DEBUG    drdo database establishing in getcols_dspace file
2021-08-20 11:19:52 DEBUG    getcols_janes database connection establishing..in getcols_dspace FILE
