2021-08-17 11:18:46 INFO     Welcome To Intelligent Library Managment System
2021-08-17 11:18:46 INFO     getcols_dspace file calling here
2021-08-17 11:18:46 WARNING  check db connection
2021-08-17 11:18:46 WARNING  chck db available
2021-08-17 11:18:46 WARNING  check table available
2021-08-17 11:18:46 WARNING  check server is on
2021-08-17 11:18:46 WARNING  if error occured then remove try catch block
2021-08-17 11:18:46 DEBUG    drdo database establishing in getcols_dspace file
2021-08-17 11:18:46 DEBUG    getcols_janes database connection establishing..in getcols_dspace FILE
2021-08-17 11:18:52 INFO     Welcome To Intelligent Library Managment System
2021-08-17 11:18:52 INFO     getcols_dspace file calling here
2021-08-17 11:18:52 WARNING  check db connection
2021-08-17 11:18:52 WARNING  chck db available
2021-08-17 11:18:52 WARNING  check table available
2021-08-17 11:18:52 WARNING  check server is on
2021-08-17 11:18:52 WARNING  if error occured then remove try catch block
2021-08-17 11:18:52 DEBUG    drdo database establishing in getcols_dspace file
2021-08-17 11:18:52 DEBUG    getcols_janes database connection establishing..in getcols_dspace FILE
2021-08-17 12:05:38 INFO     Welcome To Intelligent Library Managment System
2021-08-17 12:05:38 INFO     getcols_dspace file calling here
2021-08-17 12:05:38 WARNING  check db connection
2021-08-17 12:05:38 WARNING  chck db available
2021-08-17 12:05:38 WARNING  check table available
2021-08-17 12:05:38 WARNING  check server is on
2021-08-17 12:05:38 WARNING  if error occured then remove try catch block
2021-08-17 12:05:38 DEBUG    drdo database establishing in getcols_dspace file
2021-08-17 12:05:38 DEBUG    getcols_janes database connection establishing..in getcols_dspace FILE
2021-08-17 12:05:43 INFO     Welcome To Intelligent Library Managment System
2021-08-17 12:05:43 INFO     getcols_dspace file calling here
2021-08-17 12:05:43 WARNING  check db connection
2021-08-17 12:05:43 WARNING  chck db available
2021-08-17 12:05:43 WARNING  check table available
2021-08-17 12:05:43 WARNING  check server is on
2021-08-17 12:05:43 WARNING  if error occured then remove try catch block
2021-08-17 12:05:43 DEBUG    drdo database establishing in getcols_dspace file
2021-08-17 12:05:43 DEBUG    getcols_janes database connection establishing..in getcols_dspace FILE
2021-08-17 14:50:17 INFO     Welcome To Intelligent Library Managment System
2021-08-17 14:50:17 INFO     getcols_dspace file calling here
2021-08-17 14:50:17 WARNING  check db connection
2021-08-17 14:50:17 WARNING  chck db available
2021-08-17 14:50:17 WARNING  check table available
2021-08-17 14:50:17 WARNING  check server is on
2021-08-17 14:50:17 WARNING  if error occured then remove try catch block
2021-08-17 14:50:17 DEBUG    drdo database establishing in getcols_dspace file
2021-08-17 14:50:17 DEBUG    getcols_janes database connection establishing..in getcols_dspace FILE
2021-08-17 14:50:30 INFO     Welcome To Intelligent Library Managment System
2021-08-17 14:50:30 INFO     getcols_dspace file calling here
2021-08-17 14:50:30 WARNING  check db connection
2021-08-17 14:50:30 WARNING  chck db available
2021-08-17 14:50:30 WARNING  check table available
2021-08-17 14:50:30 WARNING  check server is on
2021-08-17 14:50:30 WARNING  if error occured then remove try catch block
2021-08-17 14:50:30 DEBUG    drdo database establishing in getcols_dspace file
2021-08-17 14:50:30 DEBUG    getcols_janes database connection establishing..in getcols_dspace FILE
