2021-11-18 01:34:14 INFO     Welcome To Intelligent Library Managment System
2021-11-18 01:34:14 INFO     getcols_dspace file calling here
2021-11-18 01:34:14 WARNING  check db connection
2021-11-18 01:34:14 WARNING  chck db available
2021-11-18 01:34:14 WARNING  check table available
2021-11-18 01:34:14 WARNING  check server is on
2021-11-18 01:34:14 WARNING  if error occured then remove try catch block
2021-11-18 01:34:14 DEBUG    drdo database establishing in getcols_dspace file
2021-11-18 01:34:14 DEBUG    getcols_janes database connection establishing..in getcols_dspace FILE
2021-11-18 01:34:19 INFO     Welcome To Intelligent Library Managment System
2021-11-18 01:34:19 INFO     getcols_dspace file calling here
2021-11-18 01:34:19 WARNING  check db connection
2021-11-18 01:34:19 WARNING  chck db available
2021-11-18 01:34:19 WARNING  check table available
2021-11-18 01:34:19 WARNING  check server is on
2021-11-18 01:34:19 WARNING  if error occured then remove try catch block
2021-11-18 01:34:19 DEBUG    drdo database establishing in getcols_dspace file
2021-11-18 01:34:19 DEBUG    getcols_janes database connection establishing..in getcols_dspace FILE
2021-11-18 14:39:12 INFO     Welcome To Intelligent Library Managment System
2021-11-18 14:39:12 INFO     getcols_dspace file calling here
2021-11-18 14:39:12 WARNING  check db connection
2021-11-18 14:39:12 WARNING  chck db available
2021-11-18 14:39:12 WARNING  check table available
2021-11-18 14:39:12 WARNING  check server is on
2021-11-18 14:39:12 WARNING  if error occured then remove try catch block
2021-11-18 14:39:12 DEBUG    drdo database establishing in getcols_dspace file
2021-11-18 14:39:12 DEBUG    getcols_janes database connection establishing..in getcols_dspace FILE
2021-11-18 14:39:16 INFO     Welcome To Intelligent Library Managment System
2021-11-18 14:39:16 INFO     getcols_dspace file calling here
2021-11-18 14:39:16 WARNING  check db connection
2021-11-18 14:39:16 WARNING  chck db available
2021-11-18 14:39:16 WARNING  check table available
2021-11-18 14:39:16 WARNING  check server is on
2021-11-18 14:39:16 WARNING  if error occured then remove try catch block
2021-11-18 14:39:16 DEBUG    drdo database establishing in getcols_dspace file
2021-11-18 14:39:16 DEBUG    getcols_janes database connection establishing..in getcols_dspace FILE
