2021-09-14 01:29:05 INFO     Welcome To Intelligent Library Managment System
2021-09-14 01:29:05 INFO     getcols_dspace file calling here
2021-09-14 01:29:05 WARNING  check db connection
2021-09-14 01:29:05 WARNING  chck db available
2021-09-14 01:29:05 WARNING  check table available
2021-09-14 01:29:05 WARNING  check server is on
2021-09-14 01:29:05 WARNING  if error occured then remove try catch block
2021-09-14 01:29:05 DEBUG    drdo database establishing in getcols_dspace file
2021-09-14 01:29:05 DEBUG    getcols_janes database connection establishing..in getcols_dspace FILE
2021-09-14 01:29:09 INFO     Welcome To Intelligent Library Managment System
2021-09-14 01:29:09 INFO     getcols_dspace file calling here
2021-09-14 01:29:09 WARNING  check db connection
2021-09-14 01:29:09 WARNING  chck db available
2021-09-14 01:29:09 WARNING  check table available
2021-09-14 01:29:09 WARNING  check server is on
2021-09-14 01:29:09 WARNING  if error occured then remove try catch block
2021-09-14 01:29:09 DEBUG    drdo database establishing in getcols_dspace file
2021-09-14 01:29:09 DEBUG    getcols_janes database connection establishing..in getcols_dspace FILE
2021-09-14 12:52:36 INFO     Welcome To Intelligent Library Managment System
2021-09-14 12:52:36 INFO     getcols_dspace file calling here
2021-09-14 12:52:36 WARNING  check db connection
2021-09-14 12:52:36 WARNING  chck db available
2021-09-14 12:52:36 WARNING  check table available
2021-09-14 12:52:36 WARNING  check server is on
2021-09-14 12:52:36 WARNING  if error occured then remove try catch block
2021-09-14 12:52:36 DEBUG    drdo database establishing in getcols_dspace file
2021-09-14 12:52:36 DEBUG    getcols_janes database connection establishing..in getcols_dspace FILE
2021-09-14 12:52:41 INFO     Welcome To Intelligent Library Managment System
2021-09-14 12:52:41 INFO     getcols_dspace file calling here
2021-09-14 12:52:41 WARNING  check db connection
2021-09-14 12:52:41 WARNING  chck db available
2021-09-14 12:52:41 WARNING  check table available
2021-09-14 12:52:41 WARNING  check server is on
2021-09-14 12:52:41 WARNING  if error occured then remove try catch block
2021-09-14 12:52:41 DEBUG    drdo database establishing in getcols_dspace file
2021-09-14 12:52:41 DEBUG    getcols_janes database connection establishing..in getcols_dspace FILE
