2021-08-04 13:30:51 INFO     Welcome To Intelligent Library Managment System
2021-08-04 13:30:51 INFO     getcols_dspace file calling here
2021-08-04 13:30:51 WARNING  check db connection
2021-08-04 13:30:51 WARNING  chck db available
2021-08-04 13:30:51 WARNING  check table available
2021-08-04 13:30:51 WARNING  check server is on
2021-08-04 13:30:51 WARNING  if error occured then remove try catch block
2021-08-04 13:30:51 DEBUG    drdo database establishing in getcols_dspace file
2021-08-04 13:30:51 DEBUG    getcols_janes database connection establishing..in getcols_dspace FILE
2021-08-04 14:03:13 INFO     Welcome To Intelligent Library Managment System
2021-08-04 14:03:13 INFO     getcols_dspace file calling here
2021-08-04 14:03:13 WARNING  check db connection
2021-08-04 14:03:13 WARNING  chck db available
2021-08-04 14:03:13 WARNING  check table available
2021-08-04 14:03:13 WARNING  check server is on
2021-08-04 14:03:13 WARNING  if error occured then remove try catch block
2021-08-04 14:03:13 DEBUG    drdo database establishing in getcols_dspace file
2021-08-04 14:03:13 DEBUG    getcols_janes database connection establishing..in getcols_dspace FILE
2021-08-04 14:11:11 INFO     Welcome To Intelligent Library Managment System
2021-08-04 14:11:11 INFO     getcols_dspace file calling here
2021-08-04 14:11:11 WARNING  check db connection
2021-08-04 14:11:11 WARNING  chck db available
2021-08-04 14:11:11 WARNING  check table available
2021-08-04 14:11:11 WARNING  check server is on
2021-08-04 14:11:11 WARNING  if error occured then remove try catch block
2021-08-04 14:11:11 DEBUG    drdo database establishing in getcols_dspace file
2021-08-04 14:11:11 DEBUG    getcols_janes database connection establishing..in getcols_dspace FILE
2021-08-04 14:12:58 INFO     Welcome To Intelligent Library Managment System
2021-08-04 14:12:58 INFO     getcols_dspace file calling here
2021-08-04 14:12:58 WARNING  check db connection
2021-08-04 14:12:58 WARNING  chck db available
2021-08-04 14:12:58 WARNING  check table available
2021-08-04 14:12:58 WARNING  check server is on
2021-08-04 14:12:58 WARNING  if error occured then remove try catch block
2021-08-04 14:12:58 DEBUG    drdo database establishing in getcols_dspace file
2021-08-04 14:12:58 DEBUG    getcols_janes database connection establishing..in getcols_dspace FILE
