2021-08-31 09:31:54 INFO     Welcome To Intelligent Library Managment System
2021-08-31 09:31:54 INFO     autosuggestion_all file calling here
2021-08-31 09:31:54 WARNING  check db connection
2021-08-31 09:31:54 WARNING  chck db available
2021-08-31 09:31:54 WARNING  check table available
2021-08-31 09:31:54 WARNING  check server is on
2021-08-31 09:31:54 WARNING  if error occured then remove try catch block
2021-08-31 09:31:54 DEBUG    drdo database establishing in autosuggestion_all file
2021-08-31 09:31:54 DEBUG    testing database connection establishing..in autosuggestion_all FILE
2021-08-31 09:31:54 DEBUG    new_auth_plugin: mysql_native_password
2021-08-31 09:31:54 INFO     getcols table in testing db is connnected successfully in autosuggestion_all file
2021-08-31 12:22:26 INFO     Welcome To Intelligent Library Managment System
2021-08-31 12:22:26 INFO     autosuggestion_all file calling here
2021-08-31 12:22:26 WARNING  check db connection
2021-08-31 12:22:26 WARNING  chck db available
2021-08-31 12:22:26 WARNING  check table available
2021-08-31 12:22:26 WARNING  check server is on
2021-08-31 12:22:26 WARNING  if error occured then remove try catch block
2021-08-31 12:22:26 DEBUG    drdo database establishing in autosuggestion_all file
2021-08-31 12:22:26 DEBUG    testing database connection establishing..in autosuggestion_all FILE
2021-08-31 12:22:26 DEBUG    new_auth_plugin: mysql_native_password
2021-08-31 12:22:26 INFO     getcols table in testing db is connnected successfully in autosuggestion_all file
2021-09-01 09:41:58 INFO     Welcome To Intelligent Library Managment System
2021-09-01 09:41:58 INFO     autosuggestion_all file calling here
2021-09-01 09:41:58 WARNING  check db connection
2021-09-01 09:41:58 WARNING  chck db available
2021-09-01 09:41:58 WARNING  check table available
2021-09-01 09:41:58 WARNING  check server is on
2021-09-01 09:41:58 WARNING  if error occured then remove try catch block
2021-09-01 09:41:58 DEBUG    drdo database establishing in autosuggestion_all file
2021-09-01 09:41:58 DEBUG    testing database connection establishing..in autosuggestion_all FILE
2021-09-01 09:41:58 DEBUG    new_auth_plugin: mysql_native_password
2021-09-01 09:41:58 INFO     getcols table in testing db is connnected successfully in autosuggestion_all file
2021-09-01 10:47:02 INFO     Welcome To Intelligent Library Managment System
2021-09-01 10:47:02 INFO     autosuggestion_all file calling here
2021-09-01 10:47:02 WARNING  check db connection
2021-09-01 10:47:02 WARNING  chck db available
2021-09-01 10:47:02 WARNING  check table available
2021-09-01 10:47:02 WARNING  check server is on
2021-09-01 10:47:02 WARNING  if error occured then remove try catch block
2021-09-01 10:47:02 DEBUG    drdo database establishing in autosuggestion_all file
2021-09-01 10:47:02 DEBUG    testing database connection establishing..in autosuggestion_all FILE
2021-09-01 10:47:02 DEBUG    new_auth_plugin: mysql_native_password
2021-09-01 10:47:02 INFO     getcols table in testing db is connnected successfully in autosuggestion_all file
2021-09-01 13:02:29 INFO     Welcome To Intelligent Library Managment System
2021-09-01 13:02:29 INFO     autosuggestion_all file calling here
2021-09-01 13:02:29 WARNING  check db connection
2021-09-01 13:02:29 WARNING  chck db available
2021-09-01 13:02:29 WARNING  check table available
2021-09-01 13:02:29 WARNING  check server is on
2021-09-01 13:02:29 WARNING  if error occured then remove try catch block
2021-09-01 13:02:29 DEBUG    drdo database establishing in autosuggestion_all file
2021-09-01 13:02:29 DEBUG    testing database connection establishing..in autosuggestion_all FILE
2021-09-01 13:02:29 DEBUG    new_auth_plugin: mysql_native_password
2021-09-01 13:02:29 INFO     getcols table in testing db is connnected successfully in autosuggestion_all file
2021-09-01 13:29:27 INFO     Welcome To Intelligent Library Managment System
2021-09-01 13:29:27 INFO     autosuggestion_all file calling here
2021-09-01 13:29:27 WARNING  check db connection
2021-09-01 13:29:27 WARNING  chck db available
2021-09-01 13:29:27 WARNING  check table available
2021-09-01 13:29:27 WARNING  check server is on
2021-09-01 13:29:27 WARNING  if error occured then remove try catch block
2021-09-01 13:29:27 DEBUG    drdo database establishing in autosuggestion_all file
2021-09-01 13:29:27 DEBUG    testing database connection establishing..in autosuggestion_all FILE
2021-09-01 13:29:27 DEBUG    new_auth_plugin: mysql_native_password
2021-09-01 13:29:27 INFO     getcols table in testing db is connnected successfully in autosuggestion_all file
2021-09-02 11:28:33 INFO     Welcome To Intelligent Library Managment System
2021-09-02 11:28:33 INFO     autosuggestion_all file calling here
2021-09-02 11:28:33 WARNING  check db connection
2021-09-02 11:28:33 WARNING  chck db available
2021-09-02 11:28:33 WARNING  check table available
2021-09-02 11:28:33 WARNING  check server is on
2021-09-02 11:28:33 WARNING  if error occured then remove try catch block
2021-09-02 11:28:33 DEBUG    drdo database establishing in autosuggestion_all file
2021-09-02 11:28:33 DEBUG    testing database connection establishing..in autosuggestion_all FILE
2021-09-02 12:14:39 INFO     Welcome To Intelligent Library Managment System
2021-09-02 12:14:39 INFO     autosuggestion_all file calling here
2021-09-02 12:14:39 WARNING  check db connection
2021-09-02 12:14:39 WARNING  chck db available
2021-09-02 12:14:39 WARNING  check table available
2021-09-02 12:14:39 WARNING  check server is on
2021-09-02 12:14:39 WARNING  if error occured then remove try catch block
2021-09-02 12:14:39 DEBUG    drdo database establishing in autosuggestion_all file
2021-09-02 12:14:39 DEBUG    testing database connection establishing..in autosuggestion_all FILE
2021-09-02 12:14:39 DEBUG    new_auth_plugin: mysql_native_password
2021-09-02 12:14:39 INFO     getcols table in testing db is connnected successfully in autosuggestion_all file
2021-09-02 16:01:54 INFO     Welcome To Intelligent Library Managment System
2021-09-02 16:01:54 INFO     autosuggestion_all file calling here
2021-09-02 16:01:54 WARNING  check db connection
2021-09-02 16:01:54 WARNING  chck db available
2021-09-02 16:01:54 WARNING  check table available
2021-09-02 16:01:54 WARNING  check server is on
2021-09-02 16:01:54 WARNING  if error occured then remove try catch block
2021-09-02 16:01:54 DEBUG    drdo database establishing in autosuggestion_all file
2021-09-02 16:01:54 DEBUG    testing database connection establishing..in autosuggestion_all FILE
2021-09-02 16:01:54 DEBUG    new_auth_plugin: mysql_native_password
2021-09-02 16:01:54 INFO     getcols table in testing db is connnected successfully in autosuggestion_all file
2021-09-03 10:01:24 INFO     Welcome To Intelligent Library Managment System
2021-09-03 10:01:24 INFO     autosuggestion_all file calling here
2021-09-03 10:01:24 WARNING  check db connection
2021-09-03 10:01:24 WARNING  chck db available
2021-09-03 10:01:24 WARNING  check table available
2021-09-03 10:01:24 WARNING  check server is on
2021-09-03 10:01:24 WARNING  if error occured then remove try catch block
2021-09-03 10:01:24 DEBUG    drdo database establishing in autosuggestion_all file
2021-09-03 10:01:24 DEBUG    testing database connection establishing..in autosuggestion_all FILE
2021-09-03 10:01:24 DEBUG    new_auth_plugin: mysql_native_password
2021-09-03 10:01:24 INFO     getcols table in testing db is connnected successfully in autosuggestion_all file
2021-09-03 15:41:02 INFO     Welcome To Intelligent Library Managment System
2021-09-03 15:41:02 INFO     autosuggestion_all file calling here
2021-09-03 15:41:02 WARNING  check db connection
2021-09-03 15:41:02 WARNING  chck db available
2021-09-03 15:41:02 WARNING  check table available
2021-09-03 15:41:02 WARNING  check server is on
2021-09-03 15:41:02 WARNING  if error occured then remove try catch block
2021-09-03 15:41:02 DEBUG    drdo database establishing in autosuggestion_all file
2021-09-03 15:41:02 DEBUG    testing database connection establishing..in autosuggestion_all FILE
2021-09-03 15:41:02 DEBUG    new_auth_plugin: mysql_native_password
2021-09-03 15:41:02 INFO     getcols table in testing db is connnected successfully in autosuggestion_all file
2021-09-07 10:24:09 INFO     Welcome To Intelligent Library Managment System
2021-09-07 10:24:09 INFO     autosuggestion_all file calling here
2021-09-07 10:24:09 WARNING  check db connection
2021-09-07 10:24:09 WARNING  chck db available
2021-09-07 10:24:09 WARNING  check table available
2021-09-07 10:24:09 WARNING  check server is on
2021-09-07 10:24:09 WARNING  if error occured then remove try catch block
2021-09-07 10:24:09 DEBUG    drdo database establishing in autosuggestion_all file
2021-09-07 10:24:09 DEBUG    testing database connection establishing..in autosuggestion_all FILE
2021-09-07 10:24:09 DEBUG    new_auth_plugin: mysql_native_password
2021-09-07 10:24:09 INFO     getcols table in testing db is connnected successfully in autosuggestion_all file
2021-09-07 11:58:55 INFO     Welcome To Intelligent Library Managment System
2021-09-07 11:58:55 INFO     autosuggestion_all file calling here
2021-09-07 11:58:55 WARNING  check db connection
2021-09-07 11:58:55 WARNING  chck db available
2021-09-07 11:58:55 WARNING  check table available
2021-09-07 11:58:55 WARNING  check server is on
2021-09-07 11:58:55 WARNING  if error occured then remove try catch block
2021-09-07 11:58:55 DEBUG    drdo database establishing in autosuggestion_all file
2021-09-07 11:58:55 DEBUG    testing database connection establishing..in autosuggestion_all FILE
2021-09-07 11:58:55 DEBUG    new_auth_plugin: mysql_native_password
2021-09-07 11:58:55 INFO     getcols table in testing db is connnected successfully in autosuggestion_all file
2021-09-08 02:06:06 INFO     Welcome To Intelligent Library Managment System
2021-09-08 02:06:06 INFO     autosuggestion_all file calling here
2021-09-08 02:06:06 WARNING  check db connection
2021-09-08 02:06:06 WARNING  chck db available
2021-09-08 02:06:06 WARNING  check table available
2021-09-08 02:06:06 WARNING  check server is on
2021-09-08 02:06:06 WARNING  if error occured then remove try catch block
2021-09-08 02:06:06 DEBUG    drdo database establishing in autosuggestion_all file
2021-09-08 02:06:06 DEBUG    testing database connection establishing..in autosuggestion_all FILE
2021-09-08 02:39:27 INFO     getcols table in testing db is not connnected successfully in autosuggestion_all file
2021-09-08 13:29:37 INFO     Welcome To Intelligent Library Managment System
2021-09-08 13:29:37 INFO     autosuggestion_all file calling here
2021-09-08 13:29:37 WARNING  check db connection
2021-09-08 13:29:37 WARNING  chck db available
2021-09-08 13:29:37 WARNING  check table available
2021-09-08 13:29:37 WARNING  check server is on
2021-09-08 13:29:37 WARNING  if error occured then remove try catch block
2021-09-08 13:29:37 DEBUG    drdo database establishing in autosuggestion_all file
2021-09-08 13:29:37 DEBUG    testing database connection establishing..in autosuggestion_all FILE
2021-09-08 14:02:58 INFO     getcols table in testing db is not connnected successfully in autosuggestion_all file
2021-09-09 01:46:08 INFO     Welcome To Intelligent Library Managment System
2021-09-09 01:46:08 INFO     autosuggestion_all file calling here
2021-09-09 01:46:08 WARNING  check db connection
2021-09-09 01:46:08 WARNING  chck db available
2021-09-09 01:46:08 WARNING  check table available
2021-09-09 01:46:08 WARNING  check server is on
2021-09-09 01:46:08 WARNING  if error occured then remove try catch block
2021-09-09 01:46:08 DEBUG    drdo database establishing in autosuggestion_all file
2021-09-09 01:46:08 DEBUG    testing database connection establishing..in autosuggestion_all FILE
2021-09-09 01:46:08 DEBUG    new_auth_plugin: mysql_native_password
2021-09-09 01:46:08 INFO     getcols table in testing db is connnected successfully in autosuggestion_all file
2021-09-10 01:48:31 INFO     Welcome To Intelligent Library Managment System
2021-09-10 01:48:31 INFO     autosuggestion_all file calling here
2021-09-10 01:48:31 WARNING  check db connection
2021-09-10 01:48:31 WARNING  chck db available
2021-09-10 01:48:31 WARNING  check table available
2021-09-10 01:48:31 WARNING  check server is on
2021-09-10 01:48:31 WARNING  if error occured then remove try catch block
2021-09-10 01:48:31 DEBUG    drdo database establishing in autosuggestion_all file
2021-09-10 01:48:31 DEBUG    testing database connection establishing..in autosuggestion_all FILE
2021-09-10 01:48:31 DEBUG    new_auth_plugin: mysql_native_password
2021-09-10 01:48:31 INFO     getcols table in testing db is connnected successfully in autosuggestion_all file
2021-09-11 01:42:28 INFO     Welcome To Intelligent Library Managment System
2021-09-11 01:42:28 INFO     autosuggestion_all file calling here
2021-09-11 01:42:28 WARNING  check db connection
2021-09-11 01:42:28 WARNING  chck db available
2021-09-11 01:42:28 WARNING  check table available
2021-09-11 01:42:28 WARNING  check server is on
2021-09-11 01:42:28 WARNING  if error occured then remove try catch block
2021-09-11 01:42:28 DEBUG    drdo database establishing in autosuggestion_all file
2021-09-11 01:42:28 DEBUG    testing database connection establishing..in autosuggestion_all FILE
2021-09-11 01:42:28 DEBUG    new_auth_plugin: mysql_native_password
2021-09-11 01:42:28 INFO     getcols table in testing db is connnected successfully in autosuggestion_all file
2021-09-12 02:01:57 INFO     Welcome To Intelligent Library Managment System
2021-09-12 02:01:57 INFO     autosuggestion_all file calling here
2021-09-12 02:01:57 WARNING  check db connection
2021-09-12 02:01:57 WARNING  chck db available
2021-09-12 02:01:57 WARNING  check table available
2021-09-12 02:01:57 WARNING  check server is on
2021-09-12 02:01:57 WARNING  if error occured then remove try catch block
2021-09-12 02:01:57 DEBUG    drdo database establishing in autosuggestion_all file
2021-09-12 02:01:57 DEBUG    testing database connection establishing..in autosuggestion_all FILE
2021-09-12 02:01:57 DEBUG    new_auth_plugin: mysql_native_password
2021-09-12 02:01:57 INFO     getcols table in testing db is connnected successfully in autosuggestion_all file
2021-09-13 02:05:06 INFO     Welcome To Intelligent Library Managment System
2021-09-13 02:05:06 INFO     autosuggestion_all file calling here
2021-09-13 02:05:06 WARNING  check db connection
2021-09-13 02:05:06 WARNING  chck db available
2021-09-13 02:05:06 WARNING  check table available
2021-09-13 02:05:06 WARNING  check server is on
2021-09-13 02:05:06 WARNING  if error occured then remove try catch block
2021-09-13 02:05:06 DEBUG    drdo database establishing in autosuggestion_all file
2021-09-13 02:05:06 DEBUG    testing database connection establishing..in autosuggestion_all FILE
2021-09-13 02:05:06 DEBUG    new_auth_plugin: mysql_native_password
2021-09-13 02:05:06 INFO     getcols table in testing db is connnected successfully in autosuggestion_all file
2021-09-13 11:12:55 INFO     Welcome To Intelligent Library Managment System
2021-09-13 11:12:55 INFO     autosuggestion_all file calling here
2021-09-13 11:12:55 WARNING  check db connection
2021-09-13 11:12:55 WARNING  chck db available
2021-09-13 11:12:55 WARNING  check table available
2021-09-13 11:12:55 WARNING  check server is on
2021-09-13 11:12:55 WARNING  if error occured then remove try catch block
2021-09-13 11:12:55 DEBUG    drdo database establishing in autosuggestion_all file
2021-09-13 11:12:55 DEBUG    testing database connection establishing..in autosuggestion_all FILE
2021-09-13 11:12:55 DEBUG    new_auth_plugin: mysql_native_password
2021-09-13 11:12:55 INFO     getcols table in testing db is connnected successfully in autosuggestion_all file
2021-09-14 02:12:59 INFO     Welcome To Intelligent Library Managment System
2021-09-14 02:12:59 INFO     autosuggestion_all file calling here
2021-09-14 02:12:59 WARNING  check db connection
2021-09-14 02:12:59 WARNING  chck db available
2021-09-14 02:12:59 WARNING  check table available
2021-09-14 02:12:59 WARNING  check server is on
2021-09-14 02:12:59 WARNING  if error occured then remove try catch block
2021-09-14 02:12:59 DEBUG    drdo database establishing in autosuggestion_all file
2021-09-14 02:12:59 DEBUG    testing database connection establishing..in autosuggestion_all FILE
2021-09-14 02:13:00 DEBUG    new_auth_plugin: mysql_native_password
2021-09-14 02:13:00 INFO     getcols table in testing db is connnected successfully in autosuggestion_all file
2021-09-14 13:35:36 INFO     Welcome To Intelligent Library Managment System
2021-09-14 13:35:36 INFO     autosuggestion_all file calling here
2021-09-14 13:35:36 WARNING  check db connection
2021-09-14 13:35:36 WARNING  chck db available
2021-09-14 13:35:36 WARNING  check table available
2021-09-14 13:35:36 WARNING  check server is on
2021-09-14 13:35:36 WARNING  if error occured then remove try catch block
2021-09-14 13:35:36 DEBUG    drdo database establishing in autosuggestion_all file
2021-09-14 13:35:36 DEBUG    testing database connection establishing..in autosuggestion_all FILE
2021-09-14 13:35:36 DEBUG    new_auth_plugin: mysql_native_password
2021-09-14 13:35:36 INFO     getcols table in testing db is connnected successfully in autosuggestion_all file
2021-09-15 01:42:43 INFO     Welcome To Intelligent Library Managment System
2021-09-15 01:42:43 INFO     autosuggestion_all file calling here
2021-09-15 01:42:43 WARNING  check db connection
2021-09-15 01:42:43 WARNING  chck db available
2021-09-15 01:42:43 WARNING  check table available
2021-09-15 01:42:43 WARNING  check server is on
2021-09-15 01:42:43 WARNING  if error occured then remove try catch block
2021-09-15 01:42:43 DEBUG    drdo database establishing in autosuggestion_all file
2021-09-15 01:42:43 DEBUG    testing database connection establishing..in autosuggestion_all FILE
2021-09-15 01:42:43 DEBUG    new_auth_plugin: mysql_native_password
2021-09-15 01:42:43 INFO     getcols table in testing db is connnected successfully in autosuggestion_all file
2021-09-16 01:42:31 INFO     Welcome To Intelligent Library Managment System
2021-09-16 01:42:31 INFO     autosuggestion_all file calling here
2021-09-16 01:42:31 WARNING  check db connection
2021-09-16 01:42:31 WARNING  chck db available
2021-09-16 01:42:31 WARNING  check table available
2021-09-16 01:42:31 WARNING  check server is on
2021-09-16 01:42:31 WARNING  if error occured then remove try catch block
2021-09-16 01:42:31 DEBUG    drdo database establishing in autosuggestion_all file
2021-09-16 01:42:31 DEBUG    testing database connection establishing..in autosuggestion_all FILE
2021-09-16 01:42:31 DEBUG    new_auth_plugin: mysql_native_password
2021-09-16 01:42:31 INFO     getcols table in testing db is connnected successfully in autosuggestion_all file
2021-09-17 01:41:50 INFO     Welcome To Intelligent Library Managment System
2021-09-17 01:41:50 INFO     autosuggestion_all file calling here
2021-09-17 01:41:50 WARNING  check db connection
2021-09-17 01:41:50 WARNING  chck db available
2021-09-17 01:41:50 WARNING  check table available
2021-09-17 01:41:50 WARNING  check server is on
2021-09-17 01:41:50 WARNING  if error occured then remove try catch block
2021-09-17 01:41:50 DEBUG    drdo database establishing in autosuggestion_all file
2021-09-17 01:41:50 DEBUG    testing database connection establishing..in autosuggestion_all FILE
2021-09-17 01:41:50 DEBUG    new_auth_plugin: mysql_native_password
2021-09-17 01:41:50 INFO     getcols table in testing db is connnected successfully in autosuggestion_all file
2021-09-17 16:53:28 INFO     Welcome To Intelligent Library Managment System
2021-09-17 16:53:28 INFO     autosuggestion_all file calling here
2021-09-17 16:53:28 WARNING  check db connection
2021-09-17 16:53:28 WARNING  chck db available
2021-09-17 16:53:28 WARNING  check table available
2021-09-17 16:53:28 WARNING  check server is on
2021-09-17 16:53:28 WARNING  if error occured then remove try catch block
2021-09-17 16:53:28 DEBUG    drdo database establishing in autosuggestion_all file
2021-09-17 16:53:28 DEBUG    testing database connection establishing..in autosuggestion_all FILE
2021-09-17 16:53:28 DEBUG    new_auth_plugin: mysql_native_password
2021-09-17 16:53:28 INFO     getcols table in testing db is connnected successfully in autosuggestion_all file
2021-09-18 01:43:19 INFO     Welcome To Intelligent Library Managment System
2021-09-18 01:43:19 INFO     autosuggestion_all file calling here
2021-09-18 01:43:19 WARNING  check db connection
2021-09-18 01:43:19 WARNING  chck db available
2021-09-18 01:43:19 WARNING  check table available
2021-09-18 01:43:19 WARNING  check server is on
2021-09-18 01:43:19 WARNING  if error occured then remove try catch block
2021-09-18 01:43:19 DEBUG    drdo database establishing in autosuggestion_all file
2021-09-18 01:43:19 DEBUG    testing database connection establishing..in autosuggestion_all FILE
2021-09-18 01:43:19 DEBUG    new_auth_plugin: mysql_native_password
2021-09-18 01:43:19 INFO     getcols table in testing db is connnected successfully in autosuggestion_all file
2021-10-05 15:00:35 INFO     Welcome To Intelligent Library Managment System
2021-10-05 15:00:36 INFO     autosuggestion_all file calling here
2021-10-05 15:00:36 WARNING  check db connection
2021-10-05 15:00:36 WARNING  chck db available
2021-10-05 15:00:36 WARNING  check table available
2021-10-05 15:00:36 WARNING  check server is on
2021-10-05 15:00:36 WARNING  if error occured then remove try catch block
2021-10-05 15:00:36 DEBUG    drdo database establishing in autosuggestion_all file
2021-10-05 15:00:36 DEBUG    testing database connection establishing..in autosuggestion_all FILE
2021-10-05 15:33:57 INFO     getcols table in testing db is not connnected successfully in autosuggestion_all file
2021-10-08 02:02:46 INFO     Welcome To Intelligent Library Managment System
2021-10-08 02:02:46 INFO     autosuggestion_all file calling here
2021-10-08 02:02:46 WARNING  check db connection
2021-10-08 02:02:46 WARNING  chck db available
2021-10-08 02:02:46 WARNING  check table available
2021-10-08 02:02:46 WARNING  check server is on
2021-10-08 02:02:46 WARNING  if error occured then remove try catch block
2021-10-08 02:02:46 DEBUG    drdo database establishing in autosuggestion_all file
2021-10-08 02:02:46 DEBUG    testing database connection establishing..in autosuggestion_all FILE
2021-10-08 02:02:46 DEBUG    new_auth_plugin: mysql_native_password
2021-10-08 02:02:46 INFO     getcols table in testing db is connnected successfully in autosuggestion_all file
2021-10-11 10:42:07 INFO     Welcome To Intelligent Library Managment System
2021-10-11 10:42:07 INFO     autosuggestion_all file calling here
2021-10-11 10:42:07 WARNING  check db connection
2021-10-11 10:42:07 WARNING  chck db available
2021-10-11 10:42:07 WARNING  check table available
2021-10-11 10:42:07 WARNING  check server is on
2021-10-11 10:42:07 WARNING  if error occured then remove try catch block
2021-10-11 10:42:07 DEBUG    drdo database establishing in autosuggestion_all file
2021-10-11 10:42:07 DEBUG    testing database connection establishing..in autosuggestion_all FILE
2021-10-11 10:42:07 DEBUG    new_auth_plugin: mysql_native_password
2021-10-11 10:42:07 INFO     getcols table in testing db is connnected successfully in autosuggestion_all file
2021-10-13 01:44:41 INFO     Welcome To Intelligent Library Managment System
2021-10-13 01:44:41 INFO     autosuggestion_all file calling here
2021-10-13 01:44:41 WARNING  check db connection
2021-10-13 01:44:41 WARNING  chck db available
2021-10-13 01:44:41 WARNING  check table available
2021-10-13 01:44:41 WARNING  check server is on
2021-10-13 01:44:41 WARNING  if error occured then remove try catch block
2021-10-13 01:44:41 DEBUG    drdo database establishing in autosuggestion_all file
2021-10-13 01:44:41 DEBUG    testing database connection establishing..in autosuggestion_all FILE
2021-10-13 01:44:41 DEBUG    new_auth_plugin: mysql_native_password
2021-10-13 01:44:41 INFO     getcols table in testing db is connnected successfully in autosuggestion_all file
2021-10-14 01:42:37 INFO     Welcome To Intelligent Library Managment System
2021-10-14 01:42:37 INFO     autosuggestion_all file calling here
2021-10-14 01:42:37 WARNING  check db connection
2021-10-14 01:42:37 WARNING  chck db available
2021-10-14 01:42:37 WARNING  check table available
2021-10-14 01:42:37 WARNING  check server is on
2021-10-14 01:42:37 WARNING  if error occured then remove try catch block
2021-10-14 01:42:37 DEBUG    drdo database establishing in autosuggestion_all file
2021-10-14 01:42:37 DEBUG    testing database connection establishing..in autosuggestion_all FILE
2021-10-14 01:42:37 DEBUG    new_auth_plugin: mysql_native_password
2021-10-14 01:42:37 INFO     getcols table in testing db is connnected successfully in autosuggestion_all file
2021-10-18 15:45:51 INFO     Welcome To Intelligent Library Managment System
2021-10-18 15:45:51 INFO     autosuggestion_all file calling here
2021-10-18 15:45:51 WARNING  check db connection
2021-10-18 15:45:51 WARNING  chck db available
2021-10-18 15:45:51 WARNING  check table available
2021-10-18 15:45:51 WARNING  check server is on
2021-10-18 15:45:51 WARNING  if error occured then remove try catch block
2021-10-18 15:45:51 DEBUG    drdo database establishing in autosuggestion_all file
2021-10-18 15:45:51 DEBUG    testing database connection establishing..in autosuggestion_all FILE
2021-10-18 15:45:51 DEBUG    new_auth_plugin: mysql_native_password
2021-10-18 15:45:51 INFO     getcols table in testing db is connnected successfully in autosuggestion_all file
2021-10-19 01:42:30 INFO     Welcome To Intelligent Library Managment System
2021-10-19 01:42:30 INFO     autosuggestion_all file calling here
2021-10-19 01:42:30 WARNING  check db connection
2021-10-19 01:42:30 WARNING  chck db available
2021-10-19 01:42:30 WARNING  check table available
2021-10-19 01:42:30 WARNING  check server is on
2021-10-19 01:42:30 WARNING  if error occured then remove try catch block
2021-10-19 01:42:30 DEBUG    drdo database establishing in autosuggestion_all file
2021-10-19 01:42:30 DEBUG    testing database connection establishing..in autosuggestion_all FILE
2021-10-19 01:42:30 DEBUG    new_auth_plugin: mysql_native_password
2021-10-19 01:42:30 INFO     getcols table in testing db is connnected successfully in autosuggestion_all file
2021-10-19 13:10:08 INFO     Welcome To Intelligent Library Managment System
2021-10-19 13:10:08 INFO     autosuggestion_all file calling here
2021-10-19 13:10:08 WARNING  check db connection
2021-10-19 13:10:08 WARNING  chck db available
2021-10-19 13:10:08 WARNING  check table available
2021-10-19 13:10:08 WARNING  check server is on
2021-10-19 13:10:08 WARNING  if error occured then remove try catch block
2021-10-19 13:10:08 DEBUG    drdo database establishing in autosuggestion_all file
2021-10-19 13:10:08 DEBUG    testing database connection establishing..in autosuggestion_all FILE
2021-10-19 13:10:08 DEBUG    new_auth_plugin: mysql_native_password
2021-10-19 13:10:08 INFO     getcols table in testing db is connnected successfully in autosuggestion_all file
2021-10-20 01:42:44 INFO     Welcome To Intelligent Library Managment System
2021-10-20 01:42:44 INFO     autosuggestion_all file calling here
2021-10-20 01:42:44 WARNING  check db connection
2021-10-20 01:42:44 WARNING  chck db available
2021-10-20 01:42:44 WARNING  check table available
2021-10-20 01:42:44 WARNING  check server is on
2021-10-20 01:42:44 WARNING  if error occured then remove try catch block
2021-10-20 01:42:44 DEBUG    drdo database establishing in autosuggestion_all file
2021-10-20 01:42:44 DEBUG    testing database connection establishing..in autosuggestion_all FILE
2021-10-20 01:42:44 DEBUG    new_auth_plugin: mysql_native_password
2021-10-20 01:42:44 INFO     getcols table in testing db is connnected successfully in autosuggestion_all file
2021-10-21 01:44:44 INFO     Welcome To Intelligent Library Managment System
2021-10-21 01:44:44 INFO     autosuggestion_all file calling here
2021-10-21 01:44:44 WARNING  check db connection
2021-10-21 01:44:44 WARNING  chck db available
2021-10-21 01:44:44 WARNING  check table available
2021-10-21 01:44:44 WARNING  check server is on
2021-10-21 01:44:44 WARNING  if error occured then remove try catch block
2021-10-21 01:44:44 DEBUG    drdo database establishing in autosuggestion_all file
2021-10-21 01:44:44 DEBUG    testing database connection establishing..in autosuggestion_all FILE
2021-10-21 01:44:44 DEBUG    new_auth_plugin: mysql_native_password
2021-10-21 01:44:44 INFO     getcols table in testing db is connnected successfully in autosuggestion_all file
2021-10-22 01:47:33 INFO     Welcome To Intelligent Library Managment System
2021-10-22 01:47:33 INFO     autosuggestion_all file calling here
2021-10-22 01:47:33 WARNING  check db connection
2021-10-22 01:47:33 WARNING  chck db available
2021-10-22 01:47:33 WARNING  check table available
2021-10-22 01:47:33 WARNING  check server is on
2021-10-22 01:47:33 WARNING  if error occured then remove try catch block
2021-10-22 01:47:33 DEBUG    drdo database establishing in autosuggestion_all file
2021-10-22 01:47:33 DEBUG    testing database connection establishing..in autosuggestion_all FILE
2021-10-22 01:47:33 DEBUG    new_auth_plugin: mysql_native_password
2021-10-22 01:47:33 INFO     getcols table in testing db is connnected successfully in autosuggestion_all file
2021-10-22 15:11:30 INFO     Welcome To Intelligent Library Managment System
2021-10-22 15:11:30 INFO     autosuggestion_all file calling here
2021-10-22 15:11:30 WARNING  check db connection
2021-10-22 15:11:30 WARNING  chck db available
2021-10-22 15:11:30 WARNING  check table available
2021-10-22 15:11:30 WARNING  check server is on
2021-10-22 15:11:30 WARNING  if error occured then remove try catch block
2021-10-22 15:11:30 DEBUG    drdo database establishing in autosuggestion_all file
2021-10-22 15:11:30 DEBUG    testing database connection establishing..in autosuggestion_all FILE
2021-10-22 15:11:30 DEBUG    new_auth_plugin: mysql_native_password
2021-10-22 15:11:30 INFO     getcols table in testing db is connnected successfully in autosuggestion_all file
2021-10-25 10:03:39 INFO     Welcome To Intelligent Library Managment System
2021-10-25 10:03:39 INFO     autosuggestion_all file calling here
2021-10-25 10:03:39 WARNING  check db connection
2021-10-25 10:03:39 WARNING  chck db available
2021-10-25 10:03:39 WARNING  check table available
2021-10-25 10:03:39 WARNING  check server is on
2021-10-25 10:03:39 WARNING  if error occured then remove try catch block
2021-10-25 10:03:39 DEBUG    drdo database establishing in autosuggestion_all file
2021-10-25 10:03:39 DEBUG    testing database connection establishing..in autosuggestion_all FILE
2021-10-25 10:03:39 DEBUG    new_auth_plugin: mysql_native_password
2021-10-25 10:03:39 INFO     getcols table in testing db is connnected successfully in autosuggestion_all file
2021-10-25 10:03:51 INFO     Welcome To Intelligent Library Managment System
2021-10-25 10:03:51 INFO     autosuggestion_all file calling here
2021-10-25 10:03:51 WARNING  check db connection
2021-10-25 10:03:51 WARNING  chck db available
2021-10-25 10:03:51 WARNING  check table available
2021-10-25 10:03:51 WARNING  check server is on
2021-10-25 10:03:51 WARNING  if error occured then remove try catch block
2021-10-25 10:03:51 DEBUG    drdo database establishing in autosuggestion_all file
2021-10-25 10:03:51 DEBUG    testing database connection establishing..in autosuggestion_all FILE
2021-10-25 10:03:51 DEBUG    new_auth_plugin: mysql_native_password
2021-10-25 10:03:51 INFO     getcols table in testing db is connnected successfully in autosuggestion_all file
2021-10-26 01:42:39 INFO     Welcome To Intelligent Library Managment System
2021-10-26 01:42:39 INFO     autosuggestion_all file calling here
2021-10-26 01:42:39 WARNING  check db connection
2021-10-26 01:42:39 WARNING  chck db available
2021-10-26 01:42:39 WARNING  check table available
2021-10-26 01:42:39 WARNING  check server is on
2021-10-26 01:42:39 WARNING  if error occured then remove try catch block
2021-10-26 01:42:39 DEBUG    drdo database establishing in autosuggestion_all file
2021-10-26 01:42:39 DEBUG    testing database connection establishing..in autosuggestion_all FILE
2021-10-26 01:42:39 DEBUG    new_auth_plugin: mysql_native_password
2021-10-26 01:42:39 INFO     getcols table in testing db is connnected successfully in autosuggestion_all file
2021-10-27 01:48:07 INFO     Welcome To Intelligent Library Managment System
2021-10-27 01:48:07 INFO     autosuggestion_all file calling here
2021-10-27 01:48:07 WARNING  check db connection
2021-10-27 01:48:07 WARNING  chck db available
2021-10-27 01:48:07 WARNING  check table available
2021-10-27 01:48:07 WARNING  check server is on
2021-10-27 01:48:07 WARNING  if error occured then remove try catch block
2021-10-27 01:48:07 DEBUG    drdo database establishing in autosuggestion_all file
2021-10-27 01:48:07 DEBUG    testing database connection establishing..in autosuggestion_all FILE
2021-10-27 01:48:07 DEBUG    new_auth_plugin: mysql_native_password
2021-10-27 01:48:07 INFO     getcols table in testing db is connnected successfully in autosuggestion_all file
2021-10-28 01:42:30 INFO     Welcome To Intelligent Library Managment System
2021-10-28 01:42:30 INFO     autosuggestion_all file calling here
2021-10-28 01:42:30 WARNING  check db connection
2021-10-28 01:42:30 WARNING  chck db available
2021-10-28 01:42:30 WARNING  check table available
2021-10-28 01:42:30 WARNING  check server is on
2021-10-28 01:42:30 WARNING  if error occured then remove try catch block
2021-10-28 01:42:30 DEBUG    drdo database establishing in autosuggestion_all file
2021-10-28 01:42:30 DEBUG    testing database connection establishing..in autosuggestion_all FILE
2021-10-28 01:42:30 DEBUG    new_auth_plugin: mysql_native_password
2021-10-28 01:42:30 INFO     getcols table in testing db is connnected successfully in autosuggestion_all file
2021-10-29 01:43:30 INFO     Welcome To Intelligent Library Managment System
2021-10-29 01:43:30 INFO     autosuggestion_all file calling here
2021-10-29 01:43:30 WARNING  check db connection
2021-10-29 01:43:30 WARNING  chck db available
2021-10-29 01:43:30 WARNING  check table available
2021-10-29 01:43:30 WARNING  check server is on
2021-10-29 01:43:30 WARNING  if error occured then remove try catch block
2021-10-29 01:43:30 DEBUG    drdo database establishing in autosuggestion_all file
2021-10-29 01:43:30 DEBUG    testing database connection establishing..in autosuggestion_all FILE
2021-10-29 01:43:30 DEBUG    new_auth_plugin: mysql_native_password
2021-10-29 01:43:30 INFO     getcols table in testing db is connnected successfully in autosuggestion_all file
2021-11-01 10:50:10 INFO     Welcome To Intelligent Library Managment System
2021-11-01 10:50:10 INFO     autosuggestion_all file calling here
2021-11-01 10:50:10 WARNING  check db connection
2021-11-01 10:50:10 WARNING  chck db available
2021-11-01 10:50:10 WARNING  check table available
2021-11-01 10:50:10 WARNING  check server is on
2021-11-01 10:50:10 WARNING  if error occured then remove try catch block
2021-11-01 10:50:10 DEBUG    drdo database establishing in autosuggestion_all file
2021-11-01 10:50:10 DEBUG    testing database connection establishing..in autosuggestion_all FILE
2021-11-01 10:50:10 DEBUG    new_auth_plugin: mysql_native_password
2021-11-01 10:50:10 INFO     getcols table in testing db is connnected successfully in autosuggestion_all file
2021-11-02 01:43:00 INFO     Welcome To Intelligent Library Managment System
2021-11-02 01:43:00 INFO     autosuggestion_all file calling here
2021-11-02 01:43:00 WARNING  check db connection
2021-11-02 01:43:00 WARNING  chck db available
2021-11-02 01:43:00 WARNING  check table available
2021-11-02 01:43:00 WARNING  check server is on
2021-11-02 01:43:00 WARNING  if error occured then remove try catch block
2021-11-02 01:43:00 DEBUG    drdo database establishing in autosuggestion_all file
2021-11-02 01:43:00 DEBUG    testing database connection establishing..in autosuggestion_all FILE
2021-11-02 01:43:00 DEBUG    new_auth_plugin: mysql_native_password
2021-11-02 01:43:00 INFO     getcols table in testing db is connnected successfully in autosuggestion_all file
2021-11-03 01:41:20 INFO     Welcome To Intelligent Library Managment System
2021-11-03 01:41:20 INFO     autosuggestion_all file calling here
2021-11-03 01:41:20 WARNING  check db connection
2021-11-03 01:41:20 WARNING  chck db available
2021-11-03 01:41:20 WARNING  check table available
2021-11-03 01:41:20 WARNING  check server is on
2021-11-03 01:41:20 WARNING  if error occured then remove try catch block
2021-11-03 01:41:20 DEBUG    drdo database establishing in autosuggestion_all file
2021-11-03 01:41:20 DEBUG    testing database connection establishing..in autosuggestion_all FILE
2021-11-03 01:41:20 DEBUG    new_auth_plugin: mysql_native_password
2021-11-03 01:41:20 INFO     getcols table in testing db is connnected successfully in autosuggestion_all file
2021-11-09 02:06:09 INFO     Welcome To Intelligent Library Managment System
2021-11-09 02:06:09 INFO     autosuggestion_all file calling here
2021-11-09 02:06:09 WARNING  check db connection
2021-11-09 02:06:09 WARNING  chck db available
2021-11-09 02:06:09 WARNING  check table available
2021-11-09 02:06:09 WARNING  check server is on
2021-11-09 02:06:09 WARNING  if error occured then remove try catch block
2021-11-09 02:06:09 DEBUG    drdo database establishing in autosuggestion_all file
2021-11-09 02:06:09 DEBUG    testing database connection establishing..in autosuggestion_all FILE
2021-11-09 02:39:30 INFO     getcols table in testing db is not connnected successfully in autosuggestion_all file
2021-11-09 10:10:06 INFO     Welcome To Intelligent Library Managment System
2021-11-09 10:10:06 INFO     autosuggestion_all file calling here
2021-11-09 10:10:06 WARNING  check db connection
2021-11-09 10:10:06 WARNING  chck db available
2021-11-09 10:10:06 WARNING  check table available
2021-11-09 10:10:06 WARNING  check server is on
2021-11-09 10:10:06 WARNING  if error occured then remove try catch block
2021-11-09 10:10:06 DEBUG    drdo database establishing in autosuggestion_all file
2021-11-09 10:10:06 DEBUG    testing database connection establishing..in autosuggestion_all FILE
2021-11-09 10:10:06 DEBUG    new_auth_plugin: mysql_native_password
2021-11-09 10:10:06 INFO     getcols table in testing db is connnected successfully in autosuggestion_all file
2021-11-10 01:43:41 INFO     Welcome To Intelligent Library Managment System
2021-11-10 01:43:41 INFO     autosuggestion_all file calling here
2021-11-10 01:43:41 WARNING  check db connection
2021-11-10 01:43:41 WARNING  chck db available
2021-11-10 01:43:41 WARNING  check table available
2021-11-10 01:43:41 WARNING  check server is on
2021-11-10 01:43:41 WARNING  if error occured then remove try catch block
2021-11-10 01:43:41 DEBUG    drdo database establishing in autosuggestion_all file
2021-11-10 01:43:41 DEBUG    testing database connection establishing..in autosuggestion_all FILE
2021-11-10 01:43:41 DEBUG    new_auth_plugin: mysql_native_password
2021-11-10 01:43:41 INFO     getcols table in testing db is connnected successfully in autosuggestion_all file
2021-11-11 01:43:17 INFO     Welcome To Intelligent Library Managment System
2021-11-11 01:43:17 INFO     autosuggestion_all file calling here
2021-11-11 01:43:17 WARNING  check db connection
2021-11-11 01:43:17 WARNING  chck db available
2021-11-11 01:43:17 WARNING  check table available
2021-11-11 01:43:17 WARNING  check server is on
2021-11-11 01:43:17 WARNING  if error occured then remove try catch block
2021-11-11 01:43:17 DEBUG    drdo database establishing in autosuggestion_all file
2021-11-11 01:43:17 DEBUG    testing database connection establishing..in autosuggestion_all FILE
2021-11-11 01:43:17 DEBUG    new_auth_plugin: mysql_native_password
2021-11-11 01:43:17 INFO     getcols table in testing db is connnected successfully in autosuggestion_all file
2021-11-12 01:42:45 INFO     Welcome To Intelligent Library Managment System
2021-11-12 01:42:45 INFO     autosuggestion_all file calling here
2021-11-12 01:42:45 WARNING  check db connection
2021-11-12 01:42:45 WARNING  chck db available
2021-11-12 01:42:45 WARNING  check table available
2021-11-12 01:42:45 WARNING  check server is on
2021-11-12 01:42:45 WARNING  if error occured then remove try catch block
2021-11-12 01:42:45 DEBUG    drdo database establishing in autosuggestion_all file
2021-11-12 01:42:45 DEBUG    testing database connection establishing..in autosuggestion_all FILE
2021-11-12 01:42:45 DEBUG    new_auth_plugin: mysql_native_password
2021-11-12 01:42:45 INFO     getcols table in testing db is connnected successfully in autosuggestion_all file
2021-11-15 11:05:18 INFO     Welcome To Intelligent Library Managment System
2021-11-15 11:05:18 INFO     autosuggestion_all file calling here
2021-11-15 11:05:18 WARNING  check db connection
2021-11-15 11:05:18 WARNING  chck db available
2021-11-15 11:05:18 WARNING  check table available
2021-11-15 11:05:18 WARNING  check server is on
2021-11-15 11:05:18 WARNING  if error occured then remove try catch block
2021-11-15 11:05:18 DEBUG    drdo database establishing in autosuggestion_all file
2021-11-15 11:05:18 DEBUG    testing database connection establishing..in autosuggestion_all FILE
2021-11-15 11:05:18 DEBUG    new_auth_plugin: mysql_native_password
2021-11-15 11:05:18 INFO     getcols table in testing db is connnected successfully in autosuggestion_all file
2021-11-16 01:48:47 INFO     Welcome To Intelligent Library Managment System
2021-11-16 01:48:47 INFO     autosuggestion_all file calling here
2021-11-16 01:48:47 WARNING  check db connection
2021-11-16 01:48:47 WARNING  chck db available
2021-11-16 01:48:47 WARNING  check table available
2021-11-16 01:48:47 WARNING  check server is on
2021-11-16 01:48:47 WARNING  if error occured then remove try catch block
2021-11-16 01:48:47 DEBUG    drdo database establishing in autosuggestion_all file
2021-11-16 01:48:47 DEBUG    testing database connection establishing..in autosuggestion_all FILE
2021-11-16 01:48:47 DEBUG    new_auth_plugin: mysql_native_password
2021-11-16 01:48:47 INFO     getcols table in testing db is connnected successfully in autosuggestion_all file
2021-11-17 01:53:01 INFO     Welcome To Intelligent Library Managment System
2021-11-17 01:53:01 INFO     autosuggestion_all file calling here
2021-11-17 01:53:01 WARNING  check db connection
2021-11-17 01:53:01 WARNING  chck db available
2021-11-17 01:53:01 WARNING  check table available
2021-11-17 01:53:01 WARNING  check server is on
2021-11-17 01:53:01 WARNING  if error occured then remove try catch block
2021-11-17 01:53:01 DEBUG    drdo database establishing in autosuggestion_all file
2021-11-17 01:53:01 DEBUG    testing database connection establishing..in autosuggestion_all FILE
2021-11-17 01:53:01 DEBUG    new_auth_plugin: mysql_native_password
2021-11-17 01:53:01 INFO     getcols table in testing db is connnected successfully in autosuggestion_all file
2021-11-18 01:48:13 INFO     Welcome To Intelligent Library Managment System
2021-11-18 01:48:13 INFO     autosuggestion_all file calling here
2021-11-18 01:48:13 WARNING  check db connection
2021-11-18 01:48:13 WARNING  chck db available
2021-11-18 01:48:13 WARNING  check table available
2021-11-18 01:48:13 WARNING  check server is on
2021-11-18 01:48:13 WARNING  if error occured then remove try catch block
2021-11-18 01:48:13 DEBUG    drdo database establishing in autosuggestion_all file
2021-11-18 01:48:13 DEBUG    testing database connection establishing..in autosuggestion_all FILE
2021-11-18 01:48:13 DEBUG    new_auth_plugin: mysql_native_password
2021-11-18 01:48:13 INFO     getcols table in testing db is connnected successfully in autosuggestion_all file
2021-11-18 14:53:22 INFO     Welcome To Intelligent Library Managment System
2021-11-18 14:53:22 INFO     autosuggestion_all file calling here
2021-11-18 14:53:22 WARNING  check db connection
2021-11-18 14:53:22 WARNING  chck db available
2021-11-18 14:53:22 WARNING  check table available
2021-11-18 14:53:22 WARNING  check server is on
2021-11-18 14:53:22 WARNING  if error occured then remove try catch block
2021-11-18 14:53:22 DEBUG    drdo database establishing in autosuggestion_all file
2021-11-18 14:53:22 DEBUG    testing database connection establishing..in autosuggestion_all FILE
2021-11-18 14:53:22 DEBUG    new_auth_plugin: mysql_native_password
2021-11-18 14:53:22 INFO     getcols table in testing db is connnected successfully in autosuggestion_all file
2021-11-22 12:37:56 INFO     Welcome To Intelligent Library Managment System
2021-11-22 12:37:56 INFO     autosuggestion_all file calling here
2021-11-22 12:37:56 WARNING  check db connection
2021-11-22 12:37:56 WARNING  chck db available
2021-11-22 12:37:56 WARNING  check table available
2021-11-22 12:37:56 WARNING  check server is on
2021-11-22 12:37:56 WARNING  if error occured then remove try catch block
2021-11-22 12:37:56 DEBUG    drdo database establishing in autosuggestion_all file
2021-11-22 12:37:56 DEBUG    testing database connection establishing..in autosuggestion_all FILE
2021-11-22 12:37:56 DEBUG    new_auth_plugin: mysql_native_password
2021-11-22 12:37:56 INFO     getcols table in testing db is connnected successfully in autosuggestion_all file
2021-11-23 01:48:18 INFO     Welcome To Intelligent Library Managment System
2021-11-23 01:48:18 INFO     autosuggestion_all file calling here
2021-11-23 01:48:18 WARNING  check db connection
2021-11-23 01:48:18 WARNING  chck db available
2021-11-23 01:48:18 WARNING  check table available
2021-11-23 01:48:18 WARNING  check server is on
2021-11-23 01:48:18 WARNING  if error occured then remove try catch block
2021-11-23 01:48:18 DEBUG    drdo database establishing in autosuggestion_all file
2021-11-23 01:48:18 DEBUG    testing database connection establishing..in autosuggestion_all FILE
2021-11-23 01:48:18 DEBUG    new_auth_plugin: mysql_native_password
2021-11-23 01:48:18 INFO     getcols table in testing db is connnected successfully in autosuggestion_all file
2021-11-24 01:53:12 INFO     Welcome To Intelligent Library Managment System
2021-11-24 01:53:12 INFO     autosuggestion_all file calling here
2021-11-24 01:53:12 WARNING  check db connection
2021-11-24 01:53:12 WARNING  chck db available
2021-11-24 01:53:12 WARNING  check table available
2021-11-24 01:53:12 WARNING  check server is on
2021-11-24 01:53:12 WARNING  if error occured then remove try catch block
2021-11-24 01:53:12 DEBUG    drdo database establishing in autosuggestion_all file
2021-11-24 01:53:12 DEBUG    testing database connection establishing..in autosuggestion_all FILE
2021-11-24 01:53:12 DEBUG    new_auth_plugin: mysql_native_password
2021-11-24 01:53:12 INFO     getcols table in testing db is connnected successfully in autosuggestion_all file
2021-11-24 12:22:47 INFO     Welcome To Intelligent Library Managment System
2021-11-24 12:22:47 INFO     autosuggestion_all file calling here
2021-11-24 12:22:47 WARNING  check db connection
2021-11-24 12:22:47 WARNING  chck db available
2021-11-24 12:22:47 WARNING  check table available
2021-11-24 12:22:47 WARNING  check server is on
2021-11-24 12:22:47 WARNING  if error occured then remove try catch block
2021-11-24 12:22:47 DEBUG    drdo database establishing in autosuggestion_all file
2021-11-24 12:22:47 DEBUG    testing database connection establishing..in autosuggestion_all FILE
2021-11-24 12:22:47 DEBUG    new_auth_plugin: mysql_native_password
2021-11-24 12:22:47 INFO     getcols table in testing db is connnected successfully in autosuggestion_all file
2021-11-24 14:52:47 INFO     Welcome To Intelligent Library Managment System
2021-11-24 14:52:47 INFO     autosuggestion_all file calling here
2021-11-24 14:52:47 WARNING  check db connection
2021-11-24 14:52:47 WARNING  chck db available
2021-11-24 14:52:47 WARNING  check table available
2021-11-24 14:52:47 WARNING  check server is on
2021-11-24 14:52:47 WARNING  if error occured then remove try catch block
2021-11-24 14:52:47 DEBUG    drdo database establishing in autosuggestion_all file
2021-11-24 14:52:47 DEBUG    testing database connection establishing..in autosuggestion_all FILE
2021-11-24 14:52:47 DEBUG    new_auth_plugin: mysql_native_password
2021-11-24 14:52:47 INFO     getcols table in testing db is connnected successfully in autosuggestion_all file
