2021-08-17 12:56:03 INFO     Welcome To Intelligent Library Managment System
2021-08-17 12:56:03 INFO     getcols_dspace file calling here
2021-08-17 12:56:03 WARNING  check db connection
2021-08-17 12:56:03 WARNING  chck db available
2021-08-17 12:56:03 WARNING  check table available
2021-08-17 12:56:03 WARNING  check server is on
2021-08-17 12:56:03 WARNING  if error occured then remove try catch block
2021-08-17 12:56:03 DEBUG    drdo database establishing in getcols_dspace file
2021-08-17 12:56:03 DEBUG    getcols_janes database connection establishing..in getcols_dspace FILE
2021-08-17 12:58:25 INFO     Welcome To Intelligent Library Managment System
2021-08-17 12:58:25 INFO     getcols_dspace file calling here
2021-08-17 12:58:25 WARNING  check db connection
2021-08-17 12:58:25 WARNING  chck db available
2021-08-17 12:58:25 WARNING  check table available
2021-08-17 12:58:25 WARNING  check server is on
2021-08-17 12:58:25 WARNING  if error occured then remove try catch block
2021-08-17 12:58:25 DEBUG    drdo database establishing in getcols_dspace file
2021-08-17 12:58:25 DEBUG    getcols_janes database connection establishing..in getcols_dspace FILE
2021-08-17 14:27:26 INFO     Welcome To Intelligent Library Managment System
2021-08-17 14:27:26 INFO     getcols_dspace file calling here
2021-08-17 14:27:26 WARNING  check db connection
2021-08-17 14:27:26 WARNING  chck db available
2021-08-17 14:27:26 WARNING  check table available
2021-08-17 14:27:26 WARNING  check server is on
2021-08-17 14:27:26 WARNING  if error occured then remove try catch block
2021-08-17 14:27:26 DEBUG    drdo database establishing in getcols_dspace file
2021-08-17 14:27:26 DEBUG    getcols_janes database connection establishing..in getcols_dspace FILE
2021-08-17 14:28:30 INFO     Welcome To Intelligent Library Managment System
2021-08-17 14:28:30 INFO     getcols_dspace file calling here
2021-08-17 14:28:30 WARNING  check db connection
2021-08-17 14:28:30 WARNING  chck db available
2021-08-17 14:28:30 WARNING  check table available
2021-08-17 14:28:30 WARNING  check server is on
2021-08-17 14:28:30 WARNING  if error occured then remove try catch block
2021-08-17 14:28:30 DEBUG    drdo database establishing in getcols_dspace file
2021-08-17 14:28:30 DEBUG    getcols_janes database connection establishing..in getcols_dspace FILE
2021-08-17 14:36:12 INFO     Welcome To Intelligent Library Managment System
2021-08-17 14:36:12 INFO     getcols_dspace file calling here
2021-08-17 14:36:12 WARNING  check db connection
2021-08-17 14:36:12 WARNING  chck db available
2021-08-17 14:36:12 WARNING  check table available
2021-08-17 14:36:12 WARNING  check server is on
2021-08-17 14:36:12 WARNING  if error occured then remove try catch block
2021-08-17 14:36:12 DEBUG    drdo database establishing in getcols_dspace file
2021-08-17 14:36:12 DEBUG    getcols_janes database connection establishing..in getcols_dspace FILE
