2021-08-10 10:21:52 INFO     Welcome To Intelligent Library Managment System
2021-08-10 10:21:52 WARNING  LIBSYS_INSERT_DATA FILE CALLING FOR SCRAPPINGS
2021-08-10 10:21:52 WARNING  check db connection
2021-08-10 10:21:52 WARNING  chck db available
2021-08-10 10:21:52 WARNING  check table available
2021-08-10 10:21:52 WARNING  check server is on
2021-08-10 10:21:52 WARNING  if error occured then remove try catch block
2021-08-10 10:21:52 DEBUG    libsys database connection establishing..in LIBSYS INSERT DATA FILE
2021-08-10 10:21:53 DEBUG    libys db connection establishing
2021-08-10 10:22:34 INFO     Welcome To Intelligent Library Managment System
2021-08-10 10:22:34 WARNING  LIBSYS_INSERT_DATA FILE CALLING FOR SCRAPPINGS
2021-08-10 10:22:34 WARNING  check db connection
2021-08-10 10:22:34 WARNING  chck db available
2021-08-10 10:22:34 WARNING  check table available
2021-08-10 10:22:34 WARNING  check server is on
2021-08-10 10:22:34 WARNING  if error occured then remove try catch block
2021-08-10 10:22:34 DEBUG    libsys database connection establishing..in LIBSYS INSERT DATA FILE
2021-08-10 10:22:34 DEBUG    libys db connection establishing
2021-08-10 10:22:34 DEBUG    new_auth_plugin: mysql_native_password
2021-08-10 10:22:34 DEBUG    libsys database connected successfully
2021-08-10 10:22:34 DEBUG    LIBSYS db connection established..!
2021-08-10 11:08:48 INFO     Welcome To Intelligent Library Managment System
2021-08-10 11:08:48 WARNING  LIBSYS_INSERT_DATA FILE CALLING FOR SCRAPPINGS
2021-08-10 11:08:48 WARNING  check db connection
2021-08-10 11:08:48 WARNING  chck db available
2021-08-10 11:08:48 WARNING  check table available
2021-08-10 11:08:48 WARNING  check server is on
2021-08-10 11:08:48 WARNING  if error occured then remove try catch block
2021-08-10 11:08:48 DEBUG    libsys database connection establishing..in LIBSYS INSERT DATA FILE
2021-08-10 11:08:48 DEBUG    libys db connection establishing
2021-08-10 11:08:48 DEBUG    new_auth_plugin: mysql_native_password
2021-08-10 11:08:48 DEBUG    libsys database connected successfully
2021-08-10 11:08:48 DEBUG    LIBSYS db connection established..!
2021-08-10 11:11:21 INFO     Welcome To Intelligent Library Managment System
2021-08-10 11:11:21 WARNING  LIBSYS_INSERT_DATA FILE CALLING FOR SCRAPPINGS
2021-08-10 11:11:21 WARNING  check db connection
2021-08-10 11:11:21 WARNING  chck db available
2021-08-10 11:11:21 WARNING  check table available
2021-08-10 11:11:21 WARNING  check server is on
2021-08-10 11:11:21 WARNING  if error occured then remove try catch block
2021-08-10 11:11:21 DEBUG    libsys database connection establishing..in LIBSYS INSERT DATA FILE
2021-08-10 11:11:21 DEBUG    libys db connection establishing
2021-08-10 11:11:21 DEBUG    new_auth_plugin: mysql_native_password
2021-08-10 11:11:21 DEBUG    libsys database connected successfully
2021-08-10 11:11:21 DEBUG    LIBSYS db connection established..!
2021-08-10 11:14:36 INFO     Welcome To Intelligent Library Managment System
2021-08-10 11:14:36 WARNING  LIBSYS_INSERT_DATA FILE CALLING FOR SCRAPPINGS
2021-08-10 11:14:36 WARNING  check db connection
2021-08-10 11:14:36 WARNING  chck db available
2021-08-10 11:14:36 WARNING  check table available
2021-08-10 11:14:36 WARNING  check server is on
2021-08-10 11:14:36 WARNING  if error occured then remove try catch block
2021-08-10 11:14:36 DEBUG    libsys database connection establishing..in LIBSYS INSERT DATA FILE
2021-08-10 11:14:36 DEBUG    libys db connection establishing
2021-08-12 11:46:33 INFO     Welcome To Intelligent Library Managment System
2021-08-12 11:46:33 WARNING  LIBSYS_INSERT_DATA FILE CALLING FOR SCRAPPINGS
2021-08-12 11:46:33 WARNING  check db connection
2021-08-12 11:46:33 WARNING  chck db available
2021-08-12 11:46:33 WARNING  check table available
2021-08-12 11:46:33 WARNING  check server is on
2021-08-12 11:46:33 WARNING  if error occured then remove try catch block
2021-08-12 11:46:33 DEBUG    libsys database connection establishing..in LIBSYS INSERT DATA FILE
2021-08-12 11:46:33 DEBUG    libys db connection establishing
2021-08-12 11:47:08 INFO     Welcome To Intelligent Library Managment System
2021-08-12 11:47:08 WARNING  LIBSYS_INSERT_DATA FILE CALLING FOR SCRAPPINGS
2021-08-12 11:47:08 WARNING  check db connection
2021-08-12 11:47:08 WARNING  chck db available
2021-08-12 11:47:08 WARNING  check table available
2021-08-12 11:47:08 WARNING  check server is on
2021-08-12 11:47:08 WARNING  if error occured then remove try catch block
2021-08-12 11:47:08 DEBUG    libsys database connection establishing..in LIBSYS INSERT DATA FILE
2021-08-12 11:47:08 DEBUG    libys db connection establishing
2021-08-12 11:47:08 DEBUG    new_auth_plugin: mysql_native_password
2021-08-12 11:47:08 DEBUG    libsys database connected successfully
2021-08-12 11:47:08 DEBUG    LIBSYS db connection established..!
2021-08-12 11:47:44 INFO     Welcome To Intelligent Library Managment System
2021-08-12 11:47:44 WARNING  LIBSYS_INSERT_DATA FILE CALLING FOR SCRAPPINGS
2021-08-12 11:47:44 WARNING  check db connection
2021-08-12 11:47:44 WARNING  chck db available
2021-08-12 11:47:44 WARNING  check table available
2021-08-12 11:47:44 WARNING  check server is on
2021-08-12 11:47:44 WARNING  if error occured then remove try catch block
2021-08-12 11:47:44 DEBUG    libsys database connection establishing..in LIBSYS INSERT DATA FILE
2021-08-12 11:47:44 DEBUG    libys db connection establishing
2021-08-12 11:58:41 INFO     Welcome To Intelligent Library Managment System
2021-08-12 11:58:41 WARNING  LIBSYS_INSERT_DATA FILE CALLING FOR SCRAPPINGS
2021-08-12 11:58:41 WARNING  check db connection
2021-08-12 11:58:41 WARNING  chck db available
2021-08-12 11:58:41 WARNING  check table available
2021-08-12 11:58:41 WARNING  check server is on
2021-08-12 11:58:41 WARNING  if error occured then remove try catch block
2021-08-12 11:58:41 DEBUG    libsys database connection establishing..in LIBSYS INSERT DATA FILE
2021-08-12 11:58:41 DEBUG    libys db connection establishing
2021-08-12 11:58:41 DEBUG    new_auth_plugin: mysql_native_password
2021-08-12 11:58:41 DEBUG    libsys database connected successfully
2021-08-12 11:58:41 DEBUG    LIBSYS db connection established..!
2021-08-12 14:32:13 INFO     Welcome To Intelligent Library Managment System
2021-08-12 14:32:13 WARNING  LIBSYS_INSERT_DATA FILE CALLING FOR SCRAPPINGS
2021-08-12 14:32:13 WARNING  check db connection
2021-08-12 14:32:13 WARNING  chck db available
2021-08-12 14:32:13 WARNING  check table available
2021-08-12 14:32:13 WARNING  check server is on
2021-08-12 14:32:13 WARNING  if error occured then remove try catch block
2021-08-12 14:32:13 DEBUG    libsys database connection establishing..in LIBSYS INSERT DATA FILE
2021-08-12 14:32:13 DEBUG    libys db connection establishing
2021-08-12 14:32:13 DEBUG    new_auth_plugin: mysql_native_password
2021-08-12 14:32:13 DEBUG    libsys database connected successfully
2021-08-12 14:32:13 DEBUG    LIBSYS db connection established..!
2021-08-12 16:59:12 INFO     Welcome To Intelligent Library Managment System
2021-08-12 16:59:12 WARNING  LIBSYS_INSERT_DATA FILE CALLING FOR SCRAPPINGS
2021-08-12 16:59:12 WARNING  check db connection
2021-08-12 16:59:12 WARNING  chck db available
2021-08-12 16:59:12 WARNING  check table available
2021-08-12 16:59:12 WARNING  check server is on
2021-08-12 16:59:12 WARNING  if error occured then remove try catch block
2021-08-12 16:59:12 DEBUG    libsys database connection establishing..in LIBSYS INSERT DATA FILE
2021-08-12 16:59:12 DEBUG    libys db connection establishing
2021-08-12 16:59:12 DEBUG    new_auth_plugin: mysql_native_password
2021-08-12 16:59:12 DEBUG    libsys database connected successfully
2021-08-12 16:59:12 DEBUG    LIBSYS db connection established..!
2021-08-17 15:47:53 INFO     Welcome To Intelligent Library Managment System
2021-08-17 15:47:53 WARNING  LIBSYS_INSERT_DATA FILE CALLING FOR SCRAPPINGS
2021-08-17 15:47:53 WARNING  check db connection
2021-08-17 15:47:53 WARNING  chck db available
2021-08-17 15:47:53 WARNING  check table available
2021-08-17 15:47:53 WARNING  check server is on
2021-08-17 15:47:53 WARNING  if error occured then remove try catch block
2021-08-17 15:47:53 DEBUG    libsys database connection establishing..in LIBSYS INSERT DATA FILE
2021-08-17 15:47:53 DEBUG    libys db connection establishing
2021-08-17 15:51:17 INFO     Welcome To Intelligent Library Managment System
2021-08-17 15:51:17 WARNING  LIBSYS_INSERT_DATA FILE CALLING FOR SCRAPPINGS
2021-08-17 15:51:17 WARNING  check db connection
2021-08-17 15:51:17 WARNING  chck db available
2021-08-17 15:51:17 WARNING  check table available
2021-08-17 15:51:17 WARNING  check server is on
2021-08-17 15:51:17 WARNING  if error occured then remove try catch block
2021-08-17 15:51:17 DEBUG    libsys database connection establishing..in LIBSYS INSERT DATA FILE
2021-08-17 15:51:18 DEBUG    libys db connection establishing
2021-08-17 15:51:25 INFO     Welcome To Intelligent Library Managment System
2021-08-17 15:51:25 WARNING  LIBSYS_INSERT_DATA FILE CALLING FOR SCRAPPINGS
2021-08-17 15:51:25 WARNING  check db connection
2021-08-17 15:51:25 WARNING  chck db available
2021-08-17 15:51:25 WARNING  check table available
2021-08-17 15:51:25 WARNING  check server is on
2021-08-17 15:51:25 WARNING  if error occured then remove try catch block
2021-08-17 15:51:25 DEBUG    libsys database connection establishing..in LIBSYS INSERT DATA FILE
2021-08-17 15:51:25 DEBUG    libys db connection establishing
2021-08-18 04:05:16 INFO     Welcome To Intelligent Library Managment System
2021-08-18 04:05:16 WARNING  LIBSYS_INSERT_DATA FILE CALLING FOR SCRAPPINGS
2021-08-18 04:05:16 WARNING  check db connection
2021-08-18 04:05:16 WARNING  chck db available
2021-08-18 04:05:16 WARNING  check table available
2021-08-18 04:05:16 WARNING  check server is on
2021-08-18 04:05:16 WARNING  if error occured then remove try catch block
2021-08-18 04:05:16 DEBUG    libsys database connection establishing..in LIBSYS INSERT DATA FILE
2021-08-18 04:05:16 DEBUG    libys db connection establishing
2021-08-19 04:05:17 INFO     Welcome To Intelligent Library Managment System
2021-08-19 04:05:17 WARNING  LIBSYS_INSERT_DATA FILE CALLING FOR SCRAPPINGS
2021-08-19 04:05:17 WARNING  check db connection
2021-08-19 04:05:17 WARNING  chck db available
2021-08-19 04:05:17 WARNING  check table available
2021-08-19 04:05:17 WARNING  check server is on
2021-08-19 04:05:17 WARNING  if error occured then remove try catch block
2021-08-19 04:05:17 DEBUG    libsys database connection establishing..in LIBSYS INSERT DATA FILE
2021-08-19 04:05:17 DEBUG    libys db connection establishing
2021-08-20 04:05:17 INFO     Welcome To Intelligent Library Managment System
2021-08-20 04:05:17 WARNING  LIBSYS_INSERT_DATA FILE CALLING FOR SCRAPPINGS
2021-08-20 04:05:17 WARNING  check db connection
2021-08-20 04:05:17 WARNING  chck db available
2021-08-20 04:05:17 WARNING  check table available
2021-08-20 04:05:17 WARNING  check server is on
2021-08-20 04:05:17 WARNING  if error occured then remove try catch block
2021-08-20 04:05:17 DEBUG    libsys database connection establishing..in LIBSYS INSERT DATA FILE
2021-08-20 04:05:17 DEBUG    libys db connection establishing
2021-08-27 16:31:21 INFO     Welcome To Intelligent Library Managment System
2021-08-27 16:31:21 WARNING  LIBSYS_INSERT_DATA FILE CALLING FOR SCRAPPINGS
2021-08-27 16:31:21 WARNING  check db connection
2021-08-27 16:31:21 WARNING  chck db available
2021-08-27 16:31:21 WARNING  check table available
2021-08-27 16:31:21 WARNING  check server is on
2021-08-27 16:31:21 WARNING  if error occured then remove try catch block
2021-08-27 16:31:21 DEBUG    libsys database connection establishing..in LIBSYS INSERT DATA FILE
2021-08-27 16:31:22 DEBUG    libys db connection establishing
2021-08-31 09:03:45 INFO     Welcome To Intelligent Library Managment System
2021-08-31 09:03:45 WARNING  LIBSYS_INSERT_DATA FILE CALLING FOR SCRAPPINGS
2021-08-31 09:03:45 WARNING  check db connection
2021-08-31 09:03:45 WARNING  chck db available
2021-08-31 09:03:45 WARNING  check table available
2021-08-31 09:03:45 WARNING  check server is on
2021-08-31 09:03:45 WARNING  if error occured then remove try catch block
2021-08-31 09:03:45 DEBUG    libsys database connection establishing..in LIBSYS INSERT DATA FILE
2021-08-31 09:03:47 DEBUG    libys db connection establishing
2021-08-31 11:59:53 INFO     Welcome To Intelligent Library Managment System
2021-08-31 11:59:53 WARNING  LIBSYS_INSERT_DATA FILE CALLING FOR SCRAPPINGS
2021-08-31 11:59:53 WARNING  check db connection
2021-08-31 11:59:53 WARNING  chck db available
2021-08-31 11:59:53 WARNING  check table available
2021-08-31 11:59:53 WARNING  check server is on
2021-08-31 11:59:53 WARNING  if error occured then remove try catch block
2021-08-31 11:59:53 DEBUG    libsys database connection establishing..in LIBSYS INSERT DATA FILE
2021-08-31 11:59:59 DEBUG    libys db connection establishing
2021-08-31 12:03:56 INFO     Welcome To Intelligent Library Managment System
2021-08-31 12:03:56 WARNING  LIBSYS_INSERT_DATA FILE CALLING FOR SCRAPPINGS
2021-08-31 12:03:56 WARNING  check db connection
2021-08-31 12:03:56 WARNING  chck db available
2021-08-31 12:03:56 WARNING  check table available
2021-08-31 12:03:56 WARNING  check server is on
2021-08-31 12:03:56 WARNING  if error occured then remove try catch block
2021-08-31 12:03:56 DEBUG    libsys database connection establishing..in LIBSYS INSERT DATA FILE
2021-08-31 12:03:56 DEBUG    libys db connection establishing
2021-09-01 09:20:59 INFO     Welcome To Intelligent Library Managment System
2021-09-01 09:20:59 WARNING  LIBSYS_INSERT_DATA FILE CALLING FOR SCRAPPINGS
2021-09-01 09:20:59 WARNING  check db connection
2021-09-01 09:20:59 WARNING  chck db available
2021-09-01 09:20:59 WARNING  check table available
2021-09-01 09:20:59 WARNING  check server is on
2021-09-01 09:20:59 WARNING  if error occured then remove try catch block
2021-09-01 09:20:59 DEBUG    libsys database connection establishing..in LIBSYS INSERT DATA FILE
2021-09-01 09:20:59 DEBUG    libys db connection establishing
2021-09-01 10:24:41 INFO     Welcome To Intelligent Library Managment System
2021-09-01 10:24:41 WARNING  LIBSYS_INSERT_DATA FILE CALLING FOR SCRAPPINGS
2021-09-01 10:24:41 WARNING  check db connection
2021-09-01 10:24:41 WARNING  chck db available
2021-09-01 10:24:41 WARNING  check table available
2021-09-01 10:24:41 WARNING  check server is on
2021-09-01 10:24:41 WARNING  if error occured then remove try catch block
2021-09-01 10:24:41 DEBUG    libsys database connection establishing..in LIBSYS INSERT DATA FILE
2021-09-01 10:24:47 DEBUG    libys db connection establishing
2021-09-01 10:28:42 INFO     Welcome To Intelligent Library Managment System
2021-09-01 10:28:42 WARNING  LIBSYS_INSERT_DATA FILE CALLING FOR SCRAPPINGS
2021-09-01 10:28:42 WARNING  check db connection
2021-09-01 10:28:42 WARNING  chck db available
2021-09-01 10:28:42 WARNING  check table available
2021-09-01 10:28:42 WARNING  check server is on
2021-09-01 10:28:42 WARNING  if error occured then remove try catch block
2021-09-01 10:28:42 DEBUG    libsys database connection establishing..in LIBSYS INSERT DATA FILE
2021-09-01 10:28:42 DEBUG    libys db connection establishing
2021-09-01 12:40:13 INFO     Welcome To Intelligent Library Managment System
2021-09-01 12:40:13 WARNING  LIBSYS_INSERT_DATA FILE CALLING FOR SCRAPPINGS
2021-09-01 12:40:13 WARNING  check db connection
2021-09-01 12:40:13 WARNING  chck db available
2021-09-01 12:40:13 WARNING  check table available
2021-09-01 12:40:13 WARNING  check server is on
2021-09-01 12:40:13 WARNING  if error occured then remove try catch block
2021-09-01 12:40:13 DEBUG    libsys database connection establishing..in LIBSYS INSERT DATA FILE
2021-09-01 12:40:17 DEBUG    libys db connection establishing
2021-09-01 12:44:03 INFO     Welcome To Intelligent Library Managment System
2021-09-01 12:44:03 WARNING  LIBSYS_INSERT_DATA FILE CALLING FOR SCRAPPINGS
2021-09-01 12:44:03 WARNING  check db connection
2021-09-01 12:44:03 WARNING  chck db available
2021-09-01 12:44:03 WARNING  check table available
2021-09-01 12:44:03 WARNING  check server is on
2021-09-01 12:44:03 WARNING  if error occured then remove try catch block
2021-09-01 12:44:03 DEBUG    libsys database connection establishing..in LIBSYS INSERT DATA FILE
2021-09-01 12:44:03 DEBUG    libys db connection establishing
2021-09-01 13:07:04 INFO     Welcome To Intelligent Library Managment System
2021-09-01 13:07:04 WARNING  LIBSYS_INSERT_DATA FILE CALLING FOR SCRAPPINGS
2021-09-01 13:07:04 WARNING  check db connection
2021-09-01 13:07:04 WARNING  chck db available
2021-09-01 13:07:04 WARNING  check table available
2021-09-01 13:07:04 WARNING  check server is on
2021-09-01 13:07:04 WARNING  if error occured then remove try catch block
2021-09-01 13:07:04 DEBUG    libsys database connection establishing..in LIBSYS INSERT DATA FILE
2021-09-01 13:07:11 DEBUG    libys db connection establishing
2021-09-01 13:11:04 INFO     Welcome To Intelligent Library Managment System
2021-09-01 13:11:04 WARNING  LIBSYS_INSERT_DATA FILE CALLING FOR SCRAPPINGS
2021-09-01 13:11:04 WARNING  check db connection
2021-09-01 13:11:04 WARNING  chck db available
2021-09-01 13:11:04 WARNING  check table available
2021-09-01 13:11:04 WARNING  check server is on
2021-09-01 13:11:04 WARNING  if error occured then remove try catch block
2021-09-01 13:11:04 DEBUG    libsys database connection establishing..in LIBSYS INSERT DATA FILE
2021-09-01 13:11:04 DEBUG    libys db connection establishing
2021-09-02 11:17:35 INFO     Welcome To Intelligent Library Managment System
2021-09-02 11:17:35 WARNING  LIBSYS_INSERT_DATA FILE CALLING FOR SCRAPPINGS
2021-09-02 11:17:35 WARNING  check db connection
2021-09-02 11:17:35 WARNING  chck db available
2021-09-02 11:17:35 WARNING  check table available
2021-09-02 11:17:35 WARNING  check server is on
2021-09-02 11:17:35 WARNING  if error occured then remove try catch block
2021-09-02 11:17:35 DEBUG    libsys database connection establishing..in LIBSYS INSERT DATA FILE
2021-09-02 11:17:35 DEBUG    libys db connection establishing
2021-09-02 11:51:36 INFO     Welcome To Intelligent Library Managment System
2021-09-02 11:51:36 WARNING  LIBSYS_INSERT_DATA FILE CALLING FOR SCRAPPINGS
2021-09-02 11:51:36 WARNING  check db connection
2021-09-02 11:51:36 WARNING  chck db available
2021-09-02 11:51:36 WARNING  check table available
2021-09-02 11:51:36 WARNING  check server is on
2021-09-02 11:51:36 WARNING  if error occured then remove try catch block
2021-09-02 11:51:36 DEBUG    libsys database connection establishing..in LIBSYS INSERT DATA FILE
2021-09-02 11:51:37 DEBUG    libys db connection establishing
2021-09-02 11:53:14 INFO     Welcome To Intelligent Library Managment System
2021-09-02 11:53:14 WARNING  LIBSYS_INSERT_DATA FILE CALLING FOR SCRAPPINGS
2021-09-02 11:53:14 WARNING  check db connection
2021-09-02 11:53:14 WARNING  chck db available
2021-09-02 11:53:14 WARNING  check table available
2021-09-02 11:53:14 WARNING  check server is on
2021-09-02 11:53:14 WARNING  if error occured then remove try catch block
2021-09-02 11:53:14 DEBUG    libsys database connection establishing..in LIBSYS INSERT DATA FILE
2021-09-02 11:53:14 DEBUG    libys db connection establishing
2021-09-02 15:39:39 INFO     Welcome To Intelligent Library Managment System
2021-09-02 15:39:39 WARNING  LIBSYS_INSERT_DATA FILE CALLING FOR SCRAPPINGS
2021-09-02 15:39:39 WARNING  check db connection
2021-09-02 15:39:39 WARNING  chck db available
2021-09-02 15:39:39 WARNING  check table available
2021-09-02 15:39:39 WARNING  check server is on
2021-09-02 15:39:39 WARNING  if error occured then remove try catch block
2021-09-02 15:39:39 DEBUG    libsys database connection establishing..in LIBSYS INSERT DATA FILE
2021-09-02 15:39:39 DEBUG    libys db connection establishing
2021-09-03 09:39:45 INFO     Welcome To Intelligent Library Managment System
2021-09-03 09:39:45 WARNING  LIBSYS_INSERT_DATA FILE CALLING FOR SCRAPPINGS
2021-09-03 09:39:45 WARNING  check db connection
2021-09-03 09:39:45 WARNING  chck db available
2021-09-03 09:39:45 WARNING  check table available
2021-09-03 09:39:45 WARNING  check server is on
2021-09-03 09:39:45 WARNING  if error occured then remove try catch block
2021-09-03 09:39:45 DEBUG    libsys database connection establishing..in LIBSYS INSERT DATA FILE
2021-09-03 09:39:45 DEBUG    libys db connection establishing
2021-09-03 15:09:58 INFO     Welcome To Intelligent Library Managment System
2021-09-03 15:09:58 WARNING  LIBSYS_INSERT_DATA FILE CALLING FOR SCRAPPINGS
2021-09-03 15:09:58 WARNING  check db connection
2021-09-03 15:09:58 WARNING  chck db available
2021-09-03 15:09:58 WARNING  check table available
2021-09-03 15:09:58 WARNING  check server is on
2021-09-03 15:09:58 WARNING  if error occured then remove try catch block
2021-09-03 15:09:58 DEBUG    libsys database connection establishing..in LIBSYS INSERT DATA FILE
2021-09-03 15:10:00 DEBUG    libys db connection establishing
2021-09-03 15:19:49 INFO     Welcome To Intelligent Library Managment System
2021-09-03 15:19:49 WARNING  LIBSYS_INSERT_DATA FILE CALLING FOR SCRAPPINGS
2021-09-03 15:19:49 WARNING  check db connection
2021-09-03 15:19:49 WARNING  chck db available
2021-09-03 15:19:49 WARNING  check table available
2021-09-03 15:19:49 WARNING  check server is on
2021-09-03 15:19:49 WARNING  if error occured then remove try catch block
2021-09-03 15:19:49 DEBUG    libsys database connection establishing..in LIBSYS INSERT DATA FILE
2021-09-03 15:19:49 DEBUG    libys db connection establishing
2021-09-07 09:57:57 INFO     Welcome To Intelligent Library Managment System
2021-09-07 09:57:57 WARNING  LIBSYS_INSERT_DATA FILE CALLING FOR SCRAPPINGS
2021-09-07 09:57:57 WARNING  check db connection
2021-09-07 09:57:57 WARNING  chck db available
2021-09-07 09:57:57 WARNING  check table available
2021-09-07 09:57:57 WARNING  check server is on
2021-09-07 09:57:57 WARNING  if error occured then remove try catch block
2021-09-07 09:57:57 DEBUG    libsys database connection establishing..in LIBSYS INSERT DATA FILE
2021-09-07 09:57:58 DEBUG    libys db connection establishing
2021-09-07 11:35:56 INFO     Welcome To Intelligent Library Managment System
2021-09-07 11:35:56 WARNING  LIBSYS_INSERT_DATA FILE CALLING FOR SCRAPPINGS
2021-09-07 11:35:56 WARNING  check db connection
2021-09-07 11:35:56 WARNING  chck db available
2021-09-07 11:35:56 WARNING  check table available
2021-09-07 11:35:56 WARNING  check server is on
2021-09-07 11:35:56 WARNING  if error occured then remove try catch block
2021-09-07 11:35:56 DEBUG    libsys database connection establishing..in LIBSYS INSERT DATA FILE
2021-09-07 11:35:58 DEBUG    libys db connection establishing
2021-09-08 04:05:17 INFO     Welcome To Intelligent Library Managment System
2021-09-08 04:05:17 WARNING  LIBSYS_INSERT_DATA FILE CALLING FOR SCRAPPINGS
2021-09-08 04:05:17 WARNING  check db connection
2021-09-08 04:05:17 WARNING  chck db available
2021-09-08 04:05:17 WARNING  check table available
2021-09-08 04:05:17 WARNING  check server is on
2021-09-08 04:05:17 WARNING  if error occured then remove try catch block
2021-09-08 04:05:17 DEBUG    libsys database connection establishing..in LIBSYS INSERT DATA FILE
2021-09-08 04:05:17 DEBUG    libys db connection establishing
2021-09-08 12:44:52 INFO     Welcome To Intelligent Library Managment System
2021-09-08 12:44:52 WARNING  LIBSYS_INSERT_DATA FILE CALLING FOR SCRAPPINGS
2021-09-08 12:44:52 WARNING  check db connection
2021-09-08 12:44:52 WARNING  chck db available
2021-09-08 12:44:52 WARNING  check table available
2021-09-08 12:44:52 WARNING  check server is on
2021-09-08 12:44:52 WARNING  if error occured then remove try catch block
2021-09-08 12:44:52 DEBUG    libsys database connection establishing..in LIBSYS INSERT DATA FILE
2021-09-08 12:44:53 DEBUG    libys db connection establishing
2021-09-09 04:05:17 INFO     Welcome To Intelligent Library Managment System
2021-09-09 04:05:17 WARNING  LIBSYS_INSERT_DATA FILE CALLING FOR SCRAPPINGS
2021-09-09 04:05:17 WARNING  check db connection
2021-09-09 04:05:17 WARNING  chck db available
2021-09-09 04:05:17 WARNING  check table available
2021-09-09 04:05:17 WARNING  check server is on
2021-09-09 04:05:17 WARNING  if error occured then remove try catch block
2021-09-09 04:05:17 DEBUG    libsys database connection establishing..in LIBSYS INSERT DATA FILE
2021-09-09 04:05:18 DEBUG    libys db connection establishing
2021-09-10 04:05:18 INFO     Welcome To Intelligent Library Managment System
2021-09-10 04:05:18 WARNING  LIBSYS_INSERT_DATA FILE CALLING FOR SCRAPPINGS
2021-09-10 04:05:18 WARNING  check db connection
2021-09-10 04:05:18 WARNING  chck db available
2021-09-10 04:05:18 WARNING  check table available
2021-09-10 04:05:18 WARNING  check server is on
2021-09-10 04:05:18 WARNING  if error occured then remove try catch block
2021-09-10 04:05:18 DEBUG    libsys database connection establishing..in LIBSYS INSERT DATA FILE
2021-09-10 04:05:18 DEBUG    libys db connection establishing
2021-09-11 04:05:18 INFO     Welcome To Intelligent Library Managment System
2021-09-11 04:05:18 WARNING  LIBSYS_INSERT_DATA FILE CALLING FOR SCRAPPINGS
2021-09-11 04:05:18 WARNING  check db connection
2021-09-11 04:05:18 WARNING  chck db available
2021-09-11 04:05:18 WARNING  check table available
2021-09-11 04:05:18 WARNING  check server is on
2021-09-11 04:05:18 WARNING  if error occured then remove try catch block
2021-09-11 04:05:18 DEBUG    libsys database connection establishing..in LIBSYS INSERT DATA FILE
2021-09-11 04:05:18 DEBUG    libys db connection establishing
2021-09-12 04:05:18 INFO     Welcome To Intelligent Library Managment System
2021-09-12 04:05:18 WARNING  LIBSYS_INSERT_DATA FILE CALLING FOR SCRAPPINGS
2021-09-12 04:05:18 WARNING  check db connection
2021-09-12 04:05:18 WARNING  chck db available
2021-09-12 04:05:18 WARNING  check table available
2021-09-12 04:05:18 WARNING  check server is on
2021-09-12 04:05:18 WARNING  if error occured then remove try catch block
2021-09-12 04:05:18 DEBUG    libsys database connection establishing..in LIBSYS INSERT DATA FILE
2021-09-12 04:05:18 DEBUG    libys db connection establishing
2021-09-13 04:05:17 INFO     Welcome To Intelligent Library Managment System
2021-09-13 04:05:17 WARNING  LIBSYS_INSERT_DATA FILE CALLING FOR SCRAPPINGS
2021-09-13 04:05:17 WARNING  check db connection
2021-09-13 04:05:17 WARNING  chck db available
2021-09-13 04:05:17 WARNING  check table available
2021-09-13 04:05:17 WARNING  check server is on
2021-09-13 04:05:17 WARNING  if error occured then remove try catch block
2021-09-13 04:05:17 DEBUG    libsys database connection establishing..in LIBSYS INSERT DATA FILE
2021-09-13 04:05:17 DEBUG    libys db connection establishing
2021-09-13 10:28:06 INFO     Welcome To Intelligent Library Managment System
2021-09-13 10:28:06 WARNING  LIBSYS_INSERT_DATA FILE CALLING FOR SCRAPPINGS
2021-09-13 10:28:06 WARNING  check db connection
2021-09-13 10:28:06 WARNING  chck db available
2021-09-13 10:28:06 WARNING  check table available
2021-09-13 10:28:06 WARNING  check server is on
2021-09-13 10:28:06 WARNING  if error occured then remove try catch block
2021-09-13 10:28:06 DEBUG    libsys database connection establishing..in LIBSYS INSERT DATA FILE
2021-09-13 10:28:06 DEBUG    libys db connection establishing
2021-09-14 04:05:17 INFO     Welcome To Intelligent Library Managment System
2021-09-14 04:05:17 WARNING  LIBSYS_INSERT_DATA FILE CALLING FOR SCRAPPINGS
2021-09-14 04:05:17 WARNING  check db connection
2021-09-14 04:05:17 WARNING  chck db available
2021-09-14 04:05:17 WARNING  check table available
2021-09-14 04:05:17 WARNING  check server is on
2021-09-14 04:05:17 WARNING  if error occured then remove try catch block
2021-09-14 04:05:17 DEBUG    libsys database connection establishing..in LIBSYS INSERT DATA FILE
2021-09-14 04:05:17 DEBUG    libys db connection establishing
2021-09-15 04:05:17 INFO     Welcome To Intelligent Library Managment System
2021-09-15 04:05:17 WARNING  LIBSYS_INSERT_DATA FILE CALLING FOR SCRAPPINGS
2021-09-15 04:05:17 WARNING  check db connection
2021-09-15 04:05:17 WARNING  chck db available
2021-09-15 04:05:17 WARNING  check table available
2021-09-15 04:05:17 WARNING  check server is on
2021-09-15 04:05:17 WARNING  if error occured then remove try catch block
2021-09-15 04:05:17 DEBUG    libsys database connection establishing..in LIBSYS INSERT DATA FILE
2021-09-15 04:05:18 DEBUG    libys db connection establishing
2021-09-16 04:05:17 INFO     Welcome To Intelligent Library Managment System
2021-09-16 04:05:17 WARNING  LIBSYS_INSERT_DATA FILE CALLING FOR SCRAPPINGS
2021-09-16 04:05:17 WARNING  check db connection
2021-09-16 04:05:17 WARNING  chck db available
2021-09-16 04:05:17 WARNING  check table available
2021-09-16 04:05:17 WARNING  check server is on
2021-09-16 04:05:17 WARNING  if error occured then remove try catch block
2021-09-16 04:05:17 DEBUG    libsys database connection establishing..in LIBSYS INSERT DATA FILE
2021-09-16 04:05:18 DEBUG    libys db connection establishing
2021-09-17 04:05:17 INFO     Welcome To Intelligent Library Managment System
2021-09-17 04:05:17 WARNING  LIBSYS_INSERT_DATA FILE CALLING FOR SCRAPPINGS
2021-09-17 04:05:17 WARNING  check db connection
2021-09-17 04:05:17 WARNING  chck db available
2021-09-17 04:05:17 WARNING  check table available
2021-09-17 04:05:17 WARNING  check server is on
2021-09-17 04:05:17 WARNING  if error occured then remove try catch block
2021-09-17 04:05:17 DEBUG    libsys database connection establishing..in LIBSYS INSERT DATA FILE
2021-09-17 04:05:18 DEBUG    libys db connection establishing
2021-09-17 16:27:52 INFO     Welcome To Intelligent Library Managment System
2021-09-17 16:27:52 WARNING  LIBSYS_INSERT_DATA FILE CALLING FOR SCRAPPINGS
2021-09-17 16:27:52 WARNING  check db connection
2021-09-17 16:27:52 WARNING  chck db available
2021-09-17 16:27:52 WARNING  check table available
2021-09-17 16:27:52 WARNING  check server is on
2021-09-17 16:27:52 WARNING  if error occured then remove try catch block
2021-09-17 16:27:52 DEBUG    libsys database connection establishing..in LIBSYS INSERT DATA FILE
2021-09-17 16:27:52 DEBUG    libys db connection establishing
2021-09-18 04:05:17 INFO     Welcome To Intelligent Library Managment System
2021-09-18 04:05:17 WARNING  LIBSYS_INSERT_DATA FILE CALLING FOR SCRAPPINGS
2021-09-18 04:05:17 WARNING  check db connection
2021-09-18 04:05:17 WARNING  chck db available
2021-09-18 04:05:17 WARNING  check table available
2021-09-18 04:05:17 WARNING  check server is on
2021-09-18 04:05:17 WARNING  if error occured then remove try catch block
2021-09-18 04:05:17 DEBUG    libsys database connection establishing..in LIBSYS INSERT DATA FILE
2021-09-18 04:05:18 DEBUG    libys db connection establishing
2021-09-20 09:57:41 INFO     Welcome To Intelligent Library Managment System
2021-09-20 09:57:41 WARNING  LIBSYS_INSERT_DATA FILE CALLING FOR SCRAPPINGS
2021-09-20 09:57:41 WARNING  check db connection
2021-09-20 09:57:41 WARNING  chck db available
2021-09-20 09:57:41 WARNING  check table available
2021-09-20 09:57:41 WARNING  check server is on
2021-09-20 09:57:41 WARNING  if error occured then remove try catch block
2021-09-20 09:57:41 DEBUG    libsys database connection establishing..in LIBSYS INSERT DATA FILE
2021-09-20 09:57:41 DEBUG    libys db connection establishing
2021-09-23 15:56:55 INFO     Welcome To Intelligent Library Managment System
2021-09-23 15:56:55 WARNING  LIBSYS_INSERT_DATA FILE CALLING FOR SCRAPPINGS
2021-09-23 15:56:55 WARNING  check db connection
2021-09-23 15:56:55 WARNING  chck db available
2021-09-23 15:56:55 WARNING  check table available
2021-09-23 15:56:55 WARNING  check server is on
2021-09-23 15:56:55 WARNING  if error occured then remove try catch block
2021-09-23 15:56:55 DEBUG    libsys database connection establishing..in LIBSYS INSERT DATA FILE
2021-09-23 15:56:56 DEBUG    libys db connection establishing
2021-09-24 10:15:43 INFO     Welcome To Intelligent Library Managment System
2021-09-24 10:15:43 WARNING  LIBSYS_INSERT_DATA FILE CALLING FOR SCRAPPINGS
2021-09-24 10:15:43 WARNING  check db connection
2021-09-24 10:15:43 WARNING  chck db available
2021-09-24 10:15:43 WARNING  check table available
2021-09-24 10:15:43 WARNING  check server is on
2021-09-24 10:15:43 WARNING  if error occured then remove try catch block
2021-09-24 10:15:43 DEBUG    libsys database connection establishing..in LIBSYS INSERT DATA FILE
2021-09-24 10:15:43 DEBUG    libys db connection establishing
2021-09-24 11:20:26 INFO     Welcome To Intelligent Library Managment System
2021-09-24 11:20:26 WARNING  LIBSYS_INSERT_DATA FILE CALLING FOR SCRAPPINGS
2021-09-24 11:20:26 WARNING  check db connection
2021-09-24 11:20:26 WARNING  chck db available
2021-09-24 11:20:26 WARNING  check table available
2021-09-24 11:20:26 WARNING  check server is on
2021-09-24 11:20:26 WARNING  if error occured then remove try catch block
2021-09-24 11:20:26 DEBUG    libsys database connection establishing..in LIBSYS INSERT DATA FILE
2021-09-24 11:20:28 DEBUG    libys db connection establishing
2021-09-24 12:37:40 INFO     Welcome To Intelligent Library Managment System
2021-09-24 12:37:40 WARNING  LIBSYS_INSERT_DATA FILE CALLING FOR SCRAPPINGS
2021-09-24 12:37:40 WARNING  check db connection
2021-09-24 12:37:40 WARNING  chck db available
2021-09-24 12:37:40 WARNING  check table available
2021-09-24 12:37:40 WARNING  check server is on
2021-09-24 12:37:40 WARNING  if error occured then remove try catch block
2021-09-24 12:37:40 DEBUG    libsys database connection establishing..in LIBSYS INSERT DATA FILE
2021-09-24 12:37:40 DEBUG    libys db connection establishing
2021-09-24 14:12:25 INFO     Welcome To Intelligent Library Managment System
2021-09-24 14:12:25 WARNING  LIBSYS_INSERT_DATA FILE CALLING FOR SCRAPPINGS
2021-09-24 14:12:25 WARNING  check db connection
2021-09-24 14:12:25 WARNING  chck db available
2021-09-24 14:12:25 WARNING  check table available
2021-09-24 14:12:25 WARNING  check server is on
2021-09-24 14:12:25 WARNING  if error occured then remove try catch block
2021-09-24 14:12:25 DEBUG    libsys database connection establishing..in LIBSYS INSERT DATA FILE
2021-09-24 14:12:27 DEBUG    libys db connection establishing
2021-09-24 15:17:13 INFO     Welcome To Intelligent Library Managment System
2021-09-24 15:17:13 WARNING  LIBSYS_INSERT_DATA FILE CALLING FOR SCRAPPINGS
2021-09-24 15:17:13 WARNING  check db connection
2021-09-24 15:17:13 WARNING  chck db available
2021-09-24 15:17:13 WARNING  check table available
2021-09-24 15:17:13 WARNING  check server is on
2021-09-24 15:17:13 WARNING  if error occured then remove try catch block
2021-09-24 15:17:13 DEBUG    libsys database connection establishing..in LIBSYS INSERT DATA FILE
2021-09-24 15:17:15 DEBUG    libys db connection establishing
2021-09-24 16:25:29 INFO     Welcome To Intelligent Library Managment System
2021-09-24 16:25:29 WARNING  LIBSYS_INSERT_DATA FILE CALLING FOR SCRAPPINGS
2021-09-24 16:25:29 WARNING  check db connection
2021-09-24 16:25:29 WARNING  chck db available
2021-09-24 16:25:29 WARNING  check table available
2021-09-24 16:25:29 WARNING  check server is on
2021-09-24 16:25:29 WARNING  if error occured then remove try catch block
2021-09-24 16:25:29 DEBUG    libsys database connection establishing..in LIBSYS INSERT DATA FILE
2021-09-24 16:25:29 DEBUG    libys db connection establishing
2021-09-27 12:32:34 INFO     Welcome To Intelligent Library Managment System
2021-09-27 12:32:34 WARNING  LIBSYS_INSERT_DATA FILE CALLING FOR SCRAPPINGS
2021-09-27 12:32:34 WARNING  check db connection
2021-09-27 12:32:34 WARNING  chck db available
2021-09-27 12:32:34 WARNING  check table available
2021-09-27 12:32:34 WARNING  check server is on
2021-09-27 12:32:34 WARNING  if error occured then remove try catch block
2021-09-27 12:32:34 DEBUG    libsys database connection establishing..in LIBSYS INSERT DATA FILE
2021-09-27 12:32:34 DEBUG    libys db connection establishing
2021-10-05 14:19:00 INFO     Welcome To Intelligent Library Managment System
2021-10-05 14:19:00 WARNING  LIBSYS_INSERT_DATA FILE CALLING FOR SCRAPPINGS
2021-10-05 14:19:00 WARNING  check db connection
2021-10-05 14:19:00 WARNING  chck db available
2021-10-05 14:19:00 WARNING  check table available
2021-10-05 14:19:00 WARNING  check server is on
2021-10-05 14:19:00 WARNING  if error occured then remove try catch block
2021-10-05 14:19:00 DEBUG    libsys database connection establishing..in LIBSYS INSERT DATA FILE
2021-10-05 14:19:01 DEBUG    libys db connection establishing
2021-10-06 12:33:08 INFO     Welcome To Intelligent Library Managment System
2021-10-06 12:33:08 WARNING  LIBSYS_INSERT_DATA FILE CALLING FOR SCRAPPINGS
2021-10-06 12:33:08 WARNING  check db connection
2021-10-06 12:33:08 WARNING  chck db available
2021-10-06 12:33:08 WARNING  check table available
2021-10-06 12:33:08 WARNING  check server is on
2021-10-06 12:33:08 WARNING  if error occured then remove try catch block
2021-10-06 12:33:08 DEBUG    libsys database connection establishing..in LIBSYS INSERT DATA FILE
2021-10-06 12:33:10 DEBUG    libys db connection establishing
2021-10-08 04:05:17 INFO     Welcome To Intelligent Library Managment System
2021-10-08 04:05:17 WARNING  LIBSYS_INSERT_DATA FILE CALLING FOR SCRAPPINGS
2021-10-08 04:05:17 WARNING  check db connection
2021-10-08 04:05:17 WARNING  chck db available
2021-10-08 04:05:17 WARNING  check table available
2021-10-08 04:05:17 WARNING  check server is on
2021-10-08 04:05:17 WARNING  if error occured then remove try catch block
2021-10-08 04:05:17 DEBUG    libsys database connection establishing..in LIBSYS INSERT DATA FILE
2021-10-08 04:05:17 DEBUG    libys db connection establishing
2021-10-11 09:56:52 INFO     Welcome To Intelligent Library Managment System
2021-10-11 09:56:52 WARNING  LIBSYS_INSERT_DATA FILE CALLING FOR SCRAPPINGS
2021-10-11 09:56:52 WARNING  check db connection
2021-10-11 09:56:52 WARNING  chck db available
2021-10-11 09:56:52 WARNING  check table available
2021-10-11 09:56:52 WARNING  check server is on
2021-10-11 09:56:52 WARNING  if error occured then remove try catch block
2021-10-11 09:56:52 DEBUG    libsys database connection establishing..in LIBSYS INSERT DATA FILE
2021-10-11 09:56:52 DEBUG    libys db connection establishing
2021-10-13 04:05:17 INFO     Welcome To Intelligent Library Managment System
2021-10-13 04:05:17 WARNING  LIBSYS_INSERT_DATA FILE CALLING FOR SCRAPPINGS
2021-10-13 04:05:17 WARNING  check db connection
2021-10-13 04:05:17 WARNING  chck db available
2021-10-13 04:05:17 WARNING  check table available
2021-10-13 04:05:17 WARNING  check server is on
2021-10-13 04:05:17 WARNING  if error occured then remove try catch block
2021-10-13 04:05:17 DEBUG    libsys database connection establishing..in LIBSYS INSERT DATA FILE
2021-10-13 04:05:17 DEBUG    libys db connection establishing
2021-10-14 04:05:17 INFO     Welcome To Intelligent Library Managment System
2021-10-14 04:05:17 WARNING  LIBSYS_INSERT_DATA FILE CALLING FOR SCRAPPINGS
2021-10-14 04:05:17 WARNING  check db connection
2021-10-14 04:05:17 WARNING  chck db available
2021-10-14 04:05:17 WARNING  check table available
2021-10-14 04:05:17 WARNING  check server is on
2021-10-14 04:05:17 WARNING  if error occured then remove try catch block
2021-10-14 04:05:17 DEBUG    libsys database connection establishing..in LIBSYS INSERT DATA FILE
2021-10-14 04:05:17 DEBUG    libys db connection establishing
2021-10-18 15:16:12 INFO     Welcome To Intelligent Library Managment System
2021-10-18 15:16:12 WARNING  LIBSYS_INSERT_DATA FILE CALLING FOR SCRAPPINGS
2021-10-18 15:16:12 WARNING  check db connection
2021-10-18 15:16:12 WARNING  chck db available
2021-10-18 15:16:12 WARNING  check table available
2021-10-18 15:16:12 WARNING  check server is on
2021-10-18 15:16:12 WARNING  if error occured then remove try catch block
2021-10-18 15:16:12 DEBUG    libsys database connection establishing..in LIBSYS INSERT DATA FILE
2021-10-18 15:16:12 DEBUG    libys db connection establishing
2021-10-19 04:05:18 INFO     Welcome To Intelligent Library Managment System
2021-10-19 04:05:18 WARNING  LIBSYS_INSERT_DATA FILE CALLING FOR SCRAPPINGS
2021-10-19 04:05:18 WARNING  check db connection
2021-10-19 04:05:18 WARNING  chck db available
2021-10-19 04:05:18 WARNING  check table available
2021-10-19 04:05:18 WARNING  check server is on
2021-10-19 04:05:18 WARNING  if error occured then remove try catch block
2021-10-19 04:05:18 DEBUG    libsys database connection establishing..in LIBSYS INSERT DATA FILE
2021-10-19 04:05:18 DEBUG    libys db connection establishing
2021-10-19 11:54:05 INFO     Welcome To Intelligent Library Managment System
2021-10-19 11:54:05 WARNING  LIBSYS_INSERT_DATA FILE CALLING FOR SCRAPPINGS
2021-10-19 11:54:05 WARNING  check db connection
2021-10-19 11:54:05 WARNING  chck db available
2021-10-19 11:54:05 WARNING  check table available
2021-10-19 11:54:05 WARNING  check server is on
2021-10-19 11:54:05 WARNING  if error occured then remove try catch block
2021-10-19 11:54:05 DEBUG    libsys database connection establishing..in LIBSYS INSERT DATA FILE
2021-10-19 11:54:06 DEBUG    libys db connection establishing
2021-10-19 12:37:21 INFO     Welcome To Intelligent Library Managment System
2021-10-19 12:37:21 WARNING  LIBSYS_INSERT_DATA FILE CALLING FOR SCRAPPINGS
2021-10-19 12:37:21 WARNING  check db connection
2021-10-19 12:37:21 WARNING  chck db available
2021-10-19 12:37:21 WARNING  check table available
2021-10-19 12:37:21 WARNING  check server is on
2021-10-19 12:37:21 WARNING  if error occured then remove try catch block
2021-10-19 12:37:21 DEBUG    libsys database connection establishing..in LIBSYS INSERT DATA FILE
2021-10-19 12:37:21 DEBUG    libys db connection establishing
2021-10-20 04:05:18 INFO     Welcome To Intelligent Library Managment System
2021-10-20 04:05:18 WARNING  LIBSYS_INSERT_DATA FILE CALLING FOR SCRAPPINGS
2021-10-20 04:05:18 WARNING  check db connection
2021-10-20 04:05:18 WARNING  chck db available
2021-10-20 04:05:18 WARNING  check table available
2021-10-20 04:05:18 WARNING  check server is on
2021-10-20 04:05:18 WARNING  if error occured then remove try catch block
2021-10-20 04:05:18 DEBUG    libsys database connection establishing..in LIBSYS INSERT DATA FILE
2021-10-20 04:05:18 DEBUG    libys db connection establishing
2021-10-20 12:22:25 INFO     Welcome To Intelligent Library Managment System
2021-10-20 12:22:25 WARNING  LIBSYS_INSERT_DATA FILE CALLING FOR SCRAPPINGS
2021-10-20 12:22:25 WARNING  check db connection
2021-10-20 12:22:25 WARNING  chck db available
2021-10-20 12:22:25 WARNING  check table available
2021-10-20 12:22:25 WARNING  check server is on
2021-10-20 12:22:25 WARNING  if error occured then remove try catch block
2021-10-20 12:22:25 DEBUG    libsys database connection establishing..in LIBSYS INSERT DATA FILE
2021-10-20 12:22:25 DEBUG    libys db connection establishing
2021-10-21 04:05:18 INFO     Welcome To Intelligent Library Managment System
2021-10-21 04:05:18 WARNING  LIBSYS_INSERT_DATA FILE CALLING FOR SCRAPPINGS
2021-10-21 04:05:18 WARNING  check db connection
2021-10-21 04:05:18 WARNING  chck db available
2021-10-21 04:05:18 WARNING  check table available
2021-10-21 04:05:18 WARNING  check server is on
2021-10-21 04:05:18 WARNING  if error occured then remove try catch block
2021-10-21 04:05:18 DEBUG    libsys database connection establishing..in LIBSYS INSERT DATA FILE
2021-10-21 04:05:18 DEBUG    libys db connection establishing
2021-10-22 04:05:18 INFO     Welcome To Intelligent Library Managment System
2021-10-22 04:05:18 WARNING  LIBSYS_INSERT_DATA FILE CALLING FOR SCRAPPINGS
2021-10-22 04:05:18 WARNING  check db connection
2021-10-22 04:05:18 WARNING  chck db available
2021-10-22 04:05:18 WARNING  check table available
2021-10-22 04:05:18 WARNING  check server is on
2021-10-22 04:05:18 WARNING  if error occured then remove try catch block
2021-10-22 04:05:18 DEBUG    libsys database connection establishing..in LIBSYS INSERT DATA FILE
2021-10-22 04:05:18 DEBUG    libys db connection establishing
2021-10-22 14:47:08 INFO     Welcome To Intelligent Library Managment System
2021-10-22 14:47:08 WARNING  LIBSYS_INSERT_DATA FILE CALLING FOR SCRAPPINGS
2021-10-22 14:47:08 WARNING  check db connection
2021-10-22 14:47:08 WARNING  chck db available
2021-10-22 14:47:08 WARNING  check table available
2021-10-22 14:47:08 WARNING  check server is on
2021-10-22 14:47:08 WARNING  if error occured then remove try catch block
2021-10-22 14:47:08 DEBUG    libsys database connection establishing..in LIBSYS INSERT DATA FILE
2021-10-22 14:47:09 DEBUG    libys db connection establishing
2021-10-22 17:01:10 INFO     Welcome To Intelligent Library Managment System
2021-10-22 17:01:10 WARNING  LIBSYS_INSERT_DATA FILE CALLING FOR SCRAPPINGS
2021-10-22 17:01:10 WARNING  check db connection
2021-10-22 17:01:10 WARNING  chck db available
2021-10-22 17:01:10 WARNING  check table available
2021-10-22 17:01:10 WARNING  check server is on
2021-10-22 17:01:10 WARNING  if error occured then remove try catch block
2021-10-22 17:01:10 DEBUG    libsys database connection establishing..in LIBSYS INSERT DATA FILE
2021-10-22 17:01:10 DEBUG    libys db connection establishing
2021-10-25 09:20:23 INFO     Welcome To Intelligent Library Managment System
2021-10-25 09:20:23 WARNING  LIBSYS_INSERT_DATA FILE CALLING FOR SCRAPPINGS
2021-10-25 09:20:23 WARNING  check db connection
2021-10-25 09:20:23 WARNING  chck db available
2021-10-25 09:20:23 WARNING  check table available
2021-10-25 09:20:23 WARNING  check server is on
2021-10-25 09:20:23 WARNING  if error occured then remove try catch block
2021-10-25 09:20:23 DEBUG    libsys database connection establishing..in LIBSYS INSERT DATA FILE
2021-10-25 09:20:24 DEBUG    libys db connection establishing
2021-10-26 04:05:18 INFO     Welcome To Intelligent Library Managment System
2021-10-26 04:05:18 WARNING  LIBSYS_INSERT_DATA FILE CALLING FOR SCRAPPINGS
2021-10-26 04:05:18 WARNING  check db connection
2021-10-26 04:05:18 WARNING  chck db available
2021-10-26 04:05:18 WARNING  check table available
2021-10-26 04:05:18 WARNING  check server is on
2021-10-26 04:05:18 WARNING  if error occured then remove try catch block
2021-10-26 04:05:18 DEBUG    libsys database connection establishing..in LIBSYS INSERT DATA FILE
2021-10-26 04:05:19 DEBUG    libys db connection establishing
2021-10-27 04:05:18 INFO     Welcome To Intelligent Library Managment System
2021-10-27 04:05:18 WARNING  LIBSYS_INSERT_DATA FILE CALLING FOR SCRAPPINGS
2021-10-27 04:05:18 WARNING  check db connection
2021-10-27 04:05:18 WARNING  chck db available
2021-10-27 04:05:18 WARNING  check table available
2021-10-27 04:05:18 WARNING  check server is on
2021-10-27 04:05:18 WARNING  if error occured then remove try catch block
2021-10-27 04:05:18 DEBUG    libsys database connection establishing..in LIBSYS INSERT DATA FILE
2021-10-27 04:05:19 DEBUG    libys db connection establishing
2021-10-28 04:05:18 INFO     Welcome To Intelligent Library Managment System
2021-10-28 04:05:18 WARNING  LIBSYS_INSERT_DATA FILE CALLING FOR SCRAPPINGS
2021-10-28 04:05:18 WARNING  check db connection
2021-10-28 04:05:18 WARNING  chck db available
2021-10-28 04:05:18 WARNING  check table available
2021-10-28 04:05:18 WARNING  check server is on
2021-10-28 04:05:18 WARNING  if error occured then remove try catch block
2021-10-28 04:05:18 DEBUG    libsys database connection establishing..in LIBSYS INSERT DATA FILE
2021-10-28 04:05:18 DEBUG    libys db connection establishing
2021-10-29 04:05:18 INFO     Welcome To Intelligent Library Managment System
2021-10-29 04:05:18 WARNING  LIBSYS_INSERT_DATA FILE CALLING FOR SCRAPPINGS
2021-10-29 04:05:18 WARNING  check db connection
2021-10-29 04:05:18 WARNING  chck db available
2021-10-29 04:05:18 WARNING  check table available
2021-10-29 04:05:18 WARNING  check server is on
2021-10-29 04:05:18 WARNING  if error occured then remove try catch block
2021-10-29 04:05:18 DEBUG    libsys database connection establishing..in LIBSYS INSERT DATA FILE
2021-10-29 04:05:19 DEBUG    libys db connection establishing
2021-11-01 10:23:43 INFO     Welcome To Intelligent Library Managment System
2021-11-01 10:23:43 WARNING  LIBSYS_INSERT_DATA FILE CALLING FOR SCRAPPINGS
2021-11-01 10:23:43 WARNING  check db connection
2021-11-01 10:23:43 WARNING  chck db available
2021-11-01 10:23:43 WARNING  check table available
2021-11-01 10:23:43 WARNING  check server is on
2021-11-01 10:23:43 WARNING  if error occured then remove try catch block
2021-11-01 10:23:43 DEBUG    libsys database connection establishing..in LIBSYS INSERT DATA FILE
2021-11-01 10:23:43 DEBUG    libys db connection establishing
2021-11-02 04:05:18 INFO     Welcome To Intelligent Library Managment System
2021-11-02 04:05:18 WARNING  LIBSYS_INSERT_DATA FILE CALLING FOR SCRAPPINGS
2021-11-02 04:05:18 WARNING  check db connection
2021-11-02 04:05:18 WARNING  chck db available
2021-11-02 04:05:18 WARNING  check table available
2021-11-02 04:05:18 WARNING  check server is on
2021-11-02 04:05:18 WARNING  if error occured then remove try catch block
2021-11-02 04:05:18 DEBUG    libsys database connection establishing..in LIBSYS INSERT DATA FILE
2021-11-02 04:05:18 DEBUG    libys db connection establishing
2021-11-03 04:05:17 INFO     Welcome To Intelligent Library Managment System
2021-11-03 04:05:17 WARNING  LIBSYS_INSERT_DATA FILE CALLING FOR SCRAPPINGS
2021-11-03 04:05:17 WARNING  check db connection
2021-11-03 04:05:17 WARNING  chck db available
2021-11-03 04:05:17 WARNING  check table available
2021-11-03 04:05:17 WARNING  check server is on
2021-11-03 04:05:17 WARNING  if error occured then remove try catch block
2021-11-03 04:05:17 DEBUG    libsys database connection establishing..in LIBSYS INSERT DATA FILE
2021-11-03 04:05:17 DEBUG    libys db connection establishing
2021-11-09 04:05:18 INFO     Welcome To Intelligent Library Managment System
2021-11-09 04:05:18 WARNING  LIBSYS_INSERT_DATA FILE CALLING FOR SCRAPPINGS
2021-11-09 04:05:18 WARNING  check db connection
2021-11-09 04:05:18 WARNING  chck db available
2021-11-09 04:05:18 WARNING  check table available
2021-11-09 04:05:18 WARNING  check server is on
2021-11-09 04:05:18 WARNING  if error occured then remove try catch block
2021-11-09 04:05:18 DEBUG    libsys database connection establishing..in LIBSYS INSERT DATA FILE
2021-11-09 04:05:18 DEBUG    libys db connection establishing
2021-11-09 09:44:55 INFO     Welcome To Intelligent Library Managment System
2021-11-09 09:44:55 WARNING  LIBSYS_INSERT_DATA FILE CALLING FOR SCRAPPINGS
2021-11-09 09:44:55 WARNING  check db connection
2021-11-09 09:44:55 WARNING  chck db available
2021-11-09 09:44:55 WARNING  check table available
2021-11-09 09:44:55 WARNING  check server is on
2021-11-09 09:44:55 WARNING  if error occured then remove try catch block
2021-11-09 09:44:55 DEBUG    libsys database connection establishing..in LIBSYS INSERT DATA FILE
2021-11-09 09:44:56 DEBUG    libys db connection establishing
2021-11-10 04:05:17 INFO     Welcome To Intelligent Library Managment System
2021-11-10 04:05:17 WARNING  LIBSYS_INSERT_DATA FILE CALLING FOR SCRAPPINGS
2021-11-10 04:05:17 WARNING  check db connection
2021-11-10 04:05:17 WARNING  chck db available
2021-11-10 04:05:17 WARNING  check table available
2021-11-10 04:05:17 WARNING  check server is on
2021-11-10 04:05:17 WARNING  if error occured then remove try catch block
2021-11-10 04:05:17 DEBUG    libsys database connection establishing..in LIBSYS INSERT DATA FILE
2021-11-10 04:05:17 DEBUG    libys db connection establishing
2021-11-11 04:05:17 INFO     Welcome To Intelligent Library Managment System
2021-11-11 04:05:17 WARNING  LIBSYS_INSERT_DATA FILE CALLING FOR SCRAPPINGS
2021-11-11 04:05:17 WARNING  check db connection
2021-11-11 04:05:17 WARNING  chck db available
2021-11-11 04:05:17 WARNING  check table available
2021-11-11 04:05:17 WARNING  check server is on
2021-11-11 04:05:17 WARNING  if error occured then remove try catch block
2021-11-11 04:05:17 DEBUG    libsys database connection establishing..in LIBSYS INSERT DATA FILE
2021-11-11 04:05:18 DEBUG    libys db connection establishing
2021-11-12 04:05:17 INFO     Welcome To Intelligent Library Managment System
2021-11-12 04:05:17 WARNING  LIBSYS_INSERT_DATA FILE CALLING FOR SCRAPPINGS
2021-11-12 04:05:17 WARNING  check db connection
2021-11-12 04:05:17 WARNING  chck db available
2021-11-12 04:05:17 WARNING  check table available
2021-11-12 04:05:17 WARNING  check server is on
2021-11-12 04:05:17 WARNING  if error occured then remove try catch block
2021-11-12 04:05:17 DEBUG    libsys database connection establishing..in LIBSYS INSERT DATA FILE
2021-11-12 04:05:18 DEBUG    libys db connection establishing
2021-11-15 10:32:01 INFO     Welcome To Intelligent Library Managment System
2021-11-15 10:32:01 WARNING  LIBSYS_INSERT_DATA FILE CALLING FOR SCRAPPINGS
2021-11-15 10:32:01 WARNING  check db connection
2021-11-15 10:32:01 WARNING  chck db available
2021-11-15 10:32:01 WARNING  check table available
2021-11-15 10:32:01 WARNING  check server is on
2021-11-15 10:32:01 WARNING  if error occured then remove try catch block
2021-11-15 10:32:01 DEBUG    libsys database connection establishing..in LIBSYS INSERT DATA FILE
2021-11-15 10:32:02 DEBUG    libys db connection establishing
2021-11-16 04:05:17 INFO     Welcome To Intelligent Library Managment System
2021-11-16 04:05:17 WARNING  LIBSYS_INSERT_DATA FILE CALLING FOR SCRAPPINGS
2021-11-16 04:05:17 WARNING  check db connection
2021-11-16 04:05:17 WARNING  chck db available
2021-11-16 04:05:17 WARNING  check table available
2021-11-16 04:05:17 WARNING  check server is on
2021-11-16 04:05:17 WARNING  if error occured then remove try catch block
2021-11-16 04:05:17 DEBUG    libsys database connection establishing..in LIBSYS INSERT DATA FILE
2021-11-16 04:05:18 DEBUG    libys db connection establishing
2021-11-17 04:05:17 INFO     Welcome To Intelligent Library Managment System
2021-11-17 04:05:17 WARNING  LIBSYS_INSERT_DATA FILE CALLING FOR SCRAPPINGS
2021-11-17 04:05:17 WARNING  check db connection
2021-11-17 04:05:17 WARNING  chck db available
2021-11-17 04:05:17 WARNING  check table available
2021-11-17 04:05:17 WARNING  check server is on
2021-11-17 04:05:17 WARNING  if error occured then remove try catch block
2021-11-17 04:05:17 DEBUG    libsys database connection establishing..in LIBSYS INSERT DATA FILE
2021-11-17 04:05:18 DEBUG    libys db connection establishing
2021-11-18 04:05:17 INFO     Welcome To Intelligent Library Managment System
2021-11-18 04:05:17 WARNING  LIBSYS_INSERT_DATA FILE CALLING FOR SCRAPPINGS
2021-11-18 04:05:17 WARNING  check db connection
2021-11-18 04:05:17 WARNING  chck db available
2021-11-18 04:05:17 WARNING  check table available
2021-11-18 04:05:17 WARNING  check server is on
2021-11-18 04:05:17 WARNING  if error occured then remove try catch block
2021-11-18 04:05:17 DEBUG    libsys database connection establishing..in LIBSYS INSERT DATA FILE
2021-11-18 04:05:17 DEBUG    libys db connection establishing
2021-11-22 12:09:50 INFO     Welcome To Intelligent Library Managment System
2021-11-22 12:09:50 WARNING  LIBSYS_INSERT_DATA FILE CALLING FOR SCRAPPINGS
2021-11-22 12:09:50 WARNING  check db connection
2021-11-22 12:09:50 WARNING  chck db available
2021-11-22 12:09:50 WARNING  check table available
2021-11-22 12:09:50 WARNING  check server is on
2021-11-22 12:09:50 WARNING  if error occured then remove try catch block
2021-11-22 12:09:50 DEBUG    libsys database connection establishing..in LIBSYS INSERT DATA FILE
2021-11-22 12:09:51 DEBUG    libys db connection establishing
2021-11-23 04:05:18 INFO     Welcome To Intelligent Library Managment System
2021-11-23 04:05:18 WARNING  LIBSYS_INSERT_DATA FILE CALLING FOR SCRAPPINGS
2021-11-23 04:05:18 WARNING  check db connection
2021-11-23 04:05:18 WARNING  chck db available
2021-11-23 04:05:18 WARNING  check table available
2021-11-23 04:05:18 WARNING  check server is on
2021-11-23 04:05:18 WARNING  if error occured then remove try catch block
2021-11-23 04:05:18 DEBUG    libsys database connection establishing..in LIBSYS INSERT DATA FILE
2021-11-23 04:05:18 DEBUG    libys db connection establishing
2021-11-24 04:05:18 INFO     Welcome To Intelligent Library Managment System
2021-11-24 04:05:18 WARNING  LIBSYS_INSERT_DATA FILE CALLING FOR SCRAPPINGS
2021-11-24 04:05:18 WARNING  check db connection
2021-11-24 04:05:18 WARNING  chck db available
2021-11-24 04:05:18 WARNING  check table available
2021-11-24 04:05:18 WARNING  check server is on
2021-11-24 04:05:18 WARNING  if error occured then remove try catch block
2021-11-24 04:05:18 DEBUG    libsys database connection establishing..in LIBSYS INSERT DATA FILE
2021-11-24 04:05:18 DEBUG    libys db connection establishing
2021-11-24 11:51:58 INFO     Welcome To Intelligent Library Managment System
2021-11-24 11:51:58 WARNING  LIBSYS_INSERT_DATA FILE CALLING FOR SCRAPPINGS
2021-11-24 11:51:58 WARNING  check db connection
2021-11-24 11:51:58 WARNING  chck db available
2021-11-24 11:51:58 WARNING  check table available
2021-11-24 11:51:58 WARNING  check server is on
2021-11-24 11:51:58 WARNING  if error occured then remove try catch block
2021-11-24 11:51:58 DEBUG    libsys database connection establishing..in LIBSYS INSERT DATA FILE
2021-11-24 11:52:14 DEBUG    libys db connection establishing
2021-11-24 11:56:01 INFO     Welcome To Intelligent Library Managment System
2021-11-24 11:56:01 WARNING  LIBSYS_INSERT_DATA FILE CALLING FOR SCRAPPINGS
2021-11-24 11:56:01 WARNING  check db connection
2021-11-24 11:56:01 WARNING  chck db available
2021-11-24 11:56:01 WARNING  check table available
2021-11-24 11:56:01 WARNING  check server is on
2021-11-24 11:56:01 WARNING  if error occured then remove try catch block
2021-11-24 11:56:01 DEBUG    libsys database connection establishing..in LIBSYS INSERT DATA FILE
2021-11-24 11:56:01 DEBUG    libys db connection establishing
