2021-08-17 15:51:18 INFO     Welcome To Intelligent Library Managment System
2021-08-17 15:51:18 INFO     autosuggestion_all file calling here
2021-08-17 15:51:18 WARNING  check db connection
2021-08-17 15:51:18 WARNING  chck db available
2021-08-17 15:51:18 WARNING  check table available
2021-08-17 15:51:18 WARNING  check server is on
2021-08-17 15:51:18 WARNING  if error occured then remove try catch block
2021-08-17 15:51:18 DEBUG    drdo database establishing in autosuggestion_all file
2021-08-17 15:51:18 DEBUG    testing database connection establishing..in autosuggestion_all FILE
2021-08-17 15:51:18 DEBUG    new_auth_plugin: mysql_native_password
2021-08-17 15:51:18 INFO     getcols table in testing db is connnected successfully in autosuggestion_all file
2021-08-17 15:51:26 INFO     Welcome To Intelligent Library Managment System
2021-08-17 15:51:26 INFO     autosuggestion_all file calling here
2021-08-17 15:51:26 WARNING  check db connection
2021-08-17 15:51:26 WARNING  chck db available
2021-08-17 15:51:26 WARNING  check table available
2021-08-17 15:51:26 WARNING  check server is on
2021-08-17 15:51:26 WARNING  if error occured then remove try catch block
2021-08-17 15:51:26 DEBUG    drdo database establishing in autosuggestion_all file
2021-08-17 15:51:26 DEBUG    testing database connection establishing..in autosuggestion_all FILE
2021-08-17 15:51:26 DEBUG    new_auth_plugin: mysql_native_password
2021-08-17 15:51:26 INFO     getcols table in testing db is connnected successfully in autosuggestion_all file
2021-08-18 04:05:16 INFO     Welcome To Intelligent Library Managment System
2021-08-18 04:05:16 INFO     autosuggestion_all file calling here
2021-08-18 04:05:16 WARNING  check db connection
2021-08-18 04:05:16 WARNING  chck db available
2021-08-18 04:05:16 WARNING  check table available
2021-08-18 04:05:16 WARNING  check server is on
2021-08-18 04:05:16 WARNING  if error occured then remove try catch block
2021-08-18 04:05:16 DEBUG    drdo database establishing in autosuggestion_all file
2021-08-18 04:05:16 DEBUG    testing database connection establishing..in autosuggestion_all FILE
2021-08-18 04:05:16 DEBUG    new_auth_plugin: mysql_native_password
2021-08-18 04:05:16 INFO     getcols table in testing db is connnected successfully in autosuggestion_all file
2021-08-19 04:05:17 INFO     Welcome To Intelligent Library Managment System
2021-08-19 04:05:17 INFO     autosuggestion_all file calling here
2021-08-19 04:05:17 WARNING  check db connection
2021-08-19 04:05:17 WARNING  chck db available
2021-08-19 04:05:17 WARNING  check table available
2021-08-19 04:05:17 WARNING  check server is on
2021-08-19 04:05:17 WARNING  if error occured then remove try catch block
2021-08-19 04:05:17 DEBUG    drdo database establishing in autosuggestion_all file
2021-08-19 04:05:17 DEBUG    testing database connection establishing..in autosuggestion_all FILE
2021-08-19 04:05:17 DEBUG    new_auth_plugin: mysql_native_password
2021-08-19 04:05:17 INFO     getcols table in testing db is connnected successfully in autosuggestion_all file
2021-08-20 04:05:17 INFO     Welcome To Intelligent Library Managment System
2021-08-20 04:05:17 INFO     autosuggestion_all file calling here
2021-08-20 04:05:17 WARNING  check db connection
2021-08-20 04:05:17 WARNING  chck db available
2021-08-20 04:05:17 WARNING  check table available
2021-08-20 04:05:17 WARNING  check server is on
2021-08-20 04:05:17 WARNING  if error occured then remove try catch block
2021-08-20 04:05:17 DEBUG    drdo database establishing in autosuggestion_all file
2021-08-20 04:05:17 DEBUG    testing database connection establishing..in autosuggestion_all FILE
2021-08-20 04:05:17 DEBUG    new_auth_plugin: mysql_native_password
2021-08-20 04:05:17 INFO     getcols table in testing db is connnected successfully in autosuggestion_all file
2021-08-27 16:31:23 INFO     Welcome To Intelligent Library Managment System
2021-08-27 16:31:23 INFO     autosuggestion_all file calling here
2021-08-27 16:31:23 WARNING  check db connection
2021-08-27 16:31:23 WARNING  chck db available
2021-08-27 16:31:23 WARNING  check table available
2021-08-27 16:31:23 WARNING  check server is on
2021-08-27 16:31:23 WARNING  if error occured then remove try catch block
2021-08-27 16:31:23 DEBUG    drdo database establishing in autosuggestion_all file
2021-08-27 16:31:23 DEBUG    testing database connection establishing..in autosuggestion_all FILE
2021-08-27 16:31:23 DEBUG    new_auth_plugin: mysql_native_password
2021-08-27 16:31:23 INFO     getcols table in testing db is connnected successfully in autosuggestion_all file
2021-08-31 09:03:49 INFO     Welcome To Intelligent Library Managment System
2021-08-31 09:03:49 INFO     autosuggestion_all file calling here
2021-08-31 09:03:49 WARNING  check db connection
2021-08-31 09:03:49 WARNING  chck db available
2021-08-31 09:03:49 WARNING  check table available
2021-08-31 09:03:49 WARNING  check server is on
2021-08-31 09:03:49 WARNING  if error occured then remove try catch block
2021-08-31 09:03:49 DEBUG    drdo database establishing in autosuggestion_all file
2021-08-31 09:03:49 DEBUG    testing database connection establishing..in autosuggestion_all FILE
2021-08-31 09:37:10 INFO     getcols table in testing db is not connnected successfully in autosuggestion_all file
2021-08-31 12:00:06 INFO     Welcome To Intelligent Library Managment System
2021-08-31 12:00:06 INFO     autosuggestion_all file calling here
2021-08-31 12:00:06 WARNING  check db connection
2021-08-31 12:00:06 WARNING  chck db available
2021-08-31 12:00:06 WARNING  check table available
2021-08-31 12:00:06 WARNING  check server is on
2021-08-31 12:00:06 WARNING  if error occured then remove try catch block
2021-08-31 12:00:06 DEBUG    drdo database establishing in autosuggestion_all file
2021-08-31 12:00:06 DEBUG    testing database connection establishing..in autosuggestion_all FILE
2021-08-31 12:00:06 DEBUG    new_auth_plugin: mysql_native_password
2021-08-31 12:00:06 INFO     getcols table in testing db is connnected successfully in autosuggestion_all file
2021-08-31 12:03:56 INFO     Welcome To Intelligent Library Managment System
2021-08-31 12:03:56 INFO     autosuggestion_all file calling here
2021-08-31 12:03:56 WARNING  check db connection
2021-08-31 12:03:56 WARNING  chck db available
2021-08-31 12:03:56 WARNING  check table available
2021-08-31 12:03:56 WARNING  check server is on
2021-08-31 12:03:56 WARNING  if error occured then remove try catch block
2021-08-31 12:03:56 DEBUG    drdo database establishing in autosuggestion_all file
2021-08-31 12:03:56 DEBUG    testing database connection establishing..in autosuggestion_all FILE
2021-08-31 12:03:56 DEBUG    new_auth_plugin: mysql_native_password
2021-08-31 12:03:56 INFO     getcols table in testing db is connnected successfully in autosuggestion_all file
2021-09-01 09:21:01 INFO     Welcome To Intelligent Library Managment System
2021-09-01 09:21:01 INFO     autosuggestion_all file calling here
2021-09-01 09:21:01 WARNING  check db connection
2021-09-01 09:21:01 WARNING  chck db available
2021-09-01 09:21:01 WARNING  check table available
2021-09-01 09:21:01 WARNING  check server is on
2021-09-01 09:21:01 WARNING  if error occured then remove try catch block
2021-09-01 09:21:01 DEBUG    drdo database establishing in autosuggestion_all file
2021-09-01 09:21:01 DEBUG    testing database connection establishing..in autosuggestion_all FILE
2021-09-01 09:54:22 INFO     getcols table in testing db is not connnected successfully in autosuggestion_all file
2021-09-01 10:24:53 INFO     Welcome To Intelligent Library Managment System
2021-09-01 10:24:53 INFO     autosuggestion_all file calling here
2021-09-01 10:24:53 WARNING  check db connection
2021-09-01 10:24:53 WARNING  chck db available
2021-09-01 10:24:53 WARNING  check table available
2021-09-01 10:24:53 WARNING  check server is on
2021-09-01 10:24:53 WARNING  if error occured then remove try catch block
2021-09-01 10:24:53 DEBUG    drdo database establishing in autosuggestion_all file
2021-09-01 10:24:53 DEBUG    testing database connection establishing..in autosuggestion_all FILE
2021-09-01 10:24:53 DEBUG    new_auth_plugin: mysql_native_password
2021-09-01 10:24:53 INFO     getcols table in testing db is connnected successfully in autosuggestion_all file
2021-09-01 10:28:42 INFO     Welcome To Intelligent Library Managment System
2021-09-01 10:28:42 INFO     autosuggestion_all file calling here
2021-09-01 10:28:42 WARNING  check db connection
2021-09-01 10:28:42 WARNING  chck db available
2021-09-01 10:28:42 WARNING  check table available
2021-09-01 10:28:42 WARNING  check server is on
2021-09-01 10:28:42 WARNING  if error occured then remove try catch block
2021-09-01 10:28:42 DEBUG    drdo database establishing in autosuggestion_all file
2021-09-01 10:28:42 DEBUG    testing database connection establishing..in autosuggestion_all FILE
2021-09-01 10:28:42 DEBUG    new_auth_plugin: mysql_native_password
2021-09-01 10:28:42 INFO     getcols table in testing db is connnected successfully in autosuggestion_all file
2021-09-01 12:40:18 INFO     Welcome To Intelligent Library Managment System
2021-09-01 12:40:18 INFO     autosuggestion_all file calling here
2021-09-01 12:40:18 WARNING  check db connection
2021-09-01 12:40:18 WARNING  chck db available
2021-09-01 12:40:18 WARNING  check table available
2021-09-01 12:40:18 WARNING  check server is on
2021-09-01 12:40:18 WARNING  if error occured then remove try catch block
2021-09-01 12:40:18 DEBUG    drdo database establishing in autosuggestion_all file
2021-09-01 12:40:18 DEBUG    testing database connection establishing..in autosuggestion_all FILE
2021-09-01 12:40:18 DEBUG    new_auth_plugin: mysql_native_password
2021-09-01 12:40:18 INFO     getcols table in testing db is connnected successfully in autosuggestion_all file
2021-09-01 12:44:04 INFO     Welcome To Intelligent Library Managment System
2021-09-01 12:44:04 INFO     autosuggestion_all file calling here
2021-09-01 12:44:04 WARNING  check db connection
2021-09-01 12:44:04 WARNING  chck db available
2021-09-01 12:44:04 WARNING  check table available
2021-09-01 12:44:04 WARNING  check server is on
2021-09-01 12:44:04 WARNING  if error occured then remove try catch block
2021-09-01 12:44:04 DEBUG    drdo database establishing in autosuggestion_all file
2021-09-01 12:44:04 DEBUG    testing database connection establishing..in autosuggestion_all FILE
2021-09-01 12:44:04 DEBUG    new_auth_plugin: mysql_native_password
2021-09-01 12:44:04 INFO     getcols table in testing db is connnected successfully in autosuggestion_all file
2021-09-01 13:07:13 INFO     Welcome To Intelligent Library Managment System
2021-09-01 13:07:13 INFO     autosuggestion_all file calling here
2021-09-01 13:07:13 WARNING  check db connection
2021-09-01 13:07:13 WARNING  chck db available
2021-09-01 13:07:13 WARNING  check table available
2021-09-01 13:07:13 WARNING  check server is on
2021-09-01 13:07:13 WARNING  if error occured then remove try catch block
2021-09-01 13:07:13 DEBUG    drdo database establishing in autosuggestion_all file
2021-09-01 13:07:13 DEBUG    testing database connection establishing..in autosuggestion_all FILE
2021-09-01 13:07:13 DEBUG    new_auth_plugin: mysql_native_password
2021-09-01 13:07:13 INFO     getcols table in testing db is connnected successfully in autosuggestion_all file
2021-09-01 13:11:04 INFO     Welcome To Intelligent Library Managment System
2021-09-01 13:11:04 INFO     autosuggestion_all file calling here
2021-09-01 13:11:04 WARNING  check db connection
2021-09-01 13:11:04 WARNING  chck db available
2021-09-01 13:11:04 WARNING  check table available
2021-09-01 13:11:04 WARNING  check server is on
2021-09-01 13:11:04 WARNING  if error occured then remove try catch block
2021-09-01 13:11:04 DEBUG    drdo database establishing in autosuggestion_all file
2021-09-01 13:11:04 DEBUG    testing database connection establishing..in autosuggestion_all FILE
2021-09-01 13:11:04 DEBUG    new_auth_plugin: mysql_native_password
2021-09-01 13:11:04 INFO     getcols table in testing db is connnected successfully in autosuggestion_all file
2021-09-02 11:17:37 INFO     Welcome To Intelligent Library Managment System
2021-09-02 11:17:37 INFO     autosuggestion_all file calling here
2021-09-02 11:17:37 WARNING  check db connection
2021-09-02 11:17:37 WARNING  chck db available
2021-09-02 11:17:37 WARNING  check table available
2021-09-02 11:17:37 WARNING  check server is on
2021-09-02 11:17:37 WARNING  if error occured then remove try catch block
2021-09-02 11:17:37 DEBUG    drdo database establishing in autosuggestion_all file
2021-09-02 11:17:37 DEBUG    testing database connection establishing..in autosuggestion_all FILE
2021-09-02 11:51:37 INFO     Welcome To Intelligent Library Managment System
2021-09-02 11:51:37 INFO     autosuggestion_all file calling here
2021-09-02 11:51:37 WARNING  check db connection
2021-09-02 11:51:37 WARNING  chck db available
2021-09-02 11:51:37 WARNING  check table available
2021-09-02 11:51:37 WARNING  check server is on
2021-09-02 11:51:37 WARNING  if error occured then remove try catch block
2021-09-02 11:51:37 DEBUG    drdo database establishing in autosuggestion_all file
2021-09-02 11:51:37 DEBUG    testing database connection establishing..in autosuggestion_all FILE
2021-09-02 11:51:37 DEBUG    new_auth_plugin: mysql_native_password
2021-09-02 11:51:37 INFO     getcols table in testing db is connnected successfully in autosuggestion_all file
2021-09-02 11:53:15 INFO     Welcome To Intelligent Library Managment System
2021-09-02 11:53:15 INFO     autosuggestion_all file calling here
2021-09-02 11:53:15 WARNING  check db connection
2021-09-02 11:53:15 WARNING  chck db available
2021-09-02 11:53:15 WARNING  check table available
2021-09-02 11:53:15 WARNING  check server is on
2021-09-02 11:53:15 WARNING  if error occured then remove try catch block
2021-09-02 11:53:15 DEBUG    drdo database establishing in autosuggestion_all file
2021-09-02 11:53:15 DEBUG    testing database connection establishing..in autosuggestion_all FILE
2021-09-02 11:53:15 DEBUG    new_auth_plugin: mysql_native_password
2021-09-02 11:53:15 INFO     getcols table in testing db is connnected successfully in autosuggestion_all file
2021-09-02 15:39:40 INFO     Welcome To Intelligent Library Managment System
2021-09-02 15:39:40 INFO     autosuggestion_all file calling here
2021-09-02 15:39:40 WARNING  check db connection
2021-09-02 15:39:40 WARNING  chck db available
2021-09-02 15:39:40 WARNING  check table available
2021-09-02 15:39:40 WARNING  check server is on
2021-09-02 15:39:40 WARNING  if error occured then remove try catch block
2021-09-02 15:39:40 DEBUG    drdo database establishing in autosuggestion_all file
2021-09-02 15:39:40 DEBUG    testing database connection establishing..in autosuggestion_all FILE
2021-09-02 16:13:01 INFO     getcols table in testing db is not connnected successfully in autosuggestion_all file
2021-09-03 09:39:46 INFO     Welcome To Intelligent Library Managment System
2021-09-03 09:39:46 INFO     autosuggestion_all file calling here
2021-09-03 09:39:46 WARNING  check db connection
2021-09-03 09:39:46 WARNING  chck db available
2021-09-03 09:39:46 WARNING  check table available
2021-09-03 09:39:46 WARNING  check server is on
2021-09-03 09:39:46 WARNING  if error occured then remove try catch block
2021-09-03 09:39:46 DEBUG    drdo database establishing in autosuggestion_all file
2021-09-03 09:39:46 DEBUG    testing database connection establishing..in autosuggestion_all FILE
2021-09-03 09:39:46 DEBUG    new_auth_plugin: mysql_native_password
2021-09-03 09:39:46 INFO     getcols table in testing db is connnected successfully in autosuggestion_all file
2021-09-03 15:10:01 INFO     Welcome To Intelligent Library Managment System
2021-09-03 15:10:01 INFO     autosuggestion_all file calling here
2021-09-03 15:10:01 WARNING  check db connection
2021-09-03 15:10:01 WARNING  chck db available
2021-09-03 15:10:01 WARNING  check table available
2021-09-03 15:10:01 WARNING  check server is on
2021-09-03 15:10:01 WARNING  if error occured then remove try catch block
2021-09-03 15:10:01 DEBUG    drdo database establishing in autosuggestion_all file
2021-09-03 15:10:01 DEBUG    testing database connection establishing..in autosuggestion_all FILE
2021-09-03 15:19:49 INFO     Welcome To Intelligent Library Managment System
2021-09-03 15:19:49 INFO     autosuggestion_all file calling here
2021-09-03 15:19:49 WARNING  check db connection
2021-09-03 15:19:49 WARNING  chck db available
2021-09-03 15:19:49 WARNING  check table available
2021-09-03 15:19:49 WARNING  check server is on
2021-09-03 15:19:49 WARNING  if error occured then remove try catch block
2021-09-03 15:19:49 DEBUG    drdo database establishing in autosuggestion_all file
2021-09-03 15:19:49 DEBUG    testing database connection establishing..in autosuggestion_all FILE
2021-09-03 15:19:49 DEBUG    new_auth_plugin: mysql_native_password
2021-09-03 15:19:49 INFO     getcols table in testing db is connnected successfully in autosuggestion_all file
2021-09-03 15:43:22 INFO     getcols table in testing db is not connnected successfully in autosuggestion_all file
2021-09-07 09:58:00 INFO     Welcome To Intelligent Library Managment System
2021-09-07 09:58:00 INFO     autosuggestion_all file calling here
2021-09-07 09:58:00 WARNING  check db connection
2021-09-07 09:58:00 WARNING  chck db available
2021-09-07 09:58:00 WARNING  check table available
2021-09-07 09:58:00 WARNING  check server is on
2021-09-07 09:58:00 WARNING  if error occured then remove try catch block
2021-09-07 09:58:00 DEBUG    drdo database establishing in autosuggestion_all file
2021-09-07 09:58:00 DEBUG    testing database connection establishing..in autosuggestion_all FILE
2021-09-07 10:31:21 INFO     getcols table in testing db is not connnected successfully in autosuggestion_all file
2021-09-07 11:35:59 INFO     Welcome To Intelligent Library Managment System
2021-09-07 11:35:59 INFO     autosuggestion_all file calling here
2021-09-07 11:35:59 WARNING  check db connection
2021-09-07 11:35:59 WARNING  chck db available
2021-09-07 11:35:59 WARNING  check table available
2021-09-07 11:35:59 WARNING  check server is on
2021-09-07 11:35:59 WARNING  if error occured then remove try catch block
2021-09-07 11:35:59 DEBUG    drdo database establishing in autosuggestion_all file
2021-09-07 11:35:59 DEBUG    testing database connection establishing..in autosuggestion_all FILE
2021-09-08 04:05:19 INFO     Welcome To Intelligent Library Managment System
2021-09-08 04:05:19 INFO     autosuggestion_all file calling here
2021-09-08 04:05:19 WARNING  check db connection
2021-09-08 04:05:19 WARNING  chck db available
2021-09-08 04:05:19 WARNING  check table available
2021-09-08 04:05:19 WARNING  check server is on
2021-09-08 04:05:19 WARNING  if error occured then remove try catch block
2021-09-08 04:05:19 DEBUG    drdo database establishing in autosuggestion_all file
2021-09-08 04:05:19 DEBUG    testing database connection establishing..in autosuggestion_all FILE
2021-09-08 04:38:40 INFO     getcols table in testing db is not connnected successfully in autosuggestion_all file
2021-09-08 12:44:55 INFO     Welcome To Intelligent Library Managment System
2021-09-08 12:44:55 INFO     autosuggestion_all file calling here
2021-09-08 12:44:55 WARNING  check db connection
2021-09-08 12:44:55 WARNING  chck db available
2021-09-08 12:44:55 WARNING  check table available
2021-09-08 12:44:55 WARNING  check server is on
2021-09-08 12:44:55 WARNING  if error occured then remove try catch block
2021-09-08 12:44:55 DEBUG    drdo database establishing in autosuggestion_all file
2021-09-08 12:44:55 DEBUG    testing database connection establishing..in autosuggestion_all FILE
2021-09-08 13:18:16 INFO     getcols table in testing db is not connnected successfully in autosuggestion_all file
2021-09-09 04:05:18 INFO     Welcome To Intelligent Library Managment System
2021-09-09 04:05:18 INFO     autosuggestion_all file calling here
2021-09-09 04:05:18 WARNING  check db connection
2021-09-09 04:05:18 WARNING  chck db available
2021-09-09 04:05:18 WARNING  check table available
2021-09-09 04:05:18 WARNING  check server is on
2021-09-09 04:05:18 WARNING  if error occured then remove try catch block
2021-09-09 04:05:18 DEBUG    drdo database establishing in autosuggestion_all file
2021-09-09 04:05:18 DEBUG    testing database connection establishing..in autosuggestion_all FILE
2021-09-09 04:05:18 DEBUG    new_auth_plugin: mysql_native_password
2021-09-09 04:05:18 INFO     getcols table in testing db is connnected successfully in autosuggestion_all file
2021-09-10 04:05:19 INFO     Welcome To Intelligent Library Managment System
2021-09-10 04:05:19 INFO     autosuggestion_all file calling here
2021-09-10 04:05:19 WARNING  check db connection
2021-09-10 04:05:19 WARNING  chck db available
2021-09-10 04:05:19 WARNING  check table available
2021-09-10 04:05:19 WARNING  check server is on
2021-09-10 04:05:19 WARNING  if error occured then remove try catch block
2021-09-10 04:05:19 DEBUG    drdo database establishing in autosuggestion_all file
2021-09-10 04:05:19 DEBUG    testing database connection establishing..in autosuggestion_all FILE
2021-09-10 04:05:19 DEBUG    new_auth_plugin: mysql_native_password
2021-09-10 04:05:19 INFO     getcols table in testing db is connnected successfully in autosuggestion_all file
2021-09-11 04:05:19 INFO     Welcome To Intelligent Library Managment System
2021-09-11 04:05:19 INFO     autosuggestion_all file calling here
2021-09-11 04:05:19 WARNING  check db connection
2021-09-11 04:05:19 WARNING  chck db available
2021-09-11 04:05:19 WARNING  check table available
2021-09-11 04:05:19 WARNING  check server is on
2021-09-11 04:05:19 WARNING  if error occured then remove try catch block
2021-09-11 04:05:19 DEBUG    drdo database establishing in autosuggestion_all file
2021-09-11 04:05:19 DEBUG    testing database connection establishing..in autosuggestion_all FILE
2021-09-11 04:05:19 DEBUG    new_auth_plugin: mysql_native_password
2021-09-11 04:05:19 INFO     getcols table in testing db is connnected successfully in autosuggestion_all file
2021-09-12 04:05:19 INFO     Welcome To Intelligent Library Managment System
2021-09-12 04:05:19 INFO     autosuggestion_all file calling here
2021-09-12 04:05:19 WARNING  check db connection
2021-09-12 04:05:19 WARNING  chck db available
2021-09-12 04:05:19 WARNING  check table available
2021-09-12 04:05:19 WARNING  check server is on
2021-09-12 04:05:19 WARNING  if error occured then remove try catch block
2021-09-12 04:05:19 DEBUG    drdo database establishing in autosuggestion_all file
2021-09-12 04:05:19 DEBUG    testing database connection establishing..in autosuggestion_all FILE
2021-09-12 04:05:19 DEBUG    new_auth_plugin: mysql_native_password
2021-09-12 04:05:19 INFO     getcols table in testing db is connnected successfully in autosuggestion_all file
2021-09-13 04:05:18 INFO     Welcome To Intelligent Library Managment System
2021-09-13 04:05:18 INFO     autosuggestion_all file calling here
2021-09-13 04:05:18 WARNING  check db connection
2021-09-13 04:05:18 WARNING  chck db available
2021-09-13 04:05:18 WARNING  check table available
2021-09-13 04:05:18 WARNING  check server is on
2021-09-13 04:05:18 WARNING  if error occured then remove try catch block
2021-09-13 04:05:18 DEBUG    drdo database establishing in autosuggestion_all file
2021-09-13 04:05:18 DEBUG    testing database connection establishing..in autosuggestion_all FILE
2021-09-13 04:05:18 DEBUG    new_auth_plugin: mysql_native_password
2021-09-13 04:05:18 INFO     getcols table in testing db is connnected successfully in autosuggestion_all file
2021-09-13 10:28:06 INFO     Welcome To Intelligent Library Managment System
2021-09-13 10:28:06 INFO     autosuggestion_all file calling here
2021-09-13 10:28:06 WARNING  check db connection
2021-09-13 10:28:06 WARNING  chck db available
2021-09-13 10:28:06 WARNING  check table available
2021-09-13 10:28:06 WARNING  check server is on
2021-09-13 10:28:06 WARNING  if error occured then remove try catch block
2021-09-13 10:28:06 DEBUG    drdo database establishing in autosuggestion_all file
2021-09-13 10:28:06 DEBUG    testing database connection establishing..in autosuggestion_all FILE
2021-09-13 10:28:06 DEBUG    new_auth_plugin: mysql_native_password
2021-09-13 10:28:06 INFO     getcols table in testing db is connnected successfully in autosuggestion_all file
2021-09-14 04:05:18 INFO     Welcome To Intelligent Library Managment System
2021-09-14 04:05:18 INFO     autosuggestion_all file calling here
2021-09-14 04:05:18 WARNING  check db connection
2021-09-14 04:05:18 WARNING  chck db available
2021-09-14 04:05:18 WARNING  check table available
2021-09-14 04:05:18 WARNING  check server is on
2021-09-14 04:05:18 WARNING  if error occured then remove try catch block
2021-09-14 04:05:18 DEBUG    drdo database establishing in autosuggestion_all file
2021-09-14 04:05:18 DEBUG    testing database connection establishing..in autosuggestion_all FILE
2021-09-14 04:05:18 DEBUG    new_auth_plugin: mysql_native_password
2021-09-14 04:05:18 INFO     getcols table in testing db is connnected successfully in autosuggestion_all file
2021-09-15 04:05:18 INFO     Welcome To Intelligent Library Managment System
2021-09-15 04:05:18 INFO     autosuggestion_all file calling here
2021-09-15 04:05:18 WARNING  check db connection
2021-09-15 04:05:18 WARNING  chck db available
2021-09-15 04:05:18 WARNING  check table available
2021-09-15 04:05:18 WARNING  check server is on
2021-09-15 04:05:18 WARNING  if error occured then remove try catch block
2021-09-15 04:05:18 DEBUG    drdo database establishing in autosuggestion_all file
2021-09-15 04:05:18 DEBUG    testing database connection establishing..in autosuggestion_all FILE
2021-09-15 04:05:18 DEBUG    new_auth_plugin: mysql_native_password
2021-09-15 04:05:18 INFO     getcols table in testing db is connnected successfully in autosuggestion_all file
2021-09-16 04:05:18 INFO     Welcome To Intelligent Library Managment System
2021-09-16 04:05:18 INFO     autosuggestion_all file calling here
2021-09-16 04:05:18 WARNING  check db connection
2021-09-16 04:05:18 WARNING  chck db available
2021-09-16 04:05:18 WARNING  check table available
2021-09-16 04:05:18 WARNING  check server is on
2021-09-16 04:05:18 WARNING  if error occured then remove try catch block
2021-09-16 04:05:18 DEBUG    drdo database establishing in autosuggestion_all file
2021-09-16 04:05:18 DEBUG    testing database connection establishing..in autosuggestion_all FILE
2021-09-16 04:05:18 DEBUG    new_auth_plugin: mysql_native_password
2021-09-16 04:05:18 INFO     getcols table in testing db is connnected successfully in autosuggestion_all file
2021-09-17 04:05:18 INFO     Welcome To Intelligent Library Managment System
2021-09-17 04:05:18 INFO     autosuggestion_all file calling here
2021-09-17 04:05:18 WARNING  check db connection
2021-09-17 04:05:18 WARNING  chck db available
2021-09-17 04:05:18 WARNING  check table available
2021-09-17 04:05:18 WARNING  check server is on
2021-09-17 04:05:18 WARNING  if error occured then remove try catch block
2021-09-17 04:05:18 DEBUG    drdo database establishing in autosuggestion_all file
2021-09-17 04:05:18 DEBUG    testing database connection establishing..in autosuggestion_all FILE
2021-09-17 04:05:18 DEBUG    new_auth_plugin: mysql_native_password
2021-09-17 04:05:18 INFO     getcols table in testing db is connnected successfully in autosuggestion_all file
2021-09-17 16:27:53 INFO     Welcome To Intelligent Library Managment System
2021-09-17 16:27:53 INFO     autosuggestion_all file calling here
2021-09-17 16:27:53 WARNING  check db connection
2021-09-17 16:27:53 WARNING  chck db available
2021-09-17 16:27:53 WARNING  check table available
2021-09-17 16:27:53 WARNING  check server is on
2021-09-17 16:27:53 WARNING  if error occured then remove try catch block
2021-09-17 16:27:53 DEBUG    drdo database establishing in autosuggestion_all file
2021-09-17 16:27:53 DEBUG    testing database connection establishing..in autosuggestion_all FILE
2021-09-17 16:27:53 DEBUG    new_auth_plugin: mysql_native_password
2021-09-17 16:27:53 INFO     getcols table in testing db is connnected successfully in autosuggestion_all file
2021-09-18 04:05:18 INFO     Welcome To Intelligent Library Managment System
2021-09-18 04:05:18 INFO     autosuggestion_all file calling here
2021-09-18 04:05:18 WARNING  check db connection
2021-09-18 04:05:18 WARNING  chck db available
2021-09-18 04:05:18 WARNING  check table available
2021-09-18 04:05:18 WARNING  check server is on
2021-09-18 04:05:18 WARNING  if error occured then remove try catch block
2021-09-18 04:05:18 DEBUG    drdo database establishing in autosuggestion_all file
2021-09-18 04:05:18 DEBUG    testing database connection establishing..in autosuggestion_all FILE
2021-09-18 04:05:18 DEBUG    new_auth_plugin: mysql_native_password
2021-09-18 04:05:18 INFO     getcols table in testing db is connnected successfully in autosuggestion_all file
2021-09-20 09:57:43 INFO     Welcome To Intelligent Library Managment System
2021-09-20 09:57:43 INFO     autosuggestion_all file calling here
2021-09-20 09:57:43 WARNING  check db connection
2021-09-20 09:57:43 WARNING  chck db available
2021-09-20 09:57:43 WARNING  check table available
2021-09-20 09:57:43 WARNING  check server is on
2021-09-20 09:57:43 WARNING  if error occured then remove try catch block
2021-09-20 09:57:43 DEBUG    drdo database establishing in autosuggestion_all file
2021-09-20 09:57:43 DEBUG    testing database connection establishing..in autosuggestion_all FILE
2021-09-23 15:56:58 INFO     Welcome To Intelligent Library Managment System
2021-09-23 15:56:58 INFO     autosuggestion_all file calling here
2021-09-23 15:56:58 WARNING  check db connection
2021-09-23 15:56:58 WARNING  chck db available
2021-09-23 15:56:58 WARNING  check table available
2021-09-23 15:56:58 WARNING  check server is on
2021-09-23 15:56:58 WARNING  if error occured then remove try catch block
2021-09-23 15:56:58 DEBUG    drdo database establishing in autosuggestion_all file
2021-09-23 15:56:58 DEBUG    testing database connection establishing..in autosuggestion_all FILE
2021-09-23 16:30:19 INFO     getcols table in testing db is not connnected successfully in autosuggestion_all file
2021-09-24 10:15:44 INFO     Welcome To Intelligent Library Managment System
2021-09-24 10:15:44 INFO     autosuggestion_all file calling here
2021-09-24 10:15:44 WARNING  check db connection
2021-09-24 10:15:44 WARNING  chck db available
2021-09-24 10:15:44 WARNING  check table available
2021-09-24 10:15:44 WARNING  check server is on
2021-09-24 10:15:44 WARNING  if error occured then remove try catch block
2021-09-24 10:15:44 DEBUG    drdo database establishing in autosuggestion_all file
2021-09-24 10:15:44 DEBUG    testing database connection establishing..in autosuggestion_all FILE
2021-09-24 10:49:05 INFO     getcols table in testing db is not connnected successfully in autosuggestion_all file
2021-09-24 11:20:29 INFO     Welcome To Intelligent Library Managment System
2021-09-24 11:20:29 INFO     autosuggestion_all file calling here
2021-09-24 11:20:29 WARNING  check db connection
2021-09-24 11:20:29 WARNING  chck db available
2021-09-24 11:20:29 WARNING  check table available
2021-09-24 11:20:29 WARNING  check server is on
2021-09-24 11:20:29 WARNING  if error occured then remove try catch block
2021-09-24 11:20:29 DEBUG    drdo database establishing in autosuggestion_all file
2021-09-24 11:20:29 DEBUG    testing database connection establishing..in autosuggestion_all FILE
2021-09-24 11:53:51 INFO     getcols table in testing db is not connnected successfully in autosuggestion_all file
2021-09-24 12:37:42 INFO     Welcome To Intelligent Library Managment System
2021-09-24 12:37:42 INFO     autosuggestion_all file calling here
2021-09-24 12:37:42 WARNING  check db connection
2021-09-24 12:37:42 WARNING  chck db available
2021-09-24 12:37:42 WARNING  check table available
2021-09-24 12:37:42 WARNING  check server is on
2021-09-24 12:37:42 WARNING  if error occured then remove try catch block
2021-09-24 12:37:42 DEBUG    drdo database establishing in autosuggestion_all file
2021-09-24 12:37:42 DEBUG    testing database connection establishing..in autosuggestion_all FILE
2021-09-24 13:11:03 INFO     getcols table in testing db is not connnected successfully in autosuggestion_all file
2021-09-24 14:12:29 INFO     Welcome To Intelligent Library Managment System
2021-09-24 14:12:29 INFO     autosuggestion_all file calling here
2021-09-24 14:12:29 WARNING  check db connection
2021-09-24 14:12:29 WARNING  chck db available
2021-09-24 14:12:29 WARNING  check table available
2021-09-24 14:12:29 WARNING  check server is on
2021-09-24 14:12:29 WARNING  if error occured then remove try catch block
2021-09-24 14:12:29 DEBUG    drdo database establishing in autosuggestion_all file
2021-09-24 14:12:29 DEBUG    testing database connection establishing..in autosuggestion_all FILE
2021-09-24 14:45:50 INFO     getcols table in testing db is not connnected successfully in autosuggestion_all file
2021-09-24 15:17:16 INFO     Welcome To Intelligent Library Managment System
2021-09-24 15:17:16 INFO     autosuggestion_all file calling here
2021-09-24 15:17:16 WARNING  check db connection
2021-09-24 15:17:16 WARNING  chck db available
2021-09-24 15:17:16 WARNING  check table available
2021-09-24 15:17:16 WARNING  check server is on
2021-09-24 15:17:16 WARNING  if error occured then remove try catch block
2021-09-24 15:17:16 DEBUG    drdo database establishing in autosuggestion_all file
2021-09-24 15:17:16 DEBUG    testing database connection establishing..in autosuggestion_all FILE
2021-09-24 15:50:37 INFO     getcols table in testing db is not connnected successfully in autosuggestion_all file
2021-09-24 16:25:30 INFO     Welcome To Intelligent Library Managment System
2021-09-24 16:25:30 INFO     autosuggestion_all file calling here
2021-09-24 16:25:30 WARNING  check db connection
2021-09-24 16:25:30 WARNING  chck db available
2021-09-24 16:25:30 WARNING  check table available
2021-09-24 16:25:30 WARNING  check server is on
2021-09-24 16:25:30 WARNING  if error occured then remove try catch block
2021-09-24 16:25:30 DEBUG    drdo database establishing in autosuggestion_all file
2021-09-24 16:25:30 DEBUG    testing database connection establishing..in autosuggestion_all FILE
2021-09-24 16:58:51 INFO     getcols table in testing db is not connnected successfully in autosuggestion_all file
2021-09-27 12:32:35 INFO     Welcome To Intelligent Library Managment System
2021-09-27 12:32:35 INFO     autosuggestion_all file calling here
2021-09-27 12:32:35 WARNING  check db connection
2021-09-27 12:32:35 WARNING  chck db available
2021-09-27 12:32:35 WARNING  check table available
2021-09-27 12:32:35 WARNING  check server is on
2021-09-27 12:32:35 WARNING  if error occured then remove try catch block
2021-09-27 12:32:35 DEBUG    drdo database establishing in autosuggestion_all file
2021-09-27 12:32:35 DEBUG    testing database connection establishing..in autosuggestion_all FILE
2021-09-27 13:05:56 INFO     getcols table in testing db is not connnected successfully in autosuggestion_all file
2021-10-05 14:19:02 INFO     Welcome To Intelligent Library Managment System
2021-10-05 14:19:02 INFO     autosuggestion_all file calling here
2021-10-05 14:19:02 WARNING  check db connection
2021-10-05 14:19:02 WARNING  chck db available
2021-10-05 14:19:02 WARNING  check table available
2021-10-05 14:19:02 WARNING  check server is on
2021-10-05 14:19:02 WARNING  if error occured then remove try catch block
2021-10-05 14:19:02 DEBUG    drdo database establishing in autosuggestion_all file
2021-10-05 14:19:02 DEBUG    testing database connection establishing..in autosuggestion_all FILE
2021-10-05 14:52:23 INFO     getcols table in testing db is not connnected successfully in autosuggestion_all file
2021-10-06 12:33:12 INFO     Welcome To Intelligent Library Managment System
2021-10-06 12:33:12 INFO     autosuggestion_all file calling here
2021-10-06 12:33:12 WARNING  check db connection
2021-10-06 12:33:12 WARNING  chck db available
2021-10-06 12:33:12 WARNING  check table available
2021-10-06 12:33:12 WARNING  check server is on
2021-10-06 12:33:12 WARNING  if error occured then remove try catch block
2021-10-06 12:33:12 DEBUG    drdo database establishing in autosuggestion_all file
2021-10-06 12:33:12 DEBUG    testing database connection establishing..in autosuggestion_all FILE
2021-10-08 04:05:17 INFO     Welcome To Intelligent Library Managment System
2021-10-08 04:05:17 INFO     autosuggestion_all file calling here
2021-10-08 04:05:17 WARNING  check db connection
2021-10-08 04:05:17 WARNING  chck db available
2021-10-08 04:05:17 WARNING  check table available
2021-10-08 04:05:17 WARNING  check server is on
2021-10-08 04:05:17 WARNING  if error occured then remove try catch block
2021-10-08 04:05:17 DEBUG    drdo database establishing in autosuggestion_all file
2021-10-08 04:05:17 DEBUG    testing database connection establishing..in autosuggestion_all FILE
2021-10-08 04:05:17 DEBUG    new_auth_plugin: mysql_native_password
2021-10-08 04:05:17 INFO     getcols table in testing db is connnected successfully in autosuggestion_all file
2021-10-11 09:56:53 INFO     Welcome To Intelligent Library Managment System
2021-10-11 09:56:53 INFO     autosuggestion_all file calling here
2021-10-11 09:56:53 WARNING  check db connection
2021-10-11 09:56:53 WARNING  chck db available
2021-10-11 09:56:53 WARNING  check table available
2021-10-11 09:56:53 WARNING  check server is on
2021-10-11 09:56:53 WARNING  if error occured then remove try catch block
2021-10-11 09:56:53 DEBUG    drdo database establishing in autosuggestion_all file
2021-10-11 09:56:53 DEBUG    testing database connection establishing..in autosuggestion_all FILE
2021-10-11 09:56:53 DEBUG    new_auth_plugin: mysql_native_password
2021-10-11 09:56:53 INFO     getcols table in testing db is connnected successfully in autosuggestion_all file
2021-10-13 04:05:18 INFO     Welcome To Intelligent Library Managment System
2021-10-13 04:05:18 INFO     autosuggestion_all file calling here
2021-10-13 04:05:18 WARNING  check db connection
2021-10-13 04:05:18 WARNING  chck db available
2021-10-13 04:05:18 WARNING  check table available
2021-10-13 04:05:18 WARNING  check server is on
2021-10-13 04:05:18 WARNING  if error occured then remove try catch block
2021-10-13 04:05:18 DEBUG    drdo database establishing in autosuggestion_all file
2021-10-13 04:05:18 DEBUG    testing database connection establishing..in autosuggestion_all FILE
2021-10-13 04:05:18 DEBUG    new_auth_plugin: mysql_native_password
2021-10-13 04:05:18 INFO     getcols table in testing db is connnected successfully in autosuggestion_all file
2021-10-14 04:05:17 INFO     Welcome To Intelligent Library Managment System
2021-10-14 04:05:17 INFO     autosuggestion_all file calling here
2021-10-14 04:05:17 WARNING  check db connection
2021-10-14 04:05:17 WARNING  chck db available
2021-10-14 04:05:17 WARNING  check table available
2021-10-14 04:05:17 WARNING  check server is on
2021-10-14 04:05:17 WARNING  if error occured then remove try catch block
2021-10-14 04:05:17 DEBUG    drdo database establishing in autosuggestion_all file
2021-10-14 04:05:17 DEBUG    testing database connection establishing..in autosuggestion_all FILE
2021-10-14 04:05:17 DEBUG    new_auth_plugin: mysql_native_password
2021-10-14 04:05:17 INFO     getcols table in testing db is connnected successfully in autosuggestion_all file
2021-10-18 15:16:12 INFO     Welcome To Intelligent Library Managment System
2021-10-18 15:16:12 INFO     autosuggestion_all file calling here
2021-10-18 15:16:12 WARNING  check db connection
2021-10-18 15:16:12 WARNING  chck db available
2021-10-18 15:16:12 WARNING  check table available
2021-10-18 15:16:12 WARNING  check server is on
2021-10-18 15:16:12 WARNING  if error occured then remove try catch block
2021-10-18 15:16:12 DEBUG    drdo database establishing in autosuggestion_all file
2021-10-18 15:16:12 DEBUG    testing database connection establishing..in autosuggestion_all FILE
2021-10-18 15:16:12 DEBUG    new_auth_plugin: mysql_native_password
2021-10-18 15:16:12 INFO     getcols table in testing db is connnected successfully in autosuggestion_all file
2021-10-19 04:05:19 INFO     Welcome To Intelligent Library Managment System
2021-10-19 04:05:19 INFO     autosuggestion_all file calling here
2021-10-19 04:05:19 WARNING  check db connection
2021-10-19 04:05:19 WARNING  chck db available
2021-10-19 04:05:19 WARNING  check table available
2021-10-19 04:05:19 WARNING  check server is on
2021-10-19 04:05:19 WARNING  if error occured then remove try catch block
2021-10-19 04:05:19 DEBUG    drdo database establishing in autosuggestion_all file
2021-10-19 04:05:19 DEBUG    testing database connection establishing..in autosuggestion_all FILE
2021-10-19 04:05:19 DEBUG    new_auth_plugin: mysql_native_password
2021-10-19 04:05:19 INFO     getcols table in testing db is connnected successfully in autosuggestion_all file
2021-10-19 11:54:06 INFO     Welcome To Intelligent Library Managment System
2021-10-19 11:54:06 INFO     autosuggestion_all file calling here
2021-10-19 11:54:06 WARNING  check db connection
2021-10-19 11:54:06 WARNING  chck db available
2021-10-19 11:54:06 WARNING  check table available
2021-10-19 11:54:06 WARNING  check server is on
2021-10-19 11:54:06 WARNING  if error occured then remove try catch block
2021-10-19 11:54:06 DEBUG    drdo database establishing in autosuggestion_all file
2021-10-19 11:54:06 DEBUG    testing database connection establishing..in autosuggestion_all FILE
2021-10-19 11:54:06 DEBUG    new_auth_plugin: mysql_native_password
2021-10-19 11:54:06 INFO     getcols table in testing db is connnected successfully in autosuggestion_all file
2021-10-19 12:37:22 INFO     Welcome To Intelligent Library Managment System
2021-10-19 12:37:22 INFO     autosuggestion_all file calling here
2021-10-19 12:37:22 WARNING  check db connection
2021-10-19 12:37:22 WARNING  chck db available
2021-10-19 12:37:22 WARNING  check table available
2021-10-19 12:37:22 WARNING  check server is on
2021-10-19 12:37:22 WARNING  if error occured then remove try catch block
2021-10-19 12:37:22 DEBUG    drdo database establishing in autosuggestion_all file
2021-10-19 12:37:22 DEBUG    testing database connection establishing..in autosuggestion_all FILE
2021-10-19 12:37:22 DEBUG    new_auth_plugin: mysql_native_password
2021-10-19 12:37:22 INFO     getcols table in testing db is connnected successfully in autosuggestion_all file
2021-10-20 04:05:19 INFO     Welcome To Intelligent Library Managment System
2021-10-20 04:05:19 INFO     autosuggestion_all file calling here
2021-10-20 04:05:19 WARNING  check db connection
2021-10-20 04:05:19 WARNING  chck db available
2021-10-20 04:05:19 WARNING  check table available
2021-10-20 04:05:19 WARNING  check server is on
2021-10-20 04:05:19 WARNING  if error occured then remove try catch block
2021-10-20 04:05:19 DEBUG    drdo database establishing in autosuggestion_all file
2021-10-20 04:05:19 DEBUG    testing database connection establishing..in autosuggestion_all FILE
2021-10-20 04:05:19 DEBUG    new_auth_plugin: mysql_native_password
2021-10-20 04:05:19 INFO     getcols table in testing db is connnected successfully in autosuggestion_all file
2021-10-20 12:22:25 INFO     Welcome To Intelligent Library Managment System
2021-10-20 12:22:26 INFO     autosuggestion_all file calling here
2021-10-20 12:22:26 WARNING  check db connection
2021-10-20 12:22:26 WARNING  chck db available
2021-10-20 12:22:26 WARNING  check table available
2021-10-20 12:22:26 WARNING  check server is on
2021-10-20 12:22:26 WARNING  if error occured then remove try catch block
2021-10-20 12:22:26 DEBUG    drdo database establishing in autosuggestion_all file
2021-10-20 12:22:26 DEBUG    testing database connection establishing..in autosuggestion_all FILE
2021-10-20 12:22:26 DEBUG    new_auth_plugin: mysql_native_password
2021-10-20 12:22:26 INFO     getcols table in testing db is connnected successfully in autosuggestion_all file
2021-10-21 04:05:18 INFO     Welcome To Intelligent Library Managment System
2021-10-21 04:05:18 INFO     autosuggestion_all file calling here
2021-10-21 04:05:18 WARNING  check db connection
2021-10-21 04:05:18 WARNING  chck db available
2021-10-21 04:05:18 WARNING  check table available
2021-10-21 04:05:18 WARNING  check server is on
2021-10-21 04:05:18 WARNING  if error occured then remove try catch block
2021-10-21 04:05:18 DEBUG    drdo database establishing in autosuggestion_all file
2021-10-21 04:05:18 DEBUG    testing database connection establishing..in autosuggestion_all FILE
2021-10-21 04:05:18 DEBUG    new_auth_plugin: mysql_native_password
2021-10-21 04:05:18 INFO     getcols table in testing db is connnected successfully in autosuggestion_all file
2021-10-22 04:05:19 INFO     Welcome To Intelligent Library Managment System
2021-10-22 04:05:19 INFO     autosuggestion_all file calling here
2021-10-22 04:05:19 WARNING  check db connection
2021-10-22 04:05:19 WARNING  chck db available
2021-10-22 04:05:19 WARNING  check table available
2021-10-22 04:05:19 WARNING  check server is on
2021-10-22 04:05:19 WARNING  if error occured then remove try catch block
2021-10-22 04:05:19 DEBUG    drdo database establishing in autosuggestion_all file
2021-10-22 04:05:19 DEBUG    testing database connection establishing..in autosuggestion_all FILE
2021-10-22 04:05:19 DEBUG    new_auth_plugin: mysql_native_password
2021-10-22 04:05:19 INFO     getcols table in testing db is connnected successfully in autosuggestion_all file
2021-10-22 14:47:09 INFO     Welcome To Intelligent Library Managment System
2021-10-22 14:47:09 INFO     autosuggestion_all file calling here
2021-10-22 14:47:09 WARNING  check db connection
2021-10-22 14:47:09 WARNING  chck db available
2021-10-22 14:47:09 WARNING  check table available
2021-10-22 14:47:09 WARNING  check server is on
2021-10-22 14:47:09 WARNING  if error occured then remove try catch block
2021-10-22 14:47:09 DEBUG    drdo database establishing in autosuggestion_all file
2021-10-22 14:47:09 DEBUG    testing database connection establishing..in autosuggestion_all FILE
2021-10-22 14:47:09 DEBUG    new_auth_plugin: mysql_native_password
2021-10-22 14:47:09 INFO     getcols table in testing db is connnected successfully in autosuggestion_all file
2021-10-22 17:01:11 INFO     Welcome To Intelligent Library Managment System
2021-10-22 17:01:11 INFO     autosuggestion_all file calling here
2021-10-22 17:01:11 WARNING  check db connection
2021-10-22 17:01:11 WARNING  chck db available
2021-10-22 17:01:11 WARNING  check table available
2021-10-22 17:01:11 WARNING  check server is on
2021-10-22 17:01:11 WARNING  if error occured then remove try catch block
2021-10-22 17:01:11 DEBUG    drdo database establishing in autosuggestion_all file
2021-10-22 17:01:11 DEBUG    testing database connection establishing..in autosuggestion_all FILE
2021-10-22 17:01:11 DEBUG    new_auth_plugin: mysql_native_password
2021-10-22 17:01:11 INFO     getcols table in testing db is connnected successfully in autosuggestion_all file
2021-10-25 09:20:24 INFO     Welcome To Intelligent Library Managment System
2021-10-25 09:20:24 INFO     autosuggestion_all file calling here
2021-10-25 09:20:24 WARNING  check db connection
2021-10-25 09:20:24 WARNING  chck db available
2021-10-25 09:20:24 WARNING  check table available
2021-10-25 09:20:24 WARNING  check server is on
2021-10-25 09:20:24 WARNING  if error occured then remove try catch block
2021-10-25 09:20:24 DEBUG    drdo database establishing in autosuggestion_all file
2021-10-25 09:20:24 DEBUG    testing database connection establishing..in autosuggestion_all FILE
2021-10-25 09:20:24 DEBUG    new_auth_plugin: mysql_native_password
2021-10-25 09:20:24 INFO     getcols table in testing db is connnected successfully in autosuggestion_all file
2021-10-26 04:05:19 INFO     Welcome To Intelligent Library Managment System
2021-10-26 04:05:19 INFO     autosuggestion_all file calling here
2021-10-26 04:05:19 WARNING  check db connection
2021-10-26 04:05:19 WARNING  chck db available
2021-10-26 04:05:19 WARNING  check table available
2021-10-26 04:05:19 WARNING  check server is on
2021-10-26 04:05:19 WARNING  if error occured then remove try catch block
2021-10-26 04:05:19 DEBUG    drdo database establishing in autosuggestion_all file
2021-10-26 04:05:19 DEBUG    testing database connection establishing..in autosuggestion_all FILE
2021-10-26 04:05:19 DEBUG    new_auth_plugin: mysql_native_password
2021-10-26 04:05:19 INFO     getcols table in testing db is connnected successfully in autosuggestion_all file
2021-10-27 04:05:19 INFO     Welcome To Intelligent Library Managment System
2021-10-27 04:05:19 INFO     autosuggestion_all file calling here
2021-10-27 04:05:19 WARNING  check db connection
2021-10-27 04:05:19 WARNING  chck db available
2021-10-27 04:05:19 WARNING  check table available
2021-10-27 04:05:19 WARNING  check server is on
2021-10-27 04:05:19 WARNING  if error occured then remove try catch block
2021-10-27 04:05:19 DEBUG    drdo database establishing in autosuggestion_all file
2021-10-27 04:05:19 DEBUG    testing database connection establishing..in autosuggestion_all FILE
2021-10-27 04:05:19 DEBUG    new_auth_plugin: mysql_native_password
2021-10-27 04:05:19 INFO     getcols table in testing db is connnected successfully in autosuggestion_all file
2021-10-28 04:05:19 INFO     Welcome To Intelligent Library Managment System
2021-10-28 04:05:19 INFO     autosuggestion_all file calling here
2021-10-28 04:05:19 WARNING  check db connection
2021-10-28 04:05:19 WARNING  chck db available
2021-10-28 04:05:19 WARNING  check table available
2021-10-28 04:05:19 WARNING  check server is on
2021-10-28 04:05:19 WARNING  if error occured then remove try catch block
2021-10-28 04:05:19 DEBUG    drdo database establishing in autosuggestion_all file
2021-10-28 04:05:19 DEBUG    testing database connection establishing..in autosuggestion_all FILE
2021-10-28 04:05:19 DEBUG    new_auth_plugin: mysql_native_password
2021-10-28 04:05:19 INFO     getcols table in testing db is connnected successfully in autosuggestion_all file
2021-10-29 04:05:19 INFO     Welcome To Intelligent Library Managment System
2021-10-29 04:05:19 INFO     autosuggestion_all file calling here
2021-10-29 04:05:19 WARNING  check db connection
2021-10-29 04:05:19 WARNING  chck db available
2021-10-29 04:05:19 WARNING  check table available
2021-10-29 04:05:19 WARNING  check server is on
2021-10-29 04:05:19 WARNING  if error occured then remove try catch block
2021-10-29 04:05:19 DEBUG    drdo database establishing in autosuggestion_all file
2021-10-29 04:05:19 DEBUG    testing database connection establishing..in autosuggestion_all FILE
2021-10-29 04:05:19 DEBUG    new_auth_plugin: mysql_native_password
2021-10-29 04:05:19 INFO     getcols table in testing db is connnected successfully in autosuggestion_all file
2021-11-01 10:23:44 INFO     Welcome To Intelligent Library Managment System
2021-11-01 10:23:44 INFO     autosuggestion_all file calling here
2021-11-01 10:23:44 WARNING  check db connection
2021-11-01 10:23:44 WARNING  chck db available
2021-11-01 10:23:44 WARNING  check table available
2021-11-01 10:23:44 WARNING  check server is on
2021-11-01 10:23:44 WARNING  if error occured then remove try catch block
2021-11-01 10:23:44 DEBUG    drdo database establishing in autosuggestion_all file
2021-11-01 10:23:44 DEBUG    testing database connection establishing..in autosuggestion_all FILE
2021-11-01 10:23:44 DEBUG    new_auth_plugin: mysql_native_password
2021-11-01 10:23:44 INFO     getcols table in testing db is connnected successfully in autosuggestion_all file
2021-11-02 04:05:18 INFO     Welcome To Intelligent Library Managment System
2021-11-02 04:05:18 INFO     autosuggestion_all file calling here
2021-11-02 04:05:18 WARNING  check db connection
2021-11-02 04:05:18 WARNING  chck db available
2021-11-02 04:05:18 WARNING  check table available
2021-11-02 04:05:18 WARNING  check server is on
2021-11-02 04:05:18 WARNING  if error occured then remove try catch block
2021-11-02 04:05:18 DEBUG    drdo database establishing in autosuggestion_all file
2021-11-02 04:05:18 DEBUG    testing database connection establishing..in autosuggestion_all FILE
2021-11-02 04:05:18 DEBUG    new_auth_plugin: mysql_native_password
2021-11-02 04:05:18 INFO     getcols table in testing db is connnected successfully in autosuggestion_all file
2021-11-03 04:05:18 INFO     Welcome To Intelligent Library Managment System
2021-11-03 04:05:18 INFO     autosuggestion_all file calling here
2021-11-03 04:05:18 WARNING  check db connection
2021-11-03 04:05:18 WARNING  chck db available
2021-11-03 04:05:18 WARNING  check table available
2021-11-03 04:05:18 WARNING  check server is on
2021-11-03 04:05:18 WARNING  if error occured then remove try catch block
2021-11-03 04:05:18 DEBUG    drdo database establishing in autosuggestion_all file
2021-11-03 04:05:18 DEBUG    testing database connection establishing..in autosuggestion_all FILE
2021-11-03 04:05:18 DEBUG    new_auth_plugin: mysql_native_password
2021-11-03 04:05:18 INFO     getcols table in testing db is connnected successfully in autosuggestion_all file
2021-11-09 04:05:19 INFO     Welcome To Intelligent Library Managment System
2021-11-09 04:05:19 INFO     autosuggestion_all file calling here
2021-11-09 04:05:19 WARNING  check db connection
2021-11-09 04:05:19 WARNING  chck db available
2021-11-09 04:05:19 WARNING  check table available
2021-11-09 04:05:19 WARNING  check server is on
2021-11-09 04:05:19 WARNING  if error occured then remove try catch block
2021-11-09 04:05:19 DEBUG    drdo database establishing in autosuggestion_all file
2021-11-09 04:05:19 DEBUG    testing database connection establishing..in autosuggestion_all FILE
2021-11-09 04:38:40 INFO     getcols table in testing db is not connnected successfully in autosuggestion_all file
2021-11-09 09:44:56 INFO     Welcome To Intelligent Library Managment System
2021-11-09 09:44:56 INFO     autosuggestion_all file calling here
2021-11-09 09:44:56 WARNING  check db connection
2021-11-09 09:44:56 WARNING  chck db available
2021-11-09 09:44:56 WARNING  check table available
2021-11-09 09:44:56 WARNING  check server is on
2021-11-09 09:44:56 WARNING  if error occured then remove try catch block
2021-11-09 09:44:56 DEBUG    drdo database establishing in autosuggestion_all file
2021-11-09 09:44:56 DEBUG    testing database connection establishing..in autosuggestion_all FILE
2021-11-09 09:44:56 DEBUG    new_auth_plugin: mysql_native_password
2021-11-09 09:44:56 INFO     getcols table in testing db is connnected successfully in autosuggestion_all file
2021-11-10 04:05:18 INFO     Welcome To Intelligent Library Managment System
2021-11-10 04:05:18 INFO     autosuggestion_all file calling here
2021-11-10 04:05:18 WARNING  check db connection
2021-11-10 04:05:18 WARNING  chck db available
2021-11-10 04:05:18 WARNING  check table available
2021-11-10 04:05:18 WARNING  check server is on
2021-11-10 04:05:18 WARNING  if error occured then remove try catch block
2021-11-10 04:05:18 DEBUG    drdo database establishing in autosuggestion_all file
2021-11-10 04:05:18 DEBUG    testing database connection establishing..in autosuggestion_all FILE
2021-11-10 04:05:18 DEBUG    new_auth_plugin: mysql_native_password
2021-11-10 04:05:18 INFO     getcols table in testing db is connnected successfully in autosuggestion_all file
2021-11-11 04:05:18 INFO     Welcome To Intelligent Library Managment System
2021-11-11 04:05:18 INFO     autosuggestion_all file calling here
2021-11-11 04:05:18 WARNING  check db connection
2021-11-11 04:05:18 WARNING  chck db available
2021-11-11 04:05:18 WARNING  check table available
2021-11-11 04:05:18 WARNING  check server is on
2021-11-11 04:05:18 WARNING  if error occured then remove try catch block
2021-11-11 04:05:18 DEBUG    drdo database establishing in autosuggestion_all file
2021-11-11 04:05:18 DEBUG    testing database connection establishing..in autosuggestion_all FILE
2021-11-11 04:05:18 DEBUG    new_auth_plugin: mysql_native_password
2021-11-11 04:05:18 INFO     getcols table in testing db is connnected successfully in autosuggestion_all file
2021-11-12 04:05:18 INFO     Welcome To Intelligent Library Managment System
2021-11-12 04:05:18 INFO     autosuggestion_all file calling here
2021-11-12 04:05:18 WARNING  check db connection
2021-11-12 04:05:18 WARNING  chck db available
2021-11-12 04:05:18 WARNING  check table available
2021-11-12 04:05:18 WARNING  check server is on
2021-11-12 04:05:18 WARNING  if error occured then remove try catch block
2021-11-12 04:05:18 DEBUG    drdo database establishing in autosuggestion_all file
2021-11-12 04:05:18 DEBUG    testing database connection establishing..in autosuggestion_all FILE
2021-11-12 04:05:18 DEBUG    new_auth_plugin: mysql_native_password
2021-11-12 04:05:18 INFO     getcols table in testing db is connnected successfully in autosuggestion_all file
2021-11-15 10:32:03 INFO     Welcome To Intelligent Library Managment System
2021-11-15 10:32:03 INFO     autosuggestion_all file calling here
2021-11-15 10:32:03 WARNING  check db connection
2021-11-15 10:32:03 WARNING  chck db available
2021-11-15 10:32:03 WARNING  check table available
2021-11-15 10:32:03 WARNING  check server is on
2021-11-15 10:32:03 WARNING  if error occured then remove try catch block
2021-11-15 10:32:03 DEBUG    drdo database establishing in autosuggestion_all file
2021-11-15 10:32:03 DEBUG    testing database connection establishing..in autosuggestion_all FILE
2021-11-15 11:05:24 INFO     getcols table in testing db is not connnected successfully in autosuggestion_all file
2021-11-16 04:05:18 INFO     Welcome To Intelligent Library Managment System
2021-11-16 04:05:18 INFO     autosuggestion_all file calling here
2021-11-16 04:05:18 WARNING  check db connection
2021-11-16 04:05:18 WARNING  chck db available
2021-11-16 04:05:18 WARNING  check table available
2021-11-16 04:05:18 WARNING  check server is on
2021-11-16 04:05:18 WARNING  if error occured then remove try catch block
2021-11-16 04:05:18 DEBUG    drdo database establishing in autosuggestion_all file
2021-11-16 04:05:18 DEBUG    testing database connection establishing..in autosuggestion_all FILE
2021-11-16 04:05:18 DEBUG    new_auth_plugin: mysql_native_password
2021-11-16 04:05:18 INFO     getcols table in testing db is connnected successfully in autosuggestion_all file
2021-11-17 04:05:18 INFO     Welcome To Intelligent Library Managment System
2021-11-17 04:05:18 INFO     autosuggestion_all file calling here
2021-11-17 04:05:18 WARNING  check db connection
2021-11-17 04:05:18 WARNING  chck db available
2021-11-17 04:05:18 WARNING  check table available
2021-11-17 04:05:18 WARNING  check server is on
2021-11-17 04:05:18 WARNING  if error occured then remove try catch block
2021-11-17 04:05:18 DEBUG    drdo database establishing in autosuggestion_all file
2021-11-17 04:05:18 DEBUG    testing database connection establishing..in autosuggestion_all FILE
2021-11-17 04:05:18 DEBUG    new_auth_plugin: mysql_native_password
2021-11-17 04:05:18 INFO     getcols table in testing db is connnected successfully in autosuggestion_all file
2021-11-18 04:05:18 INFO     Welcome To Intelligent Library Managment System
2021-11-18 04:05:18 INFO     autosuggestion_all file calling here
2021-11-18 04:05:18 WARNING  check db connection
2021-11-18 04:05:18 WARNING  chck db available
2021-11-18 04:05:18 WARNING  check table available
2021-11-18 04:05:18 WARNING  check server is on
2021-11-18 04:05:18 WARNING  if error occured then remove try catch block
2021-11-18 04:05:18 DEBUG    drdo database establishing in autosuggestion_all file
2021-11-18 04:05:18 DEBUG    testing database connection establishing..in autosuggestion_all FILE
2021-11-18 04:05:18 DEBUG    new_auth_plugin: mysql_native_password
2021-11-18 04:05:18 INFO     getcols table in testing db is connnected successfully in autosuggestion_all file
2021-11-22 12:09:52 INFO     Welcome To Intelligent Library Managment System
2021-11-22 12:09:52 INFO     autosuggestion_all file calling here
2021-11-22 12:09:52 WARNING  check db connection
2021-11-22 12:09:52 WARNING  chck db available
2021-11-22 12:09:52 WARNING  check table available
2021-11-22 12:09:52 WARNING  check server is on
2021-11-22 12:09:52 WARNING  if error occured then remove try catch block
2021-11-22 12:09:52 DEBUG    drdo database establishing in autosuggestion_all file
2021-11-22 12:09:52 DEBUG    testing database connection establishing..in autosuggestion_all FILE
2021-11-22 12:09:52 DEBUG    new_auth_plugin: mysql_native_password
2021-11-22 12:09:52 INFO     getcols table in testing db is connnected successfully in autosuggestion_all file
2021-11-23 04:05:18 INFO     Welcome To Intelligent Library Managment System
2021-11-23 04:05:18 INFO     autosuggestion_all file calling here
2021-11-23 04:05:18 WARNING  check db connection
2021-11-23 04:05:18 WARNING  chck db available
2021-11-23 04:05:18 WARNING  check table available
2021-11-23 04:05:18 WARNING  check server is on
2021-11-23 04:05:18 WARNING  if error occured then remove try catch block
2021-11-23 04:05:18 DEBUG    drdo database establishing in autosuggestion_all file
2021-11-23 04:05:18 DEBUG    testing database connection establishing..in autosuggestion_all FILE
2021-11-23 04:05:18 DEBUG    new_auth_plugin: mysql_native_password
2021-11-23 04:05:18 INFO     getcols table in testing db is connnected successfully in autosuggestion_all file
2021-11-24 04:05:19 INFO     Welcome To Intelligent Library Managment System
2021-11-24 04:05:19 INFO     autosuggestion_all file calling here
2021-11-24 04:05:19 WARNING  check db connection
2021-11-24 04:05:19 WARNING  chck db available
2021-11-24 04:05:19 WARNING  check table available
2021-11-24 04:05:19 WARNING  check server is on
2021-11-24 04:05:19 WARNING  if error occured then remove try catch block
2021-11-24 04:05:19 DEBUG    drdo database establishing in autosuggestion_all file
2021-11-24 04:05:19 DEBUG    testing database connection establishing..in autosuggestion_all FILE
2021-11-24 04:05:19 DEBUG    new_auth_plugin: mysql_native_password
2021-11-24 04:05:19 INFO     getcols table in testing db is connnected successfully in autosuggestion_all file
2021-11-24 11:52:24 INFO     Welcome To Intelligent Library Managment System
2021-11-24 11:52:24 INFO     autosuggestion_all file calling here
2021-11-24 11:52:24 WARNING  check db connection
2021-11-24 11:52:24 WARNING  chck db available
2021-11-24 11:52:24 WARNING  check table available
2021-11-24 11:52:24 WARNING  check server is on
2021-11-24 11:52:24 WARNING  if error occured then remove try catch block
2021-11-24 11:52:24 DEBUG    drdo database establishing in autosuggestion_all file
2021-11-24 11:52:24 DEBUG    testing database connection establishing..in autosuggestion_all FILE
2021-11-24 11:52:24 DEBUG    new_auth_plugin: mysql_native_password
2021-11-24 11:52:24 INFO     getcols table in testing db is connnected successfully in autosuggestion_all file
2021-11-24 11:56:02 INFO     Welcome To Intelligent Library Managment System
2021-11-24 11:56:02 INFO     autosuggestion_all file calling here
2021-11-24 11:56:02 WARNING  check db connection
2021-11-24 11:56:02 WARNING  chck db available
2021-11-24 11:56:02 WARNING  check table available
2021-11-24 11:56:02 WARNING  check server is on
2021-11-24 11:56:02 WARNING  if error occured then remove try catch block
2021-11-24 11:56:02 DEBUG    drdo database establishing in autosuggestion_all file
2021-11-24 11:56:02 DEBUG    testing database connection establishing..in autosuggestion_all FILE
2021-11-24 11:56:02 DEBUG    new_auth_plugin: mysql_native_password
2021-11-24 11:56:02 INFO     getcols table in testing db is connnected successfully in autosuggestion_all file
