2021-08-17 12:43:30 INFO     Welcome To Intelligent Library Managment System
2021-08-17 12:43:30 INFO     getcols_dspace file calling here
2021-08-17 12:43:30 WARNING  check db connection
2021-08-17 12:43:30 WARNING  chck db available
2021-08-17 12:43:30 WARNING  check table available
2021-08-17 12:43:30 WARNING  check server is on
2021-08-17 12:43:30 WARNING  if error occured then remove try catch block
2021-08-17 12:43:30 DEBUG    drdo database establishing in getcols_dspace file
2021-08-17 12:43:30 DEBUG    getcols_janes database connection establishing..in getcols_dspace FILE
2021-08-17 12:51:47 INFO     Welcome To Intelligent Library Managment System
2021-08-17 12:51:47 INFO     getcols_dspace file calling here
2021-08-17 12:51:47 WARNING  check db connection
2021-08-17 12:51:47 WARNING  chck db available
2021-08-17 12:51:47 WARNING  check table available
2021-08-17 12:51:47 WARNING  check server is on
2021-08-17 12:51:47 WARNING  if error occured then remove try catch block
2021-08-17 12:51:47 DEBUG    drdo database establishing in getcols_dspace file
2021-08-17 12:51:47 DEBUG    getcols_janes database connection establishing..in getcols_dspace FILE
2021-08-17 12:52:17 INFO     Welcome To Intelligent Library Managment System
2021-08-17 12:52:17 INFO     getcols_dspace file calling here
2021-08-17 12:52:17 WARNING  check db connection
2021-08-17 12:52:17 WARNING  chck db available
2021-08-17 12:52:17 WARNING  check table available
2021-08-17 12:52:17 WARNING  check server is on
2021-08-17 12:52:17 WARNING  if error occured then remove try catch block
2021-08-17 12:52:17 DEBUG    drdo database establishing in getcols_dspace file
2021-08-17 12:52:17 DEBUG    getcols_janes database connection establishing..in getcols_dspace FILE
2021-08-17 12:59:20 INFO     Welcome To Intelligent Library Managment System
2021-08-17 12:59:20 INFO     getcols_dspace file calling here
2021-08-17 12:59:20 WARNING  check db connection
2021-08-17 12:59:20 WARNING  chck db available
2021-08-17 12:59:20 WARNING  check table available
2021-08-17 12:59:20 WARNING  check server is on
2021-08-17 12:59:20 WARNING  if error occured then remove try catch block
2021-08-17 12:59:20 DEBUG    drdo database establishing in getcols_dspace file
2021-08-17 12:59:20 DEBUG    getcols_janes database connection establishing..in getcols_dspace FILE
2021-08-17 14:14:41 INFO     Welcome To Intelligent Library Managment System
2021-08-17 14:14:41 INFO     getcols_dspace file calling here
2021-08-17 14:14:41 WARNING  check db connection
2021-08-17 14:14:41 WARNING  chck db available
2021-08-17 14:14:41 WARNING  check table available
2021-08-17 14:14:41 WARNING  check server is on
2021-08-17 14:14:41 WARNING  if error occured then remove try catch block
2021-08-17 14:14:41 DEBUG    drdo database establishing in getcols_dspace file
2021-08-17 14:14:41 DEBUG    getcols_janes database connection establishing..in getcols_dspace FILE
2021-08-17 14:36:47 INFO     Welcome To Intelligent Library Managment System
2021-08-17 14:36:47 INFO     getcols_dspace file calling here
2021-08-17 14:36:47 WARNING  check db connection
2021-08-17 14:36:47 WARNING  chck db available
2021-08-17 14:36:47 WARNING  check table available
2021-08-17 14:36:47 WARNING  check server is on
2021-08-17 14:36:47 WARNING  if error occured then remove try catch block
2021-08-17 14:36:47 DEBUG    drdo database establishing in getcols_dspace file
2021-08-17 14:36:47 DEBUG    getcols_janes database connection establishing..in getcols_dspace FILE
