2021-07-05 14:58:33 INFO     Welcome To Intelligent Library Managment System
2021-07-05 14:58:33 INFO     armablog_scrap_title file calling here
2021-07-05 14:58:33 WARNING  check db connection
2021-07-05 14:58:33 WARNING  chck db available
2021-07-05 14:58:33 WARNING  check table available
2021-07-05 14:58:33 WARNING  check server is on
2021-07-05 14:58:33 WARNING  if error occured then remove try catch block
2021-07-05 14:58:33 DEBUG    drdo database establishing in armablog_scrap_title file
2021-07-05 14:58:33 DEBUG    libsys database connection establishing..in armablog_scrap_title FILE
2021-07-05 14:58:33 DEBUG    new_auth_plugin: mysql_native_password
2021-08-09 11:49:28 INFO     Welcome To Intelligent Library Managment System
2021-08-09 11:49:28 INFO     armablog_scrap_title file calling here
2021-08-09 11:49:28 WARNING  check db connection
2021-08-09 11:49:28 WARNING  chck db available
2021-08-09 11:49:28 WARNING  check table available
2021-08-09 11:49:28 WARNING  check server is on
2021-08-09 11:49:28 WARNING  if error occured then remove try catch block
2021-08-09 11:49:28 DEBUG    drdo database establishing in armablog_scrap_title file
2021-08-09 11:49:28 DEBUG    libsys database connection establishing..in armablog_scrap_title FILE
2021-08-09 11:49:28 DEBUG    new_auth_plugin: mysql_native_password
2021-08-17 15:36:22 INFO     Welcome To Intelligent Library Managment System
2021-08-17 15:36:22 INFO     armablog_scrap_title file calling here
2021-08-17 15:36:22 WARNING  check db connection
2021-08-17 15:36:22 WARNING  chck db available
2021-08-17 15:36:22 WARNING  check table available
2021-08-17 15:36:22 WARNING  check server is on
2021-08-17 15:36:22 WARNING  if error occured then remove try catch block
2021-08-17 15:36:22 DEBUG    drdo database establishing in armablog_scrap_title file
2021-08-17 15:36:22 DEBUG    armablog database connection establishing..in armablog_scrap_title FILE
2021-08-17 15:36:22 DEBUG    new_auth_plugin: mysql_native_password
2021-08-17 15:36:22 DEBUG    new_auth_plugin: mysql_native_password
2021-08-17 15:36:22 INFO     testing armablog db connected successfully in ARMA_SCRAP_FILEPATH file
