2021-06-10 15:42:18 INFO     Welcome To Intelligent Library Managment System
2021-06-10 15:42:18 INFO     autosuggestion_all file calling here
2021-06-10 15:42:18 WARNING  check db connection
2021-06-10 15:42:18 WARNING  chck db available
2021-06-10 15:42:18 WARNING  check table available
2021-06-10 15:42:18 WARNING  check server is on
2021-06-10 15:42:18 WARNING  if error occured then remove try catch block
2021-06-10 15:42:18 DEBUG    drdo database establishing in autosuggestion_all file
2021-06-10 15:42:18 DEBUG    testing database connection establishing..in autosuggestion_all FILE
2021-06-10 15:42:18 INFO     getcols table in testing db is connnected successfully in autosuggestion_all file
2021-06-10 16:07:46 INFO     Welcome To Intelligent Library Managment System
2021-06-10 16:07:46 INFO     autosuggestion_all file calling here
2021-06-10 16:07:46 WARNING  check db connection
2021-06-10 16:07:46 WARNING  chck db available
2021-06-10 16:07:46 WARNING  check table available
2021-06-10 16:07:46 WARNING  check server is on
2021-06-10 16:07:46 WARNING  if error occured then remove try catch block
2021-06-10 16:07:46 DEBUG    drdo database establishing in autosuggestion_all file
2021-06-10 16:07:46 DEBUG    testing database connection establishing..in autosuggestion_all FILE
2021-06-10 16:07:46 INFO     getcols table in testing db is connnected successfully in autosuggestion_all file
2021-06-10 16:20:09 INFO     Welcome To Intelligent Library Managment System
2021-06-10 16:20:09 INFO     autosuggestion_all file calling here
2021-06-10 16:20:09 WARNING  check db connection
2021-06-10 16:20:09 WARNING  chck db available
2021-06-10 16:20:09 WARNING  check table available
2021-06-10 16:20:09 WARNING  check server is on
2021-06-10 16:20:09 WARNING  if error occured then remove try catch block
2021-06-10 16:20:09 DEBUG    drdo database establishing in autosuggestion_all file
2021-06-10 16:20:09 DEBUG    testing database connection establishing..in autosuggestion_all FILE
2021-06-10 16:20:09 INFO     getcols table in testing db is connnected successfully in autosuggestion_all file
