2021-06-08 19:06:19 INFO     Welcome To Intelligent Library Managment System
2021-06-08 19:06:19 INFO     getcols file calling here
2021-06-08 19:06:19 WARNING  check db connection
2021-06-08 19:06:19 WARNING  chck db available
2021-06-08 19:06:19 WARNING  check table available
2021-06-08 19:06:19 WARNING  check server is on
2021-06-08 19:06:19 WARNING  if error occured then remove try catch block
2021-06-08 19:06:19 DEBUG    drdo database establishing in getcols file
2021-06-08 19:06:19 DEBUG    getcols database connection establishing..in getcols FILE
2021-06-08 19:07:42 INFO     Welcome To Intelligent Library Managment System
2021-06-08 19:07:42 INFO     getcols file calling here
2021-06-08 19:07:42 WARNING  check db connection
2021-06-08 19:07:42 WARNING  chck db available
2021-06-08 19:07:42 WARNING  check table available
2021-06-08 19:07:42 WARNING  check server is on
2021-06-08 19:07:42 WARNING  if error occured then remove try catch block
2021-06-08 19:07:42 DEBUG    drdo database establishing in getcols file
2021-06-08 19:07:42 DEBUG    getcols database connection establishing..in getcols FILE
2021-06-08 19:07:42 INFO     getcols table in testing db is connnected successfully in getcols file
2021-06-08 19:22:19 INFO     Welcome To Intelligent Library Managment System
2021-06-08 19:22:19 INFO     getcols file calling here
2021-06-08 19:22:19 WARNING  check db connection
2021-06-08 19:22:19 WARNING  chck db available
2021-06-08 19:22:19 WARNING  check table available
2021-06-08 19:22:19 WARNING  check server is on
2021-06-08 19:22:19 WARNING  if error occured then remove try catch block
2021-06-08 19:22:19 DEBUG    drdo database establishing in getcols file
2021-06-08 19:22:19 DEBUG    getcols database connection establishing..in getcols FILE
2021-06-08 19:22:19 INFO     getcols table in testing db is connnected successfully in getcols file
2021-06-08 19:39:14 INFO     Welcome To Intelligent Library Managment System
2021-06-08 19:39:14 INFO     getcols file calling here
2021-06-08 19:39:14 WARNING  check db connection
2021-06-08 19:39:14 WARNING  chck db available
2021-06-08 19:39:14 WARNING  check table available
2021-06-08 19:39:14 WARNING  check server is on
2021-06-08 19:39:14 WARNING  if error occured then remove try catch block
2021-06-08 19:39:14 DEBUG    drdo database establishing in getcols file
2021-06-08 19:39:14 DEBUG    getcols database connection establishing..in getcols FILE
2021-06-08 19:39:14 INFO     getcols table in testing db is connnected successfully in getcols file
2021-06-08 19:39:46 INFO     Welcome To Intelligent Library Managment System
2021-06-08 19:39:46 INFO     getcols file calling here
2021-06-08 19:39:46 WARNING  check db connection
2021-06-08 19:39:46 WARNING  chck db available
2021-06-08 19:39:46 WARNING  check table available
2021-06-08 19:39:46 WARNING  check server is on
2021-06-08 19:39:46 WARNING  if error occured then remove try catch block
2021-06-08 19:39:46 DEBUG    drdo database establishing in getcols file
2021-06-08 19:39:46 DEBUG    getcols database connection establishing..in getcols FILE
2021-06-08 19:39:46 INFO     getcols table in testing db is connnected successfully in getcols file
2021-06-08 19:40:35 INFO     Welcome To Intelligent Library Managment System
2021-06-08 19:40:35 INFO     getcols file calling here
2021-06-08 19:40:35 WARNING  check db connection
2021-06-08 19:40:35 WARNING  chck db available
2021-06-08 19:40:35 WARNING  check table available
2021-06-08 19:40:35 WARNING  check server is on
2021-06-08 19:40:35 WARNING  if error occured then remove try catch block
2021-06-08 19:40:35 DEBUG    drdo database establishing in getcols file
2021-06-08 19:40:35 DEBUG    getcols database connection establishing..in getcols FILE
2021-06-08 19:40:35 INFO     getcols table in testing db is connnected successfully in getcols file
2021-06-08 19:42:06 INFO     Welcome To Intelligent Library Managment System
2021-06-08 19:42:06 INFO     getcols file calling here
2021-06-08 19:42:06 WARNING  check db connection
2021-06-08 19:42:06 WARNING  chck db available
2021-06-08 19:42:06 WARNING  check table available
2021-06-08 19:42:06 WARNING  check server is on
2021-06-08 19:42:06 WARNING  if error occured then remove try catch block
2021-06-08 19:42:06 DEBUG    drdo database establishing in getcols file
2021-06-08 19:42:06 DEBUG    getcols database connection establishing..in getcols FILE
2021-06-08 19:42:07 INFO     getcols table in testing db is connnected successfully in getcols file
2021-06-08 19:53:33 INFO     Welcome To Intelligent Library Managment System
2021-06-08 19:53:33 INFO     getcols file calling here
2021-06-08 19:53:33 WARNING  check db connection
2021-06-08 19:53:33 WARNING  chck db available
2021-06-08 19:53:33 WARNING  check table available
2021-06-08 19:53:33 WARNING  check server is on
2021-06-08 19:53:33 WARNING  if error occured then remove try catch block
2021-06-08 19:53:33 DEBUG    drdo database establishing in getcols file
2021-06-08 19:53:33 DEBUG    getcols database connection establishing..in getcols FILE
2021-06-08 19:53:33 INFO     getcols table in testing db is connnected successfully in getcols file
2021-06-08 19:55:57 INFO     Welcome To Intelligent Library Managment System
2021-06-08 19:55:57 INFO     getcols file calling here
2021-06-08 19:55:57 WARNING  check db connection
2021-06-08 19:55:57 WARNING  chck db available
2021-06-08 19:55:57 WARNING  check table available
2021-06-08 19:55:57 WARNING  check server is on
2021-06-08 19:55:57 WARNING  if error occured then remove try catch block
2021-06-08 19:55:57 DEBUG    drdo database establishing in getcols file
2021-06-08 19:55:57 DEBUG    getcols database connection establishing..in getcols FILE
2021-06-08 19:55:58 INFO     getcols table in testing db is connnected successfully in getcols file
2021-06-08 20:24:01 INFO     Welcome To Intelligent Library Managment System
2021-06-08 20:24:01 INFO     getcols file calling here
2021-06-08 20:24:01 WARNING  check db connection
2021-06-08 20:24:01 WARNING  chck db available
2021-06-08 20:24:01 WARNING  check table available
2021-06-08 20:24:01 WARNING  check server is on
2021-06-08 20:24:01 WARNING  if error occured then remove try catch block
2021-06-08 20:24:01 DEBUG    drdo database establishing in getcols file
2021-06-08 20:24:01 DEBUG    getcols database connection establishing..in getcols FILE
2021-06-08 20:24:01 INFO     getcols table in testing db is connnected successfully in getcols file
2021-06-08 20:26:42 INFO     Welcome To Intelligent Library Managment System
2021-06-08 20:26:42 INFO     getcols file calling here
2021-06-08 20:26:42 WARNING  check db connection
2021-06-08 20:26:42 WARNING  chck db available
2021-06-08 20:26:42 WARNING  check table available
2021-06-08 20:26:42 WARNING  check server is on
2021-06-08 20:26:42 WARNING  if error occured then remove try catch block
2021-06-08 20:26:42 DEBUG    drdo database establishing in getcols file
2021-06-08 20:26:42 DEBUG    getcols database connection establishing..in getcols FILE
2021-06-08 20:26:42 INFO     getcols table in testing db is connnected successfully in getcols file
2021-06-09 10:42:45 INFO     Welcome To Intelligent Library Managment System
2021-06-09 10:42:45 INFO     getcols file calling here
2021-06-09 10:42:45 WARNING  check db connection
2021-06-09 10:42:45 WARNING  chck db available
2021-06-09 10:42:45 WARNING  check table available
2021-06-09 10:42:45 WARNING  check server is on
2021-06-09 10:42:45 WARNING  if error occured then remove try catch block
2021-06-09 10:42:45 DEBUG    drdo database establishing in getcols file
2021-06-09 10:42:45 DEBUG    getcols database connection establishing..in getcols FILE
2021-06-09 10:42:45 INFO     getcols table in testing db is connnected successfully in getcols file
2021-06-16 12:40:53 INFO     Welcome To Intelligent Library Managment System
2021-06-16 12:40:53 INFO     getcols file calling here
2021-06-16 12:40:53 WARNING  check db connection
2021-06-16 12:40:53 WARNING  chck db available
2021-06-16 12:40:53 WARNING  check table available
2021-06-16 12:40:53 WARNING  check server is on
2021-06-16 12:40:53 WARNING  if error occured then remove try catch block
2021-06-16 12:40:53 DEBUG    drdo database establishing in getcols file
2021-06-16 12:40:53 DEBUG    getcols database connection establishing..in getcols FILE
2021-06-16 12:40:53 INFO     getcols table in testing db is connnected successfully in getcols file
