2021-06-08 13:00:04 INFO     Welcome To Intelligent Library Managment System
2021-06-08 13:00:04 INFO     database connection initializing
2021-06-08 13:00:04 INFO     database connection established
2021-06-08 13:00:06 INFO      * Restarting with stat
2021-06-08 13:00:07 INFO     Welcome To Intelligent Library Managment System
2021-06-08 13:00:07 INFO     database connection initializing
2021-06-08 13:00:07 INFO     database connection established
2021-06-08 13:00:07 WARNING   * Debugger is active!
2021-06-08 13:00:07 INFO      * Debugger PIN: 929-315-481
2021-06-08 13:00:07 INFO      * Running on http://127.0.0.1:5000/ (Press CTRL+C to quit)
2021-06-08 13:11:36 INFO     Welcome To Intelligent Library Managment System
2021-06-08 13:11:36 INFO     database connection initializing
2021-06-08 13:11:36 INFO     database connection established
2021-06-08 13:13:02 INFO     Welcome To Intelligent Library Managment System
2021-06-08 13:13:02 INFO     database connection initializing
2021-06-08 13:13:02 INFO     database connection established
2021-06-08 13:13:03 INFO      * Restarting with stat
2021-06-08 13:13:04 INFO     Welcome To Intelligent Library Managment System
2021-06-08 13:13:04 INFO     database connection initializing
2021-06-08 13:13:04 INFO     database connection established
2021-06-08 13:13:06 WARNING   * Debugger is active!
2021-06-08 13:13:06 INFO      * Debugger PIN: 929-315-481
2021-06-08 13:13:06 INFO      * Running on http://127.0.0.1:5000/ (Press CTRL+C to quit)
2021-06-08 13:13:53 INFO     Welcome To Intelligent Library Managment System
2021-06-08 13:13:53 INFO     database connection initializing
2021-06-08 13:13:53 INFO     database connection established
2021-06-08 13:13:55 INFO      * Restarting with stat
2021-06-08 13:13:55 INFO     Welcome To Intelligent Library Managment System
2021-06-08 13:13:55 INFO     database connection initializing
2021-06-08 13:13:55 INFO     database connection established
2021-06-08 13:13:57 WARNING   * Debugger is active!
2021-06-08 13:13:57 INFO      * Debugger PIN: 929-315-481
2021-06-08 13:13:57 INFO      * Running on http://127.0.0.1:5000/ (Press CTRL+C to quit)
2021-06-11 12:12:54 INFO     Welcome To Intelligent Library Managment System
2021-06-11 12:12:54 INFO     database connection initializing
2021-06-11 12:30:28 INFO     Welcome To Intelligent Library Managment System
2021-06-11 12:30:28 INFO     database connection initializing
2021-06-11 12:31:03 INFO     Welcome To Intelligent Library Managment System
2021-06-11 12:31:03 INFO     database connection initializing
2021-06-11 12:32:03 INFO     Welcome To Intelligent Library Managment System
2021-06-11 12:32:03 INFO     database connection initializing
