2021-07-02 09:38:34 INFO     Welcome To Intelligent Library Managment System
2021-07-02 09:38:34 INFO     parent_nptel file calling here
2021-07-02 09:38:34 WARNING  check db connection
2021-07-02 09:38:34 WARNING  chck db available
2021-07-02 09:38:34 WARNING  check table available
2021-07-02 09:38:34 WARNING  check server is on
2021-07-02 09:38:34 WARNING  if error occured then remove try catch block
2021-07-02 09:38:34 DEBUG    drdo database establishing in parent_nptel file
2021-07-02 09:38:34 DEBUG    parent database connection establishing..in parent_nptel FILE
2021-07-02 09:38:55 INFO     Welcome To Intelligent Library Managment System
2021-07-02 09:38:55 INFO     parent_nptel file calling here
2021-07-02 09:38:55 WARNING  check db connection
2021-07-02 09:38:55 WARNING  chck db available
2021-07-02 09:38:55 WARNING  check table available
2021-07-02 09:38:55 WARNING  check server is on
2021-07-02 09:38:55 WARNING  if error occured then remove try catch block
2021-07-02 09:38:55 DEBUG    drdo database establishing in parent_nptel file
2021-07-02 09:38:55 DEBUG    parent database connection establishing..in parent_nptel FILE
2021-07-02 09:39:16 INFO     Welcome To Intelligent Library Managment System
2021-07-02 09:39:16 INFO     parent_nptel file calling here
2021-07-02 09:39:16 WARNING  check db connection
2021-07-02 09:39:16 WARNING  chck db available
2021-07-02 09:39:16 WARNING  check table available
2021-07-02 09:39:16 WARNING  check server is on
2021-07-02 09:39:16 WARNING  if error occured then remove try catch block
2021-07-02 09:39:16 DEBUG    drdo database establishing in parent_nptel file
2021-07-02 09:39:16 DEBUG    parent database connection establishing..in parent_nptel FILE
2021-07-02 09:39:37 INFO     Welcome To Intelligent Library Managment System
2021-07-02 09:39:37 INFO     parent_nptel file calling here
2021-07-02 09:39:37 WARNING  check db connection
2021-07-02 09:39:37 WARNING  chck db available
2021-07-02 09:39:37 WARNING  check table available
2021-07-02 09:39:37 WARNING  check server is on
2021-07-02 09:39:37 WARNING  if error occured then remove try catch block
2021-07-02 09:39:37 DEBUG    drdo database establishing in parent_nptel file
2021-07-02 09:39:37 DEBUG    parent database connection establishing..in parent_nptel FILE
2021-07-02 09:46:20 INFO     Welcome To Intelligent Library Managment System
2021-07-02 09:46:20 INFO     parent_nptel file calling here
2021-07-02 09:46:20 WARNING  check db connection
2021-07-02 09:46:20 WARNING  chck db available
2021-07-02 09:46:20 WARNING  check table available
2021-07-02 09:46:20 WARNING  check server is on
2021-07-02 09:46:20 WARNING  if error occured then remove try catch block
2021-07-02 09:46:20 DEBUG    drdo database establishing in parent_nptel file
2021-07-02 09:46:20 DEBUG    parent database connection establishing..in parent_nptel FILE
2021-07-02 10:08:05 INFO     Welcome To Intelligent Library Managment System
2021-07-02 10:08:05 INFO     parent_nptel file calling here
2021-07-02 10:08:05 WARNING  check db connection
2021-07-02 10:08:05 WARNING  chck db available
2021-07-02 10:08:05 WARNING  check table available
2021-07-02 10:08:05 WARNING  check server is on
2021-07-02 10:08:05 WARNING  if error occured then remove try catch block
2021-07-02 10:08:05 DEBUG    drdo database establishing in parent_nptel file
2021-07-02 10:08:05 DEBUG    parent database connection establishing..in parent_nptel FILE
2021-07-02 10:31:22 INFO     Welcome To Intelligent Library Managment System
2021-07-02 10:31:22 INFO     parent_nptel file calling here
2021-07-02 10:31:22 WARNING  check db connection
2021-07-02 10:31:22 WARNING  chck db available
2021-07-02 10:31:22 WARNING  check table available
2021-07-02 10:31:22 WARNING  check server is on
2021-07-02 10:31:22 WARNING  if error occured then remove try catch block
2021-07-02 10:31:22 DEBUG    drdo database establishing in parent_nptel file
2021-07-02 10:31:22 DEBUG    parent database connection establishing..in parent_nptel FILE
2021-07-02 10:34:47 INFO     Welcome To Intelligent Library Managment System
2021-07-02 10:34:47 INFO     parent_nptel file calling here
2021-07-02 10:34:47 WARNING  check db connection
2021-07-02 10:34:47 WARNING  chck db available
2021-07-02 10:34:47 WARNING  check table available
2021-07-02 10:34:47 WARNING  check server is on
2021-07-02 10:34:47 WARNING  if error occured then remove try catch block
2021-07-02 10:34:47 DEBUG    drdo database establishing in parent_nptel file
2021-07-02 10:34:47 DEBUG    parent database connection establishing..in parent_nptel FILE
2021-07-02 10:47:55 INFO     Welcome To Intelligent Library Managment System
2021-07-02 10:47:55 INFO     parent_nptel file calling here
2021-07-02 10:47:55 WARNING  check db connection
2021-07-02 10:47:55 WARNING  chck db available
2021-07-02 10:47:55 WARNING  check table available
2021-07-02 10:47:55 WARNING  check server is on
2021-07-02 10:47:55 WARNING  if error occured then remove try catch block
2021-07-02 10:47:55 DEBUG    drdo database establishing in parent_nptel file
2021-07-02 10:47:55 DEBUG    parent database connection establishing..in parent_nptel FILE
2021-07-02 10:52:03 INFO     Welcome To Intelligent Library Managment System
2021-07-02 10:52:03 INFO     parent_nptel file calling here
2021-07-02 10:52:03 WARNING  check db connection
2021-07-02 10:52:03 WARNING  chck db available
2021-07-02 10:52:03 WARNING  check table available
2021-07-02 10:52:03 WARNING  check server is on
2021-07-02 10:52:03 WARNING  if error occured then remove try catch block
2021-07-02 10:52:03 DEBUG    drdo database establishing in parent_nptel file
2021-07-02 10:52:03 DEBUG    parent database connection establishing..in parent_nptel FILE
