2021-08-09 11:54:36 INFO     Welcome To Intelligent Library Managment System
2021-08-09 11:54:36 INFO     armablog_scrap_title file calling here
2021-08-09 11:54:36 WARNING  check db connection
2021-08-09 11:54:36 WARNING  chck db available
2021-08-09 11:54:36 WARNING  check table available
2021-08-09 11:54:36 WARNING  check server is on
2021-08-09 11:54:36 WARNING  if error occured then remove try catch block
2021-08-09 11:54:36 DEBUG    drdo database establishing in armablog_scrap_title file
2021-08-09 11:54:36 DEBUG    libsys database connection establishing..in armablog_scrap_title FILE
2021-08-09 11:54:36 DEBUG    new_auth_plugin: mysql_native_password
2021-08-09 12:10:02 INFO     Welcome To Intelligent Library Managment System
2021-08-09 12:10:02 INFO     armablog_scrap_title file calling here
2021-08-09 12:10:02 WARNING  check db connection
2021-08-09 12:10:02 WARNING  chck db available
2021-08-09 12:10:02 WARNING  check table available
2021-08-09 12:10:02 WARNING  check server is on
2021-08-09 12:10:02 WARNING  if error occured then remove try catch block
2021-08-09 12:10:02 DEBUG    drdo database establishing in armablog_scrap_title file
2021-08-09 12:10:02 DEBUG    libsys database connection establishing..in armablog_scrap_title FILE
2021-08-09 12:10:02 DEBUG    new_auth_plugin: mysql_native_password
2021-08-09 12:15:08 INFO     Welcome To Intelligent Library Managment System
2021-08-09 12:15:08 INFO     armablog_scrap_title file calling here
2021-08-09 12:15:08 WARNING  check db connection
2021-08-09 12:15:08 WARNING  chck db available
2021-08-09 12:15:08 WARNING  check table available
2021-08-09 12:15:08 WARNING  check server is on
2021-08-09 12:15:08 WARNING  if error occured then remove try catch block
2021-08-09 12:15:08 DEBUG    drdo database establishing in armablog_scrap_title file
2021-08-09 12:15:08 DEBUG    libsys database connection establishing..in armablog_scrap_title FILE
2021-08-09 12:15:08 DEBUG    new_auth_plugin: mysql_native_password
2021-08-09 12:16:15 INFO     Welcome To Intelligent Library Managment System
2021-08-09 12:16:15 INFO     armablog_scrap_title file calling here
2021-08-09 12:16:15 WARNING  check db connection
2021-08-09 12:16:15 WARNING  chck db available
2021-08-09 12:16:15 WARNING  check table available
2021-08-09 12:16:15 WARNING  check server is on
2021-08-09 12:16:15 WARNING  if error occured then remove try catch block
2021-08-09 12:16:15 DEBUG    drdo database establishing in armablog_scrap_title file
2021-08-09 12:16:15 DEBUG    libsys database connection establishing..in armablog_scrap_title FILE
2021-08-09 12:16:15 DEBUG    new_auth_plugin: mysql_native_password
2021-08-09 12:17:03 INFO     Welcome To Intelligent Library Managment System
2021-08-09 12:17:03 INFO     armablog_scrap_title file calling here
2021-08-09 12:17:03 WARNING  check db connection
2021-08-09 12:17:03 WARNING  chck db available
2021-08-09 12:17:03 WARNING  check table available
2021-08-09 12:17:03 WARNING  check server is on
2021-08-09 12:17:03 WARNING  if error occured then remove try catch block
2021-08-09 12:17:03 DEBUG    drdo database establishing in armablog_scrap_title file
2021-08-09 12:17:03 DEBUG    libsys database connection establishing..in armablog_scrap_title FILE
2021-08-09 12:17:11 INFO     Welcome To Intelligent Library Managment System
2021-08-09 12:17:11 INFO     armablog_scrap_title file calling here
2021-08-09 12:17:11 WARNING  check db connection
2021-08-09 12:17:11 WARNING  chck db available
2021-08-09 12:17:11 WARNING  check table available
2021-08-09 12:17:11 WARNING  check server is on
2021-08-09 12:17:11 WARNING  if error occured then remove try catch block
2021-08-09 12:17:11 DEBUG    drdo database establishing in armablog_scrap_title file
2021-08-09 12:17:11 DEBUG    libsys database connection establishing..in armablog_scrap_title FILE
2021-08-09 12:17:25 INFO     Welcome To Intelligent Library Managment System
2021-08-09 12:17:25 INFO     armablog_scrap_title file calling here
2021-08-09 12:17:25 WARNING  check db connection
2021-08-09 12:17:25 WARNING  chck db available
2021-08-09 12:17:25 WARNING  check table available
2021-08-09 12:17:25 WARNING  check server is on
2021-08-09 12:17:25 WARNING  if error occured then remove try catch block
2021-08-09 12:17:25 DEBUG    drdo database establishing in armablog_scrap_title file
2021-08-09 12:17:25 DEBUG    libsys database connection establishing..in armablog_scrap_title FILE
2021-08-09 12:17:25 DEBUG    new_auth_plugin: mysql_native_password
2021-08-09 12:21:23 INFO     Welcome To Intelligent Library Managment System
2021-08-09 12:21:23 INFO     armablog_scrap_title file calling here
2021-08-09 12:21:23 WARNING  check db connection
2021-08-09 12:21:23 WARNING  chck db available
2021-08-09 12:21:23 WARNING  check table available
2021-08-09 12:21:23 WARNING  check server is on
2021-08-09 12:21:23 WARNING  if error occured then remove try catch block
2021-08-09 12:21:23 DEBUG    drdo database establishing in armablog_scrap_title file
2021-08-09 12:21:23 DEBUG    libsys database connection establishing..in armablog_scrap_title FILE
2021-08-09 12:21:23 DEBUG    new_auth_plugin: mysql_native_password
2021-08-09 12:21:24 DEBUG    libsys database connection closed successfully..in armablog_scrap_title FILE
2021-08-09 12:21:24 WARNING  armablog_scrap_title file work is completed
2021-08-09 12:22:47 INFO     Welcome To Intelligent Library Managment System
2021-08-09 12:22:47 INFO     armablog_scrap_title file calling here
2021-08-09 12:22:47 WARNING  check db connection
2021-08-09 12:22:47 WARNING  chck db available
2021-08-09 12:22:47 WARNING  check table available
2021-08-09 12:22:47 WARNING  check server is on
2021-08-09 12:22:47 WARNING  if error occured then remove try catch block
2021-08-09 12:22:47 DEBUG    drdo database establishing in armablog_scrap_title file
2021-08-09 12:22:47 DEBUG    libsys database connection establishing..in armablog_scrap_title FILE
2021-08-09 12:22:47 DEBUG    new_auth_plugin: mysql_native_password
2021-08-09 12:22:47 DEBUG    libsys database connection closed successfully..in armablog_scrap_title FILE
2021-08-09 12:22:47 WARNING  armablog_scrap_title file work is completed
2021-08-09 12:24:24 INFO     Welcome To Intelligent Library Managment System
2021-08-09 12:24:24 INFO     armablog_scrap_title file calling here
2021-08-09 12:24:24 WARNING  check db connection
2021-08-09 12:24:24 WARNING  chck db available
2021-08-09 12:24:24 WARNING  check table available
2021-08-09 12:24:24 WARNING  check server is on
2021-08-09 12:24:24 WARNING  if error occured then remove try catch block
2021-08-09 12:24:24 DEBUG    drdo database establishing in armablog_scrap_title file
2021-08-09 12:24:24 DEBUG    libsys database connection establishing..in armablog_scrap_title FILE
2021-08-09 12:24:24 DEBUG    new_auth_plugin: mysql_native_password
2021-08-09 12:24:24 DEBUG    libsys database connection closed successfully..in armablog_scrap_title FILE
2021-08-09 12:24:24 WARNING  armablog_scrap_title file work is completed
2021-08-09 12:29:53 INFO     Welcome To Intelligent Library Managment System
2021-08-09 12:29:53 INFO     armablog_scrap_title file calling here
2021-08-09 12:29:53 WARNING  check db connection
2021-08-09 12:29:53 WARNING  chck db available
2021-08-09 12:29:53 WARNING  check table available
2021-08-09 12:29:53 WARNING  check server is on
2021-08-09 12:29:53 WARNING  if error occured then remove try catch block
2021-08-09 12:29:53 DEBUG    drdo database establishing in armablog_scrap_title file
2021-08-09 12:29:53 DEBUG    libsys database connection establishing..in armablog_scrap_title FILE
2021-08-09 12:29:53 DEBUG    new_auth_plugin: mysql_native_password
2021-08-09 12:29:53 DEBUG    libsys database connection closed successfully..in armablog_scrap_title FILE
2021-08-09 12:29:53 WARNING  armablog_scrap_title file work is completed
2021-08-09 12:57:31 INFO     Welcome To Intelligent Library Managment System
2021-08-09 12:57:31 INFO     armablog_scrap_title file calling here
2021-08-09 12:57:31 WARNING  check db connection
2021-08-09 12:57:31 WARNING  chck db available
2021-08-09 12:57:31 WARNING  check table available
2021-08-09 12:57:31 WARNING  check server is on
2021-08-09 12:57:31 WARNING  if error occured then remove try catch block
2021-08-09 12:57:31 DEBUG    drdo database establishing in armablog_scrap_title file
2021-08-09 12:57:31 DEBUG    libsys database connection establishing..in armablog_scrap_title FILE
2021-08-09 12:57:31 DEBUG    new_auth_plugin: mysql_native_password
2021-08-09 12:57:31 DEBUG    libsys database connection closed successfully..in armablog_scrap_title FILE
2021-08-09 12:57:31 WARNING  armablog_scrap_title file work is completed
