2021-08-17 12:59:41 INFO     Welcome To Intelligent Library Managment System
2021-08-17 12:59:41 INFO     getcols_dspace file calling here
2021-08-17 12:59:41 WARNING  check db connection
2021-08-17 12:59:41 WARNING  chck db available
2021-08-17 12:59:41 WARNING  check table available
2021-08-17 12:59:41 WARNING  check server is on
2021-08-17 12:59:41 WARNING  if error occured then remove try catch block
2021-08-17 12:59:41 DEBUG    drdo database establishing in getcols_dspace file
2021-08-17 12:59:41 DEBUG    getcols_janes database connection establishing..in getcols_dspace FILE
2021-08-17 12:59:41 DEBUG    new_auth_plugin: mysql_native_password
2021-08-17 14:15:04 INFO     Welcome To Intelligent Library Managment System
2021-08-17 14:15:04 INFO     getcols_dspace file calling here
2021-08-17 14:15:04 WARNING  check db connection
2021-08-17 14:15:04 WARNING  chck db available
2021-08-17 14:15:04 WARNING  check table available
2021-08-17 14:15:04 WARNING  check server is on
2021-08-17 14:15:04 WARNING  if error occured then remove try catch block
2021-08-17 14:15:04 DEBUG    drdo database establishing in getcols_dspace file
2021-08-17 14:15:04 DEBUG    getcols_janes database connection establishing..in getcols_dspace FILE
2021-08-17 14:15:04 DEBUG    new_auth_plugin: mysql_native_password
